<?xml version="1.0" encoding="UTF-8"?>
<testsuites tests="6" failures="0" errors="0" skipped="0">
  <testsuite name="Positive Login and Navigation Functionality" timestamp="2024-10-20T13:30:41" time="22.2" tests="6" failures="0" errors="0" skipped="0">
    <properties>
      <property name="specId" value="0"/>
      <property name="suiteName" value="Positive Login and Navigation Functionality"/>
      <property name="capabilities" value="chrome.130_0_6723_59.windows"/>
      <property name="file" value="file:///C:/Users/User/Documents/Informatyka/qa_auto_test/webdriverio_test_project/test/specs/positiveLogintest.js"/>
    </properties>
    <testcase classname="chrome.130_0_6723_59.windows.Positive_Login_and_Navigation_Functionality" name="should login successfully and access Analityczne page" time="3.061">
      <system-out><![CDATA[
COMMAND: POST /session/2546d2a8d262d2868232dafdc8d9ebe2/url - {"url":"http://localhost:3000/home"}
RESULT: {"url":"http://localhost:3000/home"}
COMMAND: POST /session/2546d2a8d262d2868232dafdc8d9ebe2/url - {"url":"http://localhost:3000/"}
RESULT: {"url":"http://localhost:3000/"}
COMMAND: POST /session/2546d2a8d262d2868232dafdc8d9ebe2/element - {"using":"css selector","value":"[data-testid=\"nav-analytics\"]"}
RESULT: {"using":"css selector","value":"[data-testid=\"nav-analytics\"]"}
COMMAND: POST /session/2546d2a8d262d2868232dafdc8d9ebe2/execute/sync - {"script":"<script> [21 bytes]","args":[{"element-6066-11e4-a52e-4f735466cecf":"f.47E39388F59B4FB7C7C0448B47B5CFCC.d.BA6F12F45D92B887DBC43DE0C160AFED.e.14","ELEMENT":"f.47E39388F59B4FB7C7C0448B47B5CFCC.d.BA6F12F45D92B887DBC43DE0C160AFED.e.14"}]}
RESULT: {"script":"<script> [21 bytes]","args":[{"element-6066-11e4-a52e-4f735466cecf":"f.47E39388F59B4FB7C7C0448B47B5CFCC.d.BA6F12F45D92B887DBC43DE0C160AFED.e.14","ELEMENT":"f.47E39388F59B4FB7C7C0448B47B5CFCC.d.BA6F12F45D92B887DBC43DE0C160AFED.e.14"}]}
COMMAND: POST /session/2546d2a8d262d2868232dafdc8d9ebe2/execute/sync - {"script":"<script> [21 bytes]","args":[{"element-6066-11e4-a52e-4f735466cecf":"f.47E39388F59B4FB7C7C0448B47B5CFCC.d.BA6F12F45D92B887DBC43DE0C160AFED.e.14","ELEMENT":"f.47E39388F59B4FB7C7C0448B47B5CFCC.d.BA6F12F45D92B887DBC43DE0C160AFED.e.14"}]}
RESULT: {"script":"<script> [21 bytes]","args":[{"element-6066-11e4-a52e-4f735466cecf":"f.47E39388F59B4FB7C7C0448B47B5CFCC.d.BA6F12F45D92B887DBC43DE0C160AFED.e.14","ELEMENT":"f.47E39388F59B4FB7C7C0448B47B5CFCC.d.BA6F12F45D92B887DBC43DE0C160AFED.e.14"}]}
COMMAND: POST /session/2546d2a8d262d2868232dafdc8d9ebe2/element/f.47E39388F59B4FB7C7C0448B47B5CFCC.d.BA6F12F45D92B887DBC43DE0C160AFED.e.14/click - {}
RESULT: {}
COMMAND: POST /session/2546d2a8d262d2868232dafdc8d9ebe2/element - {"using":"css selector","value":"[data-testid=\"username-input\"]"}
RESULT: {"using":"css selector","value":"[data-testid=\"username-input\"]"}
COMMAND: POST /session/2546d2a8d262d2868232dafdc8d9ebe2/element/f.47E39388F59B4FB7C7C0448B47B5CFCC.d.BA6F12F45D92B887DBC43DE0C160AFED.e.23/clear - {}
RESULT: {}
COMMAND: POST /session/2546d2a8d262d2868232dafdc8d9ebe2/element/f.47E39388F59B4FB7C7C0448B47B5CFCC.d.BA6F12F45D92B887DBC43DE0C160AFED.e.23/value - {"text":"oardPxlS5Y"}
RESULT: {"text":"oardPxlS5Y"}
COMMAND: POST /session/2546d2a8d262d2868232dafdc8d9ebe2/element - {"using":"css selector","value":"[data-testid=\"password-input\"]"}
RESULT: {"using":"css selector","value":"[data-testid=\"password-input\"]"}
COMMAND: POST /session/2546d2a8d262d2868232dafdc8d9ebe2/element/f.47E39388F59B4FB7C7C0448B47B5CFCC.d.BA6F12F45D92B887DBC43DE0C160AFED.e.25/clear - {}
RESULT: {}
COMMAND: POST /session/2546d2a8d262d2868232dafdc8d9ebe2/element/f.47E39388F59B4FB7C7C0448B47B5CFCC.d.BA6F12F45D92B887DBC43DE0C160AFED.e.25/value - {"text":"9NtICuylWB"}
RESULT: {"text":"9NtICuylWB"}
COMMAND: POST /session/2546d2a8d262d2868232dafdc8d9ebe2/element - {"using":"css selector","value":"[data-testid=\"login-button\"]"}
RESULT: {"using":"css selector","value":"[data-testid=\"login-button\"]"}
COMMAND: POST /session/2546d2a8d262d2868232dafdc8d9ebe2/element/f.47E39388F59B4FB7C7C0448B47B5CFCC.d.BA6F12F45D92B887DBC43DE0C160AFED.e.28/click - {}
RESULT: {}
COMMAND: GET /session/2546d2a8d262d2868232dafdc8d9ebe2/url - {}
RESULT: {}
COMMAND: GET /session/2546d2a8d262d2868232dafdc8d9ebe2/screenshot - {}
RESULT: {}
COMMAND: POST /session/2546d2a8d262d2868232dafdc8d9ebe2/element - {"using":"css selector","value":"[data-testid=\"reset-button\"]"}
RESULT: {"using":"css selector","value":"[data-testid=\"reset-button\"]"}
COMMAND: DELETE /session/2546d2a8d262d2868232dafdc8d9ebe2 - {"deleteSessionOpts":{"shutdownDriver":false}}
COMMAND: POST /session/2546d2a8d262d2868232dafdc8d9ebe2/execute/sync - {"script":"<script> [21 bytes]","args":[{"element-6066-11e4-a52e-4f735466cecf":"f.47E39388F59B4FB7C7C0448B47B5CFCC.d.BA6F12F45D92B887DBC43DE0C160AFED.e.50","ELEMENT":"f.47E39388F59B4FB7C7C0448B47B5CFCC.d.BA6F12F45D92B887DBC43DE0C160AFED.e.50"}]}
RESULT: {"deleteSessionOpts":{"shutdownDriver":false}}
COMMAND: POST /session/2546d2a8d262d2868232dafdc8d9ebe2/execute/sync - {"script":"<script> [21 bytes]","args":[{"element-6066-11e4-a52e-4f735466cecf":"f.47E39388F59B4FB7C7C0448B47B5CFCC.d.BA6F12F45D92B887DBC43DE0C160AFED.e.50","ELEMENT":"f.47E39388F59B4FB7C7C0448B47B5CFCC.d.BA6F12F45D92B887DBC43DE0C160AFED.e.50"}]}
]]></system-out>
    </testcase>
    <testcase classname="chrome.130_0_6723_59.windows.Positive_Login_and_Navigation_Functionality" name="should login successfully and access Pracownicy page" time="2.443">
      <system-out><![CDATA[
COMMAND: POST /session/b07b452167b54313e5eb68d330a7f842/url - {"url":"http://localhost:3000/home"}
COMMAND: POST /session/b07b452167b54313e5eb68d330a7f842/execute/sync - {"script":"<script> [21 bytes]","args":[{"element-6066-11e4-a52e-4f735466cecf":"f.47E39388F59B4FB7C7C0448B47B5CFCC.d.BA6F12F45D92B887DBC43DE0C160AFED.e.50","ELEMENT":"f.47E39388F59B4FB7C7C0448B47B5CFCC.d.BA6F12F45D92B887DBC43DE0C160AFED.e.50"}]}
RESULT: {"url":"http://localhost:3000/home"}
COMMAND: POST /session/b07b452167b54313e5eb68d330a7f842/url - {"url":"http://localhost:3000/"}
RESULT: {"script":"<script> [21 bytes]","args":[{"element-6066-11e4-a52e-4f735466cecf":"f.47E39388F59B4FB7C7C0448B47B5CFCC.d.BA6F12F45D92B887DBC43DE0C160AFED.e.50","ELEMENT":"f.47E39388F59B4FB7C7C0448B47B5CFCC.d.BA6F12F45D92B887DBC43DE0C160AFED.e.50"}]}
RESULT: {"url":"http://localhost:3000/"}
COMMAND: POST /session/b07b452167b54313e5eb68d330a7f842/element - {"using":"css selector","value":"[data-testid=\"nav-users\"]"}
RESULT: {"using":"css selector","value":"[data-testid=\"nav-users\"]"}
COMMAND: POST /session/b07b452167b54313e5eb68d330a7f842/execute/sync - {"script":"<script> [21 bytes]","args":[{"element-6066-11e4-a52e-4f735466cecf":"f.CA9998A4DA91564A2011F39975659022.d.16E31CC84A6D76C7861BA4346F31AD33.e.31","ELEMENT":"f.CA9998A4DA91564A2011F39975659022.d.16E31CC84A6D76C7861BA4346F31AD33.e.31"}]}
RESULT: {"script":"<script> [21 bytes]","args":[{"element-6066-11e4-a52e-4f735466cecf":"f.CA9998A4DA91564A2011F39975659022.d.16E31CC84A6D76C7861BA4346F31AD33.e.31","ELEMENT":"f.CA9998A4DA91564A2011F39975659022.d.16E31CC84A6D76C7861BA4346F31AD33.e.31"}]}
COMMAND: POST /session/b07b452167b54313e5eb68d330a7f842/execute/sync - {"script":"<script> [21 bytes]","args":[{"element-6066-11e4-a52e-4f735466cecf":"f.CA9998A4DA91564A2011F39975659022.d.16E31CC84A6D76C7861BA4346F31AD33.e.31","ELEMENT":"f.CA9998A4DA91564A2011F39975659022.d.16E31CC84A6D76C7861BA4346F31AD33.e.31"}]}
RESULT: {"script":"<script> [21 bytes]","args":[{"element-6066-11e4-a52e-4f735466cecf":"f.CA9998A4DA91564A2011F39975659022.d.16E31CC84A6D76C7861BA4346F31AD33.e.31","ELEMENT":"f.CA9998A4DA91564A2011F39975659022.d.16E31CC84A6D76C7861BA4346F31AD33.e.31"}]}
COMMAND: POST /session/b07b452167b54313e5eb68d330a7f842/element/f.CA9998A4DA91564A2011F39975659022.d.16E31CC84A6D76C7861BA4346F31AD33.e.31/click - {}
RESULT: {}
COMMAND: POST /session/b07b452167b54313e5eb68d330a7f842/element - {"using":"css selector","value":"[data-testid=\"username-input\"]"}
RESULT: {"using":"css selector","value":"[data-testid=\"username-input\"]"}
COMMAND: POST /session/b07b452167b54313e5eb68d330a7f842/element/f.CA9998A4DA91564A2011F39975659022.d.16E31CC84A6D76C7861BA4346F31AD33.e.36/clear - {}
RESULT: {}
COMMAND: POST /session/b07b452167b54313e5eb68d330a7f842/element/f.CA9998A4DA91564A2011F39975659022.d.16E31CC84A6D76C7861BA4346F31AD33.e.36/value - {"text":"oardPxlS5Y"}
COMMAND: POST /session/b07b452167b54313e5eb68d330a7f842/execute/sync - {"script":"<script> [21 bytes]","args":[{"element-6066-11e4-a52e-4f735466cecf":"f.47E39388F59B4FB7C7C0448B47B5CFCC.d.BA6F12F45D92B887DBC43DE0C160AFED.e.50","ELEMENT":"f.47E39388F59B4FB7C7C0448B47B5CFCC.d.BA6F12F45D92B887DBC43DE0C160AFED.e.50"}]}
RESULT: {"text":"oardPxlS5Y"}
COMMAND: POST /session/b07b452167b54313e5eb68d330a7f842/element - {"using":"css selector","value":"[data-testid=\"password-input\"]"}
RESULT: {"script":"<script> [21 bytes]","args":[{"element-6066-11e4-a52e-4f735466cecf":"f.47E39388F59B4FB7C7C0448B47B5CFCC.d.BA6F12F45D92B887DBC43DE0C160AFED.e.50","ELEMENT":"f.47E39388F59B4FB7C7C0448B47B5CFCC.d.BA6F12F45D92B887DBC43DE0C160AFED.e.50"}]}
RESULT: {"using":"css selector","value":"[data-testid=\"password-input\"]"}
COMMAND: POST /session/b07b452167b54313e5eb68d330a7f842/element/f.CA9998A4DA91564A2011F39975659022.d.16E31CC84A6D76C7861BA4346F31AD33.e.38/clear - {}
RESULT: {}
COMMAND: POST /session/b07b452167b54313e5eb68d330a7f842/element/f.CA9998A4DA91564A2011F39975659022.d.16E31CC84A6D76C7861BA4346F31AD33.e.38/value - {"text":"9NtICuylWB"}
RESULT: {"text":"9NtICuylWB"}
COMMAND: POST /session/b07b452167b54313e5eb68d330a7f842/element - {"using":"css selector","value":"[data-testid=\"login-button\"]"}
RESULT: {"using":"css selector","value":"[data-testid=\"login-button\"]"}
COMMAND: POST /session/b07b452167b54313e5eb68d330a7f842/element/f.CA9998A4DA91564A2011F39975659022.d.16E31CC84A6D76C7861BA4346F31AD33.e.41/click - {}
RESULT: {}
COMMAND: GET /session/b07b452167b54313e5eb68d330a7f842/url - {}
RESULT: {}
COMMAND: GET /session/b07b452167b54313e5eb68d330a7f842/screenshot - {}
RESULT: {}
COMMAND: POST /session/b07b452167b54313e5eb68d330a7f842/element - {"using":"css selector","value":"[data-testid=\"reset-button\"]"}
COMMAND: POST /session/b07b452167b54313e5eb68d330a7f842/execute/sync - {"script":"<script> [21 bytes]","args":[{"element-6066-11e4-a52e-4f735466cecf":"f.47E39388F59B4FB7C7C0448B47B5CFCC.d.BA6F12F45D92B887DBC43DE0C160AFED.e.50","ELEMENT":"f.47E39388F59B4FB7C7C0448B47B5CFCC.d.BA6F12F45D92B887DBC43DE0C160AFED.e.50"}]}
RESULT: {"using":"css selector","value":"[data-testid=\"reset-button\"]"}
COMMAND: DELETE /session/b07b452167b54313e5eb68d330a7f842 - {"deleteSessionOpts":{"shutdownDriver":false}}
COMMAND: POST /session/b07b452167b54313e5eb68d330a7f842/execute/sync - {"script":"<script> [21 bytes]","args":[{"element-6066-11e4-a52e-4f735466cecf":"f.CA9998A4DA91564A2011F39975659022.d.16E31CC84A6D76C7861BA4346F31AD33.e.42","ELEMENT":"f.CA9998A4DA91564A2011F39975659022.d.16E31CC84A6D76C7861BA4346F31AD33.e.42"}]}
RESULT: {"script":"<script> [21 bytes]","args":[{"element-6066-11e4-a52e-4f735466cecf":"f.47E39388F59B4FB7C7C0448B47B5CFCC.d.BA6F12F45D92B887DBC43DE0C160AFED.e.50","ELEMENT":"f.47E39388F59B4FB7C7C0448B47B5CFCC.d.BA6F12F45D92B887DBC43DE0C160AFED.e.50"}]}
RESULT: {"deleteSessionOpts":{"shutdownDriver":false}}
COMMAND: POST /session/b07b452167b54313e5eb68d330a7f842/execute/sync - {"script":"<script> [21 bytes]","args":[{"element-6066-11e4-a52e-4f735466cecf":"f.47E39388F59B4FB7C7C0448B47B5CFCC.d.BA6F12F45D92B887DBC43DE0C160AFED.e.50","ELEMENT":"f.47E39388F59B4FB7C7C0448B47B5CFCC.d.BA6F12F45D92B887DBC43DE0C160AFED.e.50"}]}
COMMAND: POST /session/b07b452167b54313e5eb68d330a7f842/execute/sync - {"script":"<script> [21 bytes]","args":[{"element-6066-11e4-a52e-4f735466cecf":"f.CA9998A4DA91564A2011F39975659022.d.16E31CC84A6D76C7861BA4346F31AD33.e.42","ELEMENT":"f.CA9998A4DA91564A2011F39975659022.d.16E31CC84A6D76C7861BA4346F31AD33.e.42"}]}
]]></system-out>
    </testcase>
    <testcase classname="chrome.130_0_6723_59.windows.Positive_Login_and_Navigation_Functionality" name="should login successfully and access Produkty page" time="2.284">
      <system-out><![CDATA[
COMMAND: POST /session/9ecba916b403e32d0f4af5f29f69abc5/url - {"url":"http://localhost:3000/home"}
COMMAND: POST /session/9ecba916b403e32d0f4af5f29f69abc5/execute/sync - {"script":"<script> [21 bytes]","args":[{"element-6066-11e4-a52e-4f735466cecf":"f.47E39388F59B4FB7C7C0448B47B5CFCC.d.BA6F12F45D92B887DBC43DE0C160AFED.e.50","ELEMENT":"f.47E39388F59B4FB7C7C0448B47B5CFCC.d.BA6F12F45D92B887DBC43DE0C160AFED.e.50"}]}
COMMAND: POST /session/9ecba916b403e32d0f4af5f29f69abc5/execute/sync - {"script":"<script> [21 bytes]","args":[{"element-6066-11e4-a52e-4f735466cecf":"f.CA9998A4DA91564A2011F39975659022.d.16E31CC84A6D76C7861BA4346F31AD33.e.42","ELEMENT":"f.CA9998A4DA91564A2011F39975659022.d.16E31CC84A6D76C7861BA4346F31AD33.e.42"}]}
RESULT: {"url":"http://localhost:3000/home"}
COMMAND: POST /session/9ecba916b403e32d0f4af5f29f69abc5/url - {"url":"http://localhost:3000/"}
RESULT: {"script":"<script> [21 bytes]","args":[{"element-6066-11e4-a52e-4f735466cecf":"f.47E39388F59B4FB7C7C0448B47B5CFCC.d.BA6F12F45D92B887DBC43DE0C160AFED.e.50","ELEMENT":"f.47E39388F59B4FB7C7C0448B47B5CFCC.d.BA6F12F45D92B887DBC43DE0C160AFED.e.50"}]}
RESULT: {"script":"<script> [21 bytes]","args":[{"element-6066-11e4-a52e-4f735466cecf":"f.CA9998A4DA91564A2011F39975659022.d.16E31CC84A6D76C7861BA4346F31AD33.e.42","ELEMENT":"f.CA9998A4DA91564A2011F39975659022.d.16E31CC84A6D76C7861BA4346F31AD33.e.42"}]}
RESULT: {"url":"http://localhost:3000/"}
COMMAND: POST /session/9ecba916b403e32d0f4af5f29f69abc5/element - {"using":"css selector","value":"[data-testid=\"nav-products\"]"}
RESULT: {"using":"css selector","value":"[data-testid=\"nav-products\"]"}
COMMAND: POST /session/9ecba916b403e32d0f4af5f29f69abc5/element - {"using":"css selector","value":"[data-testid=\"nav-products\"]"}
RESULT: {"using":"css selector","value":"[data-testid=\"nav-products\"]"}
COMMAND: POST /session/9ecba916b403e32d0f4af5f29f69abc5/execute/sync - {"script":"<script> [21 bytes]","args":[{"element-6066-11e4-a52e-4f735466cecf":"f.28B3938976AE045AB453DEB1F393C1FC.d.4EDA791B951BCC0BC8A01472331EDB5F.e.21","ELEMENT":"f.28B3938976AE045AB453DEB1F393C1FC.d.4EDA791B951BCC0BC8A01472331EDB5F.e.21"}]}
RESULT: {"script":"<script> [21 bytes]","args":[{"element-6066-11e4-a52e-4f735466cecf":"f.28B3938976AE045AB453DEB1F393C1FC.d.4EDA791B951BCC0BC8A01472331EDB5F.e.21","ELEMENT":"f.28B3938976AE045AB453DEB1F393C1FC.d.4EDA791B951BCC0BC8A01472331EDB5F.e.21"}]}
COMMAND: POST /session/9ecba916b403e32d0f4af5f29f69abc5/execute/sync - {"script":"<script> [21 bytes]","args":[{"element-6066-11e4-a52e-4f735466cecf":"f.28B3938976AE045AB453DEB1F393C1FC.d.4EDA791B951BCC0BC8A01472331EDB5F.e.21","ELEMENT":"f.28B3938976AE045AB453DEB1F393C1FC.d.4EDA791B951BCC0BC8A01472331EDB5F.e.21"}]}
RESULT: {"script":"<script> [21 bytes]","args":[{"element-6066-11e4-a52e-4f735466cecf":"f.28B3938976AE045AB453DEB1F393C1FC.d.4EDA791B951BCC0BC8A01472331EDB5F.e.21","ELEMENT":"f.28B3938976AE045AB453DEB1F393C1FC.d.4EDA791B951BCC0BC8A01472331EDB5F.e.21"}]}
COMMAND: POST /session/9ecba916b403e32d0f4af5f29f69abc5/element/f.28B3938976AE045AB453DEB1F393C1FC.d.4EDA791B951BCC0BC8A01472331EDB5F.e.21/click - {}
RESULT: {}
COMMAND: POST /session/9ecba916b403e32d0f4af5f29f69abc5/element - {"using":"css selector","value":"[data-testid=\"username-input\"]"}
RESULT: {"using":"css selector","value":"[data-testid=\"username-input\"]"}
COMMAND: POST /session/9ecba916b403e32d0f4af5f29f69abc5/element/f.28B3938976AE045AB453DEB1F393C1FC.d.4EDA791B951BCC0BC8A01472331EDB5F.e.25/clear - {}
RESULT: {}
COMMAND: POST /session/9ecba916b403e32d0f4af5f29f69abc5/element/f.28B3938976AE045AB453DEB1F393C1FC.d.4EDA791B951BCC0BC8A01472331EDB5F.e.25/value - {"text":"oardPxlS5Y"}
COMMAND: POST /session/9ecba916b403e32d0f4af5f29f69abc5/execute/sync - {"script":"<script> [21 bytes]","args":[{"element-6066-11e4-a52e-4f735466cecf":"f.47E39388F59B4FB7C7C0448B47B5CFCC.d.BA6F12F45D92B887DBC43DE0C160AFED.e.50","ELEMENT":"f.47E39388F59B4FB7C7C0448B47B5CFCC.d.BA6F12F45D92B887DBC43DE0C160AFED.e.50"}]}
COMMAND: POST /session/9ecba916b403e32d0f4af5f29f69abc5/execute/sync - {"script":"<script> [21 bytes]","args":[{"element-6066-11e4-a52e-4f735466cecf":"f.CA9998A4DA91564A2011F39975659022.d.16E31CC84A6D76C7861BA4346F31AD33.e.42","ELEMENT":"f.CA9998A4DA91564A2011F39975659022.d.16E31CC84A6D76C7861BA4346F31AD33.e.42"}]}
RESULT: {"text":"oardPxlS5Y"}
COMMAND: POST /session/9ecba916b403e32d0f4af5f29f69abc5/element - {"using":"css selector","value":"[data-testid=\"password-input\"]"}
RESULT: {"script":"<script> [21 bytes]","args":[{"element-6066-11e4-a52e-4f735466cecf":"f.47E39388F59B4FB7C7C0448B47B5CFCC.d.BA6F12F45D92B887DBC43DE0C160AFED.e.50","ELEMENT":"f.47E39388F59B4FB7C7C0448B47B5CFCC.d.BA6F12F45D92B887DBC43DE0C160AFED.e.50"}]}
RESULT: {"script":"<script> [21 bytes]","args":[{"element-6066-11e4-a52e-4f735466cecf":"f.CA9998A4DA91564A2011F39975659022.d.16E31CC84A6D76C7861BA4346F31AD33.e.42","ELEMENT":"f.CA9998A4DA91564A2011F39975659022.d.16E31CC84A6D76C7861BA4346F31AD33.e.42"}]}
RESULT: {"using":"css selector","value":"[data-testid=\"password-input\"]"}
COMMAND: POST /session/9ecba916b403e32d0f4af5f29f69abc5/element/f.28B3938976AE045AB453DEB1F393C1FC.d.4EDA791B951BCC0BC8A01472331EDB5F.e.27/clear - {}
RESULT: {}
COMMAND: POST /session/9ecba916b403e32d0f4af5f29f69abc5/element/f.28B3938976AE045AB453DEB1F393C1FC.d.4EDA791B951BCC0BC8A01472331EDB5F.e.27/value - {"text":"9NtICuylWB"}
RESULT: {"text":"9NtICuylWB"}
COMMAND: POST /session/9ecba916b403e32d0f4af5f29f69abc5/element - {"using":"css selector","value":"[data-testid=\"login-button\"]"}
RESULT: {"using":"css selector","value":"[data-testid=\"login-button\"]"}
COMMAND: POST /session/9ecba916b403e32d0f4af5f29f69abc5/element/f.28B3938976AE045AB453DEB1F393C1FC.d.4EDA791B951BCC0BC8A01472331EDB5F.e.30/click - {}
RESULT: {}
COMMAND: GET /session/9ecba916b403e32d0f4af5f29f69abc5/url - {}
RESULT: {}
COMMAND: GET /session/9ecba916b403e32d0f4af5f29f69abc5/screenshot - {}
RESULT: {}
COMMAND: POST /session/9ecba916b403e32d0f4af5f29f69abc5/element - {"using":"css selector","value":"[data-testid=\"reset-button\"]"}
RESULT: {"using":"css selector","value":"[data-testid=\"reset-button\"]"}
COMMAND: DELETE /session/9ecba916b403e32d0f4af5f29f69abc5 - {"deleteSessionOpts":{"shutdownDriver":false}}
COMMAND: POST /session/9ecba916b403e32d0f4af5f29f69abc5/execute/sync - {"script":"<script> [21 bytes]","args":[{"element-6066-11e4-a52e-4f735466cecf":"f.28B3938976AE045AB453DEB1F393C1FC.d.4EDA791B951BCC0BC8A01472331EDB5F.e.31","ELEMENT":"f.28B3938976AE045AB453DEB1F393C1FC.d.4EDA791B951BCC0BC8A01472331EDB5F.e.31"}]}
COMMAND: POST /session/9ecba916b403e32d0f4af5f29f69abc5/execute/sync - {"script":"<script> [21 bytes]","args":[{"element-6066-11e4-a52e-4f735466cecf":"f.47E39388F59B4FB7C7C0448B47B5CFCC.d.BA6F12F45D92B887DBC43DE0C160AFED.e.50","ELEMENT":"f.47E39388F59B4FB7C7C0448B47B5CFCC.d.BA6F12F45D92B887DBC43DE0C160AFED.e.50"}]}
COMMAND: POST /session/9ecba916b403e32d0f4af5f29f69abc5/execute/sync - {"script":"<script> [21 bytes]","args":[{"element-6066-11e4-a52e-4f735466cecf":"f.CA9998A4DA91564A2011F39975659022.d.16E31CC84A6D76C7861BA4346F31AD33.e.42","ELEMENT":"f.CA9998A4DA91564A2011F39975659022.d.16E31CC84A6D76C7861BA4346F31AD33.e.42"}]}
RESULT: {"deleteSessionOpts":{"shutdownDriver":false}}
COMMAND: POST /session/9ecba916b403e32d0f4af5f29f69abc5/execute/sync - {"script":"<script> [21 bytes]","args":[{"element-6066-11e4-a52e-4f735466cecf":"f.28B3938976AE045AB453DEB1F393C1FC.d.4EDA791B951BCC0BC8A01472331EDB5F.e.31","ELEMENT":"f.28B3938976AE045AB453DEB1F393C1FC.d.4EDA791B951BCC0BC8A01472331EDB5F.e.31"}]}
COMMAND: POST /session/9ecba916b403e32d0f4af5f29f69abc5/execute/sync - {"script":"<script> [21 bytes]","args":[{"element-6066-11e4-a52e-4f735466cecf":"f.47E39388F59B4FB7C7C0448B47B5CFCC.d.BA6F12F45D92B887DBC43DE0C160AFED.e.50","ELEMENT":"f.47E39388F59B4FB7C7C0448B47B5CFCC.d.BA6F12F45D92B887DBC43DE0C160AFED.e.50"}]}
COMMAND: POST /session/9ecba916b403e32d0f4af5f29f69abc5/execute/sync - {"script":"<script> [21 bytes]","args":[{"element-6066-11e4-a52e-4f735466cecf":"f.CA9998A4DA91564A2011F39975659022.d.16E31CC84A6D76C7861BA4346F31AD33.e.42","ELEMENT":"f.CA9998A4DA91564A2011F39975659022.d.16E31CC84A6D76C7861BA4346F31AD33.e.42"}]}
]]></system-out>
    </testcase>
    <testcase classname="chrome.130_0_6723_59.windows.Positive_Login_and_Navigation_Functionality" name="should login successfully and access Analityczne page" time="2.538">
      <system-out><![CDATA[
COMMAND: POST /session/0023d71cf9bdf41ef5ae61c88240a371/url - {"url":"http://localhost:3000/home"}
RESULT: {"url":"http://localhost:3000/home"}
COMMAND: POST /session/0023d71cf9bdf41ef5ae61c88240a371/url - {"url":"http://localhost:3000/"}
COMMAND: POST /session/0023d71cf9bdf41ef5ae61c88240a371/execute/sync - {"script":"<script> [21 bytes]","args":[{"element-6066-11e4-a52e-4f735466cecf":"f.28B3938976AE045AB453DEB1F393C1FC.d.4EDA791B951BCC0BC8A01472331EDB5F.e.31","ELEMENT":"f.28B3938976AE045AB453DEB1F393C1FC.d.4EDA791B951BCC0BC8A01472331EDB5F.e.31"}]}
COMMAND: POST /session/0023d71cf9bdf41ef5ae61c88240a371/execute/sync - {"script":"<script> [21 bytes]","args":[{"element-6066-11e4-a52e-4f735466cecf":"f.47E39388F59B4FB7C7C0448B47B5CFCC.d.BA6F12F45D92B887DBC43DE0C160AFED.e.50","ELEMENT":"f.47E39388F59B4FB7C7C0448B47B5CFCC.d.BA6F12F45D92B887DBC43DE0C160AFED.e.50"}]}
COMMAND: POST /session/0023d71cf9bdf41ef5ae61c88240a371/execute/sync - {"script":"<script> [21 bytes]","args":[{"element-6066-11e4-a52e-4f735466cecf":"f.CA9998A4DA91564A2011F39975659022.d.16E31CC84A6D76C7861BA4346F31AD33.e.42","ELEMENT":"f.CA9998A4DA91564A2011F39975659022.d.16E31CC84A6D76C7861BA4346F31AD33.e.42"}]}
RESULT: {"url":"http://localhost:3000/"}
COMMAND: POST /session/0023d71cf9bdf41ef5ae61c88240a371/element - {"using":"css selector","value":"[data-testid=\"nav-analytics\"]"}
RESULT: {"script":"<script> [21 bytes]","args":[{"element-6066-11e4-a52e-4f735466cecf":"f.28B3938976AE045AB453DEB1F393C1FC.d.4EDA791B951BCC0BC8A01472331EDB5F.e.31","ELEMENT":"f.28B3938976AE045AB453DEB1F393C1FC.d.4EDA791B951BCC0BC8A01472331EDB5F.e.31"}]}
RESULT: {"script":"<script> [21 bytes]","args":[{"element-6066-11e4-a52e-4f735466cecf":"f.47E39388F59B4FB7C7C0448B47B5CFCC.d.BA6F12F45D92B887DBC43DE0C160AFED.e.50","ELEMENT":"f.47E39388F59B4FB7C7C0448B47B5CFCC.d.BA6F12F45D92B887DBC43DE0C160AFED.e.50"}]}
RESULT: {"script":"<script> [21 bytes]","args":[{"element-6066-11e4-a52e-4f735466cecf":"f.CA9998A4DA91564A2011F39975659022.d.16E31CC84A6D76C7861BA4346F31AD33.e.42","ELEMENT":"f.CA9998A4DA91564A2011F39975659022.d.16E31CC84A6D76C7861BA4346F31AD33.e.42"}]}
RESULT: {"using":"css selector","value":"[data-testid=\"nav-analytics\"]"}
COMMAND: POST /session/0023d71cf9bdf41ef5ae61c88240a371/execute/sync - {"script":"<script> [21 bytes]","args":[{"element-6066-11e4-a52e-4f735466cecf":"f.33FD8427D1AA21B7566A52F9DB5C948B.d.4C9CA5E115DE6CA105AEE432E2042397.e.16","ELEMENT":"f.33FD8427D1AA21B7566A52F9DB5C948B.d.4C9CA5E115DE6CA105AEE432E2042397.e.16"}]}
RESULT: {"script":"<script> [21 bytes]","args":[{"element-6066-11e4-a52e-4f735466cecf":"f.33FD8427D1AA21B7566A52F9DB5C948B.d.4C9CA5E115DE6CA105AEE432E2042397.e.16","ELEMENT":"f.33FD8427D1AA21B7566A52F9DB5C948B.d.4C9CA5E115DE6CA105AEE432E2042397.e.16"}]}
COMMAND: POST /session/0023d71cf9bdf41ef5ae61c88240a371/execute/sync - {"script":"<script> [21 bytes]","args":[{"element-6066-11e4-a52e-4f735466cecf":"f.33FD8427D1AA21B7566A52F9DB5C948B.d.4C9CA5E115DE6CA105AEE432E2042397.e.16","ELEMENT":"f.33FD8427D1AA21B7566A52F9DB5C948B.d.4C9CA5E115DE6CA105AEE432E2042397.e.16"}]}
RESULT: {"script":"<script> [21 bytes]","args":[{"element-6066-11e4-a52e-4f735466cecf":"f.33FD8427D1AA21B7566A52F9DB5C948B.d.4C9CA5E115DE6CA105AEE432E2042397.e.16","ELEMENT":"f.33FD8427D1AA21B7566A52F9DB5C948B.d.4C9CA5E115DE6CA105AEE432E2042397.e.16"}]}
COMMAND: POST /session/0023d71cf9bdf41ef5ae61c88240a371/element/f.33FD8427D1AA21B7566A52F9DB5C948B.d.4C9CA5E115DE6CA105AEE432E2042397.e.16/click - {}
RESULT: {}
COMMAND: POST /session/0023d71cf9bdf41ef5ae61c88240a371/element - {"using":"css selector","value":"[data-testid=\"username-input\"]"}
RESULT: {"using":"css selector","value":"[data-testid=\"username-input\"]"}
COMMAND: POST /session/0023d71cf9bdf41ef5ae61c88240a371/element/f.33FD8427D1AA21B7566A52F9DB5C948B.d.4C9CA5E115DE6CA105AEE432E2042397.e.21/clear - {}
RESULT: {}
COMMAND: POST /session/0023d71cf9bdf41ef5ae61c88240a371/element/f.33FD8427D1AA21B7566A52F9DB5C948B.d.4C9CA5E115DE6CA105AEE432E2042397.e.21/value - {"text":"sZHkdh6oD6M"}
RESULT: {"text":"sZHkdh6oD6M"}
COMMAND: POST /session/0023d71cf9bdf41ef5ae61c88240a371/element - {"using":"css selector","value":"[data-testid=\"password-input\"]"}
RESULT: {"using":"css selector","value":"[data-testid=\"password-input\"]"}
COMMAND: POST /session/0023d71cf9bdf41ef5ae61c88240a371/element/f.33FD8427D1AA21B7566A52F9DB5C948B.d.4C9CA5E115DE6CA105AEE432E2042397.e.23/clear - {}
RESULT: {}
COMMAND: POST /session/0023d71cf9bdf41ef5ae61c88240a371/element/f.33FD8427D1AA21B7566A52F9DB5C948B.d.4C9CA5E115DE6CA105AEE432E2042397.e.23/value - {"text":"aZWEKX1EiWN"}
COMMAND: POST /session/0023d71cf9bdf41ef5ae61c88240a371/execute/sync - {"script":"<script> [21 bytes]","args":[{"element-6066-11e4-a52e-4f735466cecf":"f.28B3938976AE045AB453DEB1F393C1FC.d.4EDA791B951BCC0BC8A01472331EDB5F.e.31","ELEMENT":"f.28B3938976AE045AB453DEB1F393C1FC.d.4EDA791B951BCC0BC8A01472331EDB5F.e.31"}]}
COMMAND: POST /session/0023d71cf9bdf41ef5ae61c88240a371/execute/sync - {"script":"<script> [21 bytes]","args":[{"element-6066-11e4-a52e-4f735466cecf":"f.47E39388F59B4FB7C7C0448B47B5CFCC.d.BA6F12F45D92B887DBC43DE0C160AFED.e.50","ELEMENT":"f.47E39388F59B4FB7C7C0448B47B5CFCC.d.BA6F12F45D92B887DBC43DE0C160AFED.e.50"}]}
COMMAND: POST /session/0023d71cf9bdf41ef5ae61c88240a371/execute/sync - {"script":"<script> [21 bytes]","args":[{"element-6066-11e4-a52e-4f735466cecf":"f.CA9998A4DA91564A2011F39975659022.d.16E31CC84A6D76C7861BA4346F31AD33.e.42","ELEMENT":"f.CA9998A4DA91564A2011F39975659022.d.16E31CC84A6D76C7861BA4346F31AD33.e.42"}]}
RESULT: {"text":"aZWEKX1EiWN"}
COMMAND: POST /session/0023d71cf9bdf41ef5ae61c88240a371/element - {"using":"css selector","value":"[data-testid=\"login-button\"]"}
RESULT: {"script":"<script> [21 bytes]","args":[{"element-6066-11e4-a52e-4f735466cecf":"f.28B3938976AE045AB453DEB1F393C1FC.d.4EDA791B951BCC0BC8A01472331EDB5F.e.31","ELEMENT":"f.28B3938976AE045AB453DEB1F393C1FC.d.4EDA791B951BCC0BC8A01472331EDB5F.e.31"}]}
RESULT: {"script":"<script> [21 bytes]","args":[{"element-6066-11e4-a52e-4f735466cecf":"f.47E39388F59B4FB7C7C0448B47B5CFCC.d.BA6F12F45D92B887DBC43DE0C160AFED.e.50","ELEMENT":"f.47E39388F59B4FB7C7C0448B47B5CFCC.d.BA6F12F45D92B887DBC43DE0C160AFED.e.50"}]}
RESULT: {"script":"<script> [21 bytes]","args":[{"element-6066-11e4-a52e-4f735466cecf":"f.CA9998A4DA91564A2011F39975659022.d.16E31CC84A6D76C7861BA4346F31AD33.e.42","ELEMENT":"f.CA9998A4DA91564A2011F39975659022.d.16E31CC84A6D76C7861BA4346F31AD33.e.42"}]}
RESULT: {"using":"css selector","value":"[data-testid=\"login-button\"]"}
COMMAND: POST /session/0023d71cf9bdf41ef5ae61c88240a371/element/f.33FD8427D1AA21B7566A52F9DB5C948B.d.4C9CA5E115DE6CA105AEE432E2042397.e.26/click - {}
RESULT: {}
COMMAND: GET /session/0023d71cf9bdf41ef5ae61c88240a371/url - {}
RESULT: {}
COMMAND: GET /session/0023d71cf9bdf41ef5ae61c88240a371/screenshot - {}
RESULT: {}
COMMAND: POST /session/0023d71cf9bdf41ef5ae61c88240a371/element - {"using":"css selector","value":"[data-testid=\"reset-button\"]"}
RESULT: {"using":"css selector","value":"[data-testid=\"reset-button\"]"}
COMMAND: DELETE /session/0023d71cf9bdf41ef5ae61c88240a371 - {"deleteSessionOpts":{"shutdownDriver":false}}
COMMAND: POST /session/0023d71cf9bdf41ef5ae61c88240a371/execute/sync - {"script":"<script> [21 bytes]","args":[{"element-6066-11e4-a52e-4f735466cecf":"f.33FD8427D1AA21B7566A52F9DB5C948B.d.4C9CA5E115DE6CA105AEE432E2042397.e.49","ELEMENT":"f.33FD8427D1AA21B7566A52F9DB5C948B.d.4C9CA5E115DE6CA105AEE432E2042397.e.49"}]}
COMMAND: POST /session/0023d71cf9bdf41ef5ae61c88240a371/execute/sync - {"script":"<script> [21 bytes]","args":[{"element-6066-11e4-a52e-4f735466cecf":"f.28B3938976AE045AB453DEB1F393C1FC.d.4EDA791B951BCC0BC8A01472331EDB5F.e.31","ELEMENT":"f.28B3938976AE045AB453DEB1F393C1FC.d.4EDA791B951BCC0BC8A01472331EDB5F.e.31"}]}
COMMAND: POST /session/0023d71cf9bdf41ef5ae61c88240a371/execute/sync - {"script":"<script> [21 bytes]","args":[{"element-6066-11e4-a52e-4f735466cecf":"f.47E39388F59B4FB7C7C0448B47B5CFCC.d.BA6F12F45D92B887DBC43DE0C160AFED.e.50","ELEMENT":"f.47E39388F59B4FB7C7C0448B47B5CFCC.d.BA6F12F45D92B887DBC43DE0C160AFED.e.50"}]}
COMMAND: POST /session/0023d71cf9bdf41ef5ae61c88240a371/execute/sync - {"script":"<script> [21 bytes]","args":[{"element-6066-11e4-a52e-4f735466cecf":"f.CA9998A4DA91564A2011F39975659022.d.16E31CC84A6D76C7861BA4346F31AD33.e.42","ELEMENT":"f.CA9998A4DA91564A2011F39975659022.d.16E31CC84A6D76C7861BA4346F31AD33.e.42"}]}
RESULT: {"deleteSessionOpts":{"shutdownDriver":false}}
COMMAND: POST /session/0023d71cf9bdf41ef5ae61c88240a371/execute/sync - {"script":"<script> [21 bytes]","args":[{"element-6066-11e4-a52e-4f735466cecf":"f.33FD8427D1AA21B7566A52F9DB5C948B.d.4C9CA5E115DE6CA105AEE432E2042397.e.49","ELEMENT":"f.33FD8427D1AA21B7566A52F9DB5C948B.d.4C9CA5E115DE6CA105AEE432E2042397.e.49"}]}
COMMAND: POST /session/0023d71cf9bdf41ef5ae61c88240a371/execute/sync - {"script":"<script> [21 bytes]","args":[{"element-6066-11e4-a52e-4f735466cecf":"f.28B3938976AE045AB453DEB1F393C1FC.d.4EDA791B951BCC0BC8A01472331EDB5F.e.31","ELEMENT":"f.28B3938976AE045AB453DEB1F393C1FC.d.4EDA791B951BCC0BC8A01472331EDB5F.e.31"}]}
COMMAND: POST /session/0023d71cf9bdf41ef5ae61c88240a371/execute/sync - {"script":"<script> [21 bytes]","args":[{"element-6066-11e4-a52e-4f735466cecf":"f.47E39388F59B4FB7C7C0448B47B5CFCC.d.BA6F12F45D92B887DBC43DE0C160AFED.e.50","ELEMENT":"f.47E39388F59B4FB7C7C0448B47B5CFCC.d.BA6F12F45D92B887DBC43DE0C160AFED.e.50"}]}
COMMAND: POST /session/0023d71cf9bdf41ef5ae61c88240a371/execute/sync - {"script":"<script> [21 bytes]","args":[{"element-6066-11e4-a52e-4f735466cecf":"f.CA9998A4DA91564A2011F39975659022.d.16E31CC84A6D76C7861BA4346F31AD33.e.42","ELEMENT":"f.CA9998A4DA91564A2011F39975659022.d.16E31CC84A6D76C7861BA4346F31AD33.e.42"}]}
]]></system-out>
    </testcase>
    <testcase classname="chrome.130_0_6723_59.windows.Positive_Login_and_Navigation_Functionality" name="should login successfully and access Pracownicy page" time="2.57">
      <system-out><![CDATA[
COMMAND: POST /session/cfa93228c1a37a003e37c65e4b5baa80/url - {"url":"http://localhost:3000/home"}
COMMAND: POST /session/cfa93228c1a37a003e37c65e4b5baa80/execute/sync - {"script":"<script> [21 bytes]","args":[{"element-6066-11e4-a52e-4f735466cecf":"f.33FD8427D1AA21B7566A52F9DB5C948B.d.4C9CA5E115DE6CA105AEE432E2042397.e.49","ELEMENT":"f.33FD8427D1AA21B7566A52F9DB5C948B.d.4C9CA5E115DE6CA105AEE432E2042397.e.49"}]}
COMMAND: POST /session/cfa93228c1a37a003e37c65e4b5baa80/execute/sync - {"script":"<script> [21 bytes]","args":[{"element-6066-11e4-a52e-4f735466cecf":"f.28B3938976AE045AB453DEB1F393C1FC.d.4EDA791B951BCC0BC8A01472331EDB5F.e.31","ELEMENT":"f.28B3938976AE045AB453DEB1F393C1FC.d.4EDA791B951BCC0BC8A01472331EDB5F.e.31"}]}
COMMAND: POST /session/cfa93228c1a37a003e37c65e4b5baa80/execute/sync - {"script":"<script> [21 bytes]","args":[{"element-6066-11e4-a52e-4f735466cecf":"f.47E39388F59B4FB7C7C0448B47B5CFCC.d.BA6F12F45D92B887DBC43DE0C160AFED.e.50","ELEMENT":"f.47E39388F59B4FB7C7C0448B47B5CFCC.d.BA6F12F45D92B887DBC43DE0C160AFED.e.50"}]}
COMMAND: POST /session/cfa93228c1a37a003e37c65e4b5baa80/execute/sync - {"script":"<script> [21 bytes]","args":[{"element-6066-11e4-a52e-4f735466cecf":"f.CA9998A4DA91564A2011F39975659022.d.16E31CC84A6D76C7861BA4346F31AD33.e.42","ELEMENT":"f.CA9998A4DA91564A2011F39975659022.d.16E31CC84A6D76C7861BA4346F31AD33.e.42"}]}
RESULT: {"url":"http://localhost:3000/home"}
COMMAND: POST /session/cfa93228c1a37a003e37c65e4b5baa80/url - {"url":"http://localhost:3000/"}
RESULT: {"script":"<script> [21 bytes]","args":[{"element-6066-11e4-a52e-4f735466cecf":"f.33FD8427D1AA21B7566A52F9DB5C948B.d.4C9CA5E115DE6CA105AEE432E2042397.e.49","ELEMENT":"f.33FD8427D1AA21B7566A52F9DB5C948B.d.4C9CA5E115DE6CA105AEE432E2042397.e.49"}]}
RESULT: {"script":"<script> [21 bytes]","args":[{"element-6066-11e4-a52e-4f735466cecf":"f.28B3938976AE045AB453DEB1F393C1FC.d.4EDA791B951BCC0BC8A01472331EDB5F.e.31","ELEMENT":"f.28B3938976AE045AB453DEB1F393C1FC.d.4EDA791B951BCC0BC8A01472331EDB5F.e.31"}]}
RESULT: {"script":"<script> [21 bytes]","args":[{"element-6066-11e4-a52e-4f735466cecf":"f.47E39388F59B4FB7C7C0448B47B5CFCC.d.BA6F12F45D92B887DBC43DE0C160AFED.e.50","ELEMENT":"f.47E39388F59B4FB7C7C0448B47B5CFCC.d.BA6F12F45D92B887DBC43DE0C160AFED.e.50"}]}
RESULT: {"script":"<script> [21 bytes]","args":[{"element-6066-11e4-a52e-4f735466cecf":"f.CA9998A4DA91564A2011F39975659022.d.16E31CC84A6D76C7861BA4346F31AD33.e.42","ELEMENT":"f.CA9998A4DA91564A2011F39975659022.d.16E31CC84A6D76C7861BA4346F31AD33.e.42"}]}
RESULT: {"url":"http://localhost:3000/"}
COMMAND: POST /session/cfa93228c1a37a003e37c65e4b5baa80/element - {"using":"css selector","value":"[data-testid=\"nav-users\"]"}
RESULT: {"using":"css selector","value":"[data-testid=\"nav-users\"]"}
COMMAND: POST /session/cfa93228c1a37a003e37c65e4b5baa80/execute/sync - {"script":"<script> [21 bytes]","args":[{"element-6066-11e4-a52e-4f735466cecf":"f.FB2A3FC95C72279062B9A519D85CA8F8.d.11311882C92AC82CE7EC4FE291A5A497.e.31","ELEMENT":"f.FB2A3FC95C72279062B9A519D85CA8F8.d.11311882C92AC82CE7EC4FE291A5A497.e.31"}]}
RESULT: {"script":"<script> [21 bytes]","args":[{"element-6066-11e4-a52e-4f735466cecf":"f.FB2A3FC95C72279062B9A519D85CA8F8.d.11311882C92AC82CE7EC4FE291A5A497.e.31","ELEMENT":"f.FB2A3FC95C72279062B9A519D85CA8F8.d.11311882C92AC82CE7EC4FE291A5A497.e.31"}]}
COMMAND: POST /session/cfa93228c1a37a003e37c65e4b5baa80/execute/sync - {"script":"<script> [21 bytes]","args":[{"element-6066-11e4-a52e-4f735466cecf":"f.FB2A3FC95C72279062B9A519D85CA8F8.d.11311882C92AC82CE7EC4FE291A5A497.e.31","ELEMENT":"f.FB2A3FC95C72279062B9A519D85CA8F8.d.11311882C92AC82CE7EC4FE291A5A497.e.31"}]}
RESULT: {"script":"<script> [21 bytes]","args":[{"element-6066-11e4-a52e-4f735466cecf":"f.FB2A3FC95C72279062B9A519D85CA8F8.d.11311882C92AC82CE7EC4FE291A5A497.e.31","ELEMENT":"f.FB2A3FC95C72279062B9A519D85CA8F8.d.11311882C92AC82CE7EC4FE291A5A497.e.31"}]}
COMMAND: POST /session/cfa93228c1a37a003e37c65e4b5baa80/element/f.FB2A3FC95C72279062B9A519D85CA8F8.d.11311882C92AC82CE7EC4FE291A5A497.e.31/click - {}
RESULT: {}
COMMAND: POST /session/cfa93228c1a37a003e37c65e4b5baa80/element - {"using":"css selector","value":"[data-testid=\"username-input\"]"}
RESULT: {"using":"css selector","value":"[data-testid=\"username-input\"]"}
COMMAND: POST /session/cfa93228c1a37a003e37c65e4b5baa80/element/f.FB2A3FC95C72279062B9A519D85CA8F8.d.11311882C92AC82CE7EC4FE291A5A497.e.36/clear - {}
RESULT: {}
COMMAND: POST /session/cfa93228c1a37a003e37c65e4b5baa80/element/f.FB2A3FC95C72279062B9A519D85CA8F8.d.11311882C92AC82CE7EC4FE291A5A497.e.36/value - {"text":"skYyf3ERMw1TjbJFolJz"}
COMMAND: POST /session/cfa93228c1a37a003e37c65e4b5baa80/execute/sync - {"script":"<script> [21 bytes]","args":[{"element-6066-11e4-a52e-4f735466cecf":"f.33FD8427D1AA21B7566A52F9DB5C948B.d.4C9CA5E115DE6CA105AEE432E2042397.e.49","ELEMENT":"f.33FD8427D1AA21B7566A52F9DB5C948B.d.4C9CA5E115DE6CA105AEE432E2042397.e.49"}]}
COMMAND: POST /session/cfa93228c1a37a003e37c65e4b5baa80/execute/sync - {"script":"<script> [21 bytes]","args":[{"element-6066-11e4-a52e-4f735466cecf":"f.28B3938976AE045AB453DEB1F393C1FC.d.4EDA791B951BCC0BC8A01472331EDB5F.e.31","ELEMENT":"f.28B3938976AE045AB453DEB1F393C1FC.d.4EDA791B951BCC0BC8A01472331EDB5F.e.31"}]}
COMMAND: POST /session/cfa93228c1a37a003e37c65e4b5baa80/execute/sync - {"script":"<script> [21 bytes]","args":[{"element-6066-11e4-a52e-4f735466cecf":"f.47E39388F59B4FB7C7C0448B47B5CFCC.d.BA6F12F45D92B887DBC43DE0C160AFED.e.50","ELEMENT":"f.47E39388F59B4FB7C7C0448B47B5CFCC.d.BA6F12F45D92B887DBC43DE0C160AFED.e.50"}]}
COMMAND: POST /session/cfa93228c1a37a003e37c65e4b5baa80/execute/sync - {"script":"<script> [21 bytes]","args":[{"element-6066-11e4-a52e-4f735466cecf":"f.CA9998A4DA91564A2011F39975659022.d.16E31CC84A6D76C7861BA4346F31AD33.e.42","ELEMENT":"f.CA9998A4DA91564A2011F39975659022.d.16E31CC84A6D76C7861BA4346F31AD33.e.42"}]}
RESULT: {"text":"skYyf3ERMw1TjbJFolJz"}
COMMAND: POST /session/cfa93228c1a37a003e37c65e4b5baa80/element - {"using":"css selector","value":"[data-testid=\"password-input\"]"}
RESULT: {"script":"<script> [21 bytes]","args":[{"element-6066-11e4-a52e-4f735466cecf":"f.33FD8427D1AA21B7566A52F9DB5C948B.d.4C9CA5E115DE6CA105AEE432E2042397.e.49","ELEMENT":"f.33FD8427D1AA21B7566A52F9DB5C948B.d.4C9CA5E115DE6CA105AEE432E2042397.e.49"}]}
RESULT: {"script":"<script> [21 bytes]","args":[{"element-6066-11e4-a52e-4f735466cecf":"f.28B3938976AE045AB453DEB1F393C1FC.d.4EDA791B951BCC0BC8A01472331EDB5F.e.31","ELEMENT":"f.28B3938976AE045AB453DEB1F393C1FC.d.4EDA791B951BCC0BC8A01472331EDB5F.e.31"}]}
RESULT: {"script":"<script> [21 bytes]","args":[{"element-6066-11e4-a52e-4f735466cecf":"f.47E39388F59B4FB7C7C0448B47B5CFCC.d.BA6F12F45D92B887DBC43DE0C160AFED.e.50","ELEMENT":"f.47E39388F59B4FB7C7C0448B47B5CFCC.d.BA6F12F45D92B887DBC43DE0C160AFED.e.50"}]}
RESULT: {"script":"<script> [21 bytes]","args":[{"element-6066-11e4-a52e-4f735466cecf":"f.CA9998A4DA91564A2011F39975659022.d.16E31CC84A6D76C7861BA4346F31AD33.e.42","ELEMENT":"f.CA9998A4DA91564A2011F39975659022.d.16E31CC84A6D76C7861BA4346F31AD33.e.42"}]}
RESULT: {"using":"css selector","value":"[data-testid=\"password-input\"]"}
COMMAND: POST /session/cfa93228c1a37a003e37c65e4b5baa80/element/f.FB2A3FC95C72279062B9A519D85CA8F8.d.11311882C92AC82CE7EC4FE291A5A497.e.38/clear - {}
RESULT: {}
COMMAND: POST /session/cfa93228c1a37a003e37c65e4b5baa80/element/f.FB2A3FC95C72279062B9A519D85CA8F8.d.11311882C92AC82CE7EC4FE291A5A497.e.38/value - {"text":"WS9d2jnyU5jOFxBA9aRy"}
RESULT: {"text":"WS9d2jnyU5jOFxBA9aRy"}
COMMAND: POST /session/cfa93228c1a37a003e37c65e4b5baa80/element - {"using":"css selector","value":"[data-testid=\"login-button\"]"}
RESULT: {"using":"css selector","value":"[data-testid=\"login-button\"]"}
COMMAND: POST /session/cfa93228c1a37a003e37c65e4b5baa80/element/f.FB2A3FC95C72279062B9A519D85CA8F8.d.11311882C92AC82CE7EC4FE291A5A497.e.41/click - {}
RESULT: {}
COMMAND: GET /session/cfa93228c1a37a003e37c65e4b5baa80/url - {}
RESULT: {}
COMMAND: GET /session/cfa93228c1a37a003e37c65e4b5baa80/screenshot - {}
COMMAND: POST /session/cfa93228c1a37a003e37c65e4b5baa80/execute/sync - {"script":"<script> [21 bytes]","args":[{"element-6066-11e4-a52e-4f735466cecf":"f.33FD8427D1AA21B7566A52F9DB5C948B.d.4C9CA5E115DE6CA105AEE432E2042397.e.49","ELEMENT":"f.33FD8427D1AA21B7566A52F9DB5C948B.d.4C9CA5E115DE6CA105AEE432E2042397.e.49"}]}
COMMAND: POST /session/cfa93228c1a37a003e37c65e4b5baa80/execute/sync - {"script":"<script> [21 bytes]","args":[{"element-6066-11e4-a52e-4f735466cecf":"f.28B3938976AE045AB453DEB1F393C1FC.d.4EDA791B951BCC0BC8A01472331EDB5F.e.31","ELEMENT":"f.28B3938976AE045AB453DEB1F393C1FC.d.4EDA791B951BCC0BC8A01472331EDB5F.e.31"}]}
COMMAND: POST /session/cfa93228c1a37a003e37c65e4b5baa80/execute/sync - {"script":"<script> [21 bytes]","args":[{"element-6066-11e4-a52e-4f735466cecf":"f.47E39388F59B4FB7C7C0448B47B5CFCC.d.BA6F12F45D92B887DBC43DE0C160AFED.e.50","ELEMENT":"f.47E39388F59B4FB7C7C0448B47B5CFCC.d.BA6F12F45D92B887DBC43DE0C160AFED.e.50"}]}
COMMAND: POST /session/cfa93228c1a37a003e37c65e4b5baa80/execute/sync - {"script":"<script> [21 bytes]","args":[{"element-6066-11e4-a52e-4f735466cecf":"f.CA9998A4DA91564A2011F39975659022.d.16E31CC84A6D76C7861BA4346F31AD33.e.42","ELEMENT":"f.CA9998A4DA91564A2011F39975659022.d.16E31CC84A6D76C7861BA4346F31AD33.e.42"}]}
RESULT: {}
COMMAND: POST /session/cfa93228c1a37a003e37c65e4b5baa80/element - {"using":"css selector","value":"[data-testid=\"reset-button\"]"}
RESULT: {"script":"<script> [21 bytes]","args":[{"element-6066-11e4-a52e-4f735466cecf":"f.33FD8427D1AA21B7566A52F9DB5C948B.d.4C9CA5E115DE6CA105AEE432E2042397.e.49","ELEMENT":"f.33FD8427D1AA21B7566A52F9DB5C948B.d.4C9CA5E115DE6CA105AEE432E2042397.e.49"}]}
RESULT: {"script":"<script> [21 bytes]","args":[{"element-6066-11e4-a52e-4f735466cecf":"f.28B3938976AE045AB453DEB1F393C1FC.d.4EDA791B951BCC0BC8A01472331EDB5F.e.31","ELEMENT":"f.28B3938976AE045AB453DEB1F393C1FC.d.4EDA791B951BCC0BC8A01472331EDB5F.e.31"}]}
RESULT: {"script":"<script> [21 bytes]","args":[{"element-6066-11e4-a52e-4f735466cecf":"f.47E39388F59B4FB7C7C0448B47B5CFCC.d.BA6F12F45D92B887DBC43DE0C160AFED.e.50","ELEMENT":"f.47E39388F59B4FB7C7C0448B47B5CFCC.d.BA6F12F45D92B887DBC43DE0C160AFED.e.50"}]}
RESULT: {"script":"<script> [21 bytes]","args":[{"element-6066-11e4-a52e-4f735466cecf":"f.CA9998A4DA91564A2011F39975659022.d.16E31CC84A6D76C7861BA4346F31AD33.e.42","ELEMENT":"f.CA9998A4DA91564A2011F39975659022.d.16E31CC84A6D76C7861BA4346F31AD33.e.42"}]}
RESULT: {"using":"css selector","value":"[data-testid=\"reset-button\"]"}
COMMAND: DELETE /session/cfa93228c1a37a003e37c65e4b5baa80 - {"deleteSessionOpts":{"shutdownDriver":false}}
COMMAND: POST /session/cfa93228c1a37a003e37c65e4b5baa80/execute/sync - {"script":"<script> [21 bytes]","args":[{"element-6066-11e4-a52e-4f735466cecf":"f.FB2A3FC95C72279062B9A519D85CA8F8.d.11311882C92AC82CE7EC4FE291A5A497.e.43","ELEMENT":"f.FB2A3FC95C72279062B9A519D85CA8F8.d.11311882C92AC82CE7EC4FE291A5A497.e.43"}]}
RESULT: {"deleteSessionOpts":{"shutdownDriver":false}}
COMMAND: POST /session/cfa93228c1a37a003e37c65e4b5baa80/execute/sync - {"script":"<script> [21 bytes]","args":[{"element-6066-11e4-a52e-4f735466cecf":"f.33FD8427D1AA21B7566A52F9DB5C948B.d.4C9CA5E115DE6CA105AEE432E2042397.e.49","ELEMENT":"f.33FD8427D1AA21B7566A52F9DB5C948B.d.4C9CA5E115DE6CA105AEE432E2042397.e.49"}]}
COMMAND: POST /session/cfa93228c1a37a003e37c65e4b5baa80/execute/sync - {"script":"<script> [21 bytes]","args":[{"element-6066-11e4-a52e-4f735466cecf":"f.28B3938976AE045AB453DEB1F393C1FC.d.4EDA791B951BCC0BC8A01472331EDB5F.e.31","ELEMENT":"f.28B3938976AE045AB453DEB1F393C1FC.d.4EDA791B951BCC0BC8A01472331EDB5F.e.31"}]}
COMMAND: POST /session/cfa93228c1a37a003e37c65e4b5baa80/execute/sync - {"script":"<script> [21 bytes]","args":[{"element-6066-11e4-a52e-4f735466cecf":"f.47E39388F59B4FB7C7C0448B47B5CFCC.d.BA6F12F45D92B887DBC43DE0C160AFED.e.50","ELEMENT":"f.47E39388F59B4FB7C7C0448B47B5CFCC.d.BA6F12F45D92B887DBC43DE0C160AFED.e.50"}]}
COMMAND: POST /session/cfa93228c1a37a003e37c65e4b5baa80/execute/sync - {"script":"<script> [21 bytes]","args":[{"element-6066-11e4-a52e-4f735466cecf":"f.CA9998A4DA91564A2011F39975659022.d.16E31CC84A6D76C7861BA4346F31AD33.e.42","ELEMENT":"f.CA9998A4DA91564A2011F39975659022.d.16E31CC84A6D76C7861BA4346F31AD33.e.42"}]}
COMMAND: POST /session/cfa93228c1a37a003e37c65e4b5baa80/execute/sync - {"script":"<script> [21 bytes]","args":[{"element-6066-11e4-a52e-4f735466cecf":"f.FB2A3FC95C72279062B9A519D85CA8F8.d.11311882C92AC82CE7EC4FE291A5A497.e.43","ELEMENT":"f.FB2A3FC95C72279062B9A519D85CA8F8.d.11311882C92AC82CE7EC4FE291A5A497.e.43"}]}
]]></system-out>
    </testcase>
    <testcase classname="chrome.130_0_6723_59.windows.Positive_Login_and_Navigation_Functionality" name="should login successfully and access Produkty page" time="2.434">
      <system-out><![CDATA[
COMMAND: POST /session/cc58bfe61896e2bb084cfc4f992c5b15/url - {"url":"http://localhost:3000/home"}
COMMAND: POST /session/cc58bfe61896e2bb084cfc4f992c5b15/execute/sync - {"script":"<script> [21 bytes]","args":[{"element-6066-11e4-a52e-4f735466cecf":"f.33FD8427D1AA21B7566A52F9DB5C948B.d.4C9CA5E115DE6CA105AEE432E2042397.e.49","ELEMENT":"f.33FD8427D1AA21B7566A52F9DB5C948B.d.4C9CA5E115DE6CA105AEE432E2042397.e.49"}]}
COMMAND: POST /session/cc58bfe61896e2bb084cfc4f992c5b15/execute/sync - {"script":"<script> [21 bytes]","args":[{"element-6066-11e4-a52e-4f735466cecf":"f.28B3938976AE045AB453DEB1F393C1FC.d.4EDA791B951BCC0BC8A01472331EDB5F.e.31","ELEMENT":"f.28B3938976AE045AB453DEB1F393C1FC.d.4EDA791B951BCC0BC8A01472331EDB5F.e.31"}]}
COMMAND: POST /session/cc58bfe61896e2bb084cfc4f992c5b15/execute/sync - {"script":"<script> [21 bytes]","args":[{"element-6066-11e4-a52e-4f735466cecf":"f.47E39388F59B4FB7C7C0448B47B5CFCC.d.BA6F12F45D92B887DBC43DE0C160AFED.e.50","ELEMENT":"f.47E39388F59B4FB7C7C0448B47B5CFCC.d.BA6F12F45D92B887DBC43DE0C160AFED.e.50"}]}
COMMAND: POST /session/cc58bfe61896e2bb084cfc4f992c5b15/execute/sync - {"script":"<script> [21 bytes]","args":[{"element-6066-11e4-a52e-4f735466cecf":"f.CA9998A4DA91564A2011F39975659022.d.16E31CC84A6D76C7861BA4346F31AD33.e.42","ELEMENT":"f.CA9998A4DA91564A2011F39975659022.d.16E31CC84A6D76C7861BA4346F31AD33.e.42"}]}
COMMAND: POST /session/cc58bfe61896e2bb084cfc4f992c5b15/execute/sync - {"script":"<script> [21 bytes]","args":[{"element-6066-11e4-a52e-4f735466cecf":"f.FB2A3FC95C72279062B9A519D85CA8F8.d.11311882C92AC82CE7EC4FE291A5A497.e.43","ELEMENT":"f.FB2A3FC95C72279062B9A519D85CA8F8.d.11311882C92AC82CE7EC4FE291A5A497.e.43"}]}
RESULT: {"url":"http://localhost:3000/home"}
COMMAND: POST /session/cc58bfe61896e2bb084cfc4f992c5b15/url - {"url":"http://localhost:3000/"}
RESULT: {"script":"<script> [21 bytes]","args":[{"element-6066-11e4-a52e-4f735466cecf":"f.33FD8427D1AA21B7566A52F9DB5C948B.d.4C9CA5E115DE6CA105AEE432E2042397.e.49","ELEMENT":"f.33FD8427D1AA21B7566A52F9DB5C948B.d.4C9CA5E115DE6CA105AEE432E2042397.e.49"}]}
RESULT: {"script":"<script> [21 bytes]","args":[{"element-6066-11e4-a52e-4f735466cecf":"f.28B3938976AE045AB453DEB1F393C1FC.d.4EDA791B951BCC0BC8A01472331EDB5F.e.31","ELEMENT":"f.28B3938976AE045AB453DEB1F393C1FC.d.4EDA791B951BCC0BC8A01472331EDB5F.e.31"}]}
RESULT: {"script":"<script> [21 bytes]","args":[{"element-6066-11e4-a52e-4f735466cecf":"f.47E39388F59B4FB7C7C0448B47B5CFCC.d.BA6F12F45D92B887DBC43DE0C160AFED.e.50","ELEMENT":"f.47E39388F59B4FB7C7C0448B47B5CFCC.d.BA6F12F45D92B887DBC43DE0C160AFED.e.50"}]}
RESULT: {"script":"<script> [21 bytes]","args":[{"element-6066-11e4-a52e-4f735466cecf":"f.CA9998A4DA91564A2011F39975659022.d.16E31CC84A6D76C7861BA4346F31AD33.e.42","ELEMENT":"f.CA9998A4DA91564A2011F39975659022.d.16E31CC84A6D76C7861BA4346F31AD33.e.42"}]}
RESULT: {"script":"<script> [21 bytes]","args":[{"element-6066-11e4-a52e-4f735466cecf":"f.FB2A3FC95C72279062B9A519D85CA8F8.d.11311882C92AC82CE7EC4FE291A5A497.e.43","ELEMENT":"f.FB2A3FC95C72279062B9A519D85CA8F8.d.11311882C92AC82CE7EC4FE291A5A497.e.43"}]}
RESULT: {"url":"http://localhost:3000/"}
COMMAND: POST /session/cc58bfe61896e2bb084cfc4f992c5b15/element - {"using":"css selector","value":"[data-testid=\"nav-products\"]"}
RESULT: {"using":"css selector","value":"[data-testid=\"nav-products\"]"}
COMMAND: POST /session/cc58bfe61896e2bb084cfc4f992c5b15/execute/sync - {"script":"<script> [21 bytes]","args":[{"element-6066-11e4-a52e-4f735466cecf":"f.854A9EF1EFCFFC8FA243810A7C295796.d.3E24ADA08CF815E9F0A2DAE53AAB3177.e.29","ELEMENT":"f.854A9EF1EFCFFC8FA243810A7C295796.d.3E24ADA08CF815E9F0A2DAE53AAB3177.e.29"}]}
RESULT: {"script":"<script> [21 bytes]","args":[{"element-6066-11e4-a52e-4f735466cecf":"f.854A9EF1EFCFFC8FA243810A7C295796.d.3E24ADA08CF815E9F0A2DAE53AAB3177.e.29","ELEMENT":"f.854A9EF1EFCFFC8FA243810A7C295796.d.3E24ADA08CF815E9F0A2DAE53AAB3177.e.29"}]}
COMMAND: POST /session/cc58bfe61896e2bb084cfc4f992c5b15/execute/sync - {"script":"<script> [21 bytes]","args":[{"element-6066-11e4-a52e-4f735466cecf":"f.854A9EF1EFCFFC8FA243810A7C295796.d.3E24ADA08CF815E9F0A2DAE53AAB3177.e.29","ELEMENT":"f.854A9EF1EFCFFC8FA243810A7C295796.d.3E24ADA08CF815E9F0A2DAE53AAB3177.e.29"}]}
RESULT: {"script":"<script> [21 bytes]","args":[{"element-6066-11e4-a52e-4f735466cecf":"f.854A9EF1EFCFFC8FA243810A7C295796.d.3E24ADA08CF815E9F0A2DAE53AAB3177.e.29","ELEMENT":"f.854A9EF1EFCFFC8FA243810A7C295796.d.3E24ADA08CF815E9F0A2DAE53AAB3177.e.29"}]}
COMMAND: POST /session/cc58bfe61896e2bb084cfc4f992c5b15/element/f.854A9EF1EFCFFC8FA243810A7C295796.d.3E24ADA08CF815E9F0A2DAE53AAB3177.e.29/click - {}
RESULT: {}
COMMAND: POST /session/cc58bfe61896e2bb084cfc4f992c5b15/element - {"using":"css selector","value":"[data-testid=\"username-input\"]"}
RESULT: {"using":"css selector","value":"[data-testid=\"username-input\"]"}
COMMAND: POST /session/cc58bfe61896e2bb084cfc4f992c5b15/element/f.854A9EF1EFCFFC8FA243810A7C295796.d.3E24ADA08CF815E9F0A2DAE53AAB3177.e.36/clear - {}
RESULT: {}
COMMAND: POST /session/cc58bfe61896e2bb084cfc4f992c5b15/element/f.854A9EF1EFCFFC8FA243810A7C295796.d.3E24ADA08CF815E9F0A2DAE53AAB3177.e.36/value - {"text":"oardPxlS5Y"}
COMMAND: POST /session/cc58bfe61896e2bb084cfc4f992c5b15/execute/sync - {"script":"<script> [21 bytes]","args":[{"element-6066-11e4-a52e-4f735466cecf":"f.33FD8427D1AA21B7566A52F9DB5C948B.d.4C9CA5E115DE6CA105AEE432E2042397.e.49","ELEMENT":"f.33FD8427D1AA21B7566A52F9DB5C948B.d.4C9CA5E115DE6CA105AEE432E2042397.e.49"}]}
COMMAND: POST /session/cc58bfe61896e2bb084cfc4f992c5b15/execute/sync - {"script":"<script> [21 bytes]","args":[{"element-6066-11e4-a52e-4f735466cecf":"f.28B3938976AE045AB453DEB1F393C1FC.d.4EDA791B951BCC0BC8A01472331EDB5F.e.31","ELEMENT":"f.28B3938976AE045AB453DEB1F393C1FC.d.4EDA791B951BCC0BC8A01472331EDB5F.e.31"}]}
COMMAND: POST /session/cc58bfe61896e2bb084cfc4f992c5b15/execute/sync - {"script":"<script> [21 bytes]","args":[{"element-6066-11e4-a52e-4f735466cecf":"f.47E39388F59B4FB7C7C0448B47B5CFCC.d.BA6F12F45D92B887DBC43DE0C160AFED.e.50","ELEMENT":"f.47E39388F59B4FB7C7C0448B47B5CFCC.d.BA6F12F45D92B887DBC43DE0C160AFED.e.50"}]}
COMMAND: POST /session/cc58bfe61896e2bb084cfc4f992c5b15/execute/sync - {"script":"<script> [21 bytes]","args":[{"element-6066-11e4-a52e-4f735466cecf":"f.CA9998A4DA91564A2011F39975659022.d.16E31CC84A6D76C7861BA4346F31AD33.e.42","ELEMENT":"f.CA9998A4DA91564A2011F39975659022.d.16E31CC84A6D76C7861BA4346F31AD33.e.42"}]}
COMMAND: POST /session/cc58bfe61896e2bb084cfc4f992c5b15/execute/sync - {"script":"<script> [21 bytes]","args":[{"element-6066-11e4-a52e-4f735466cecf":"f.FB2A3FC95C72279062B9A519D85CA8F8.d.11311882C92AC82CE7EC4FE291A5A497.e.43","ELEMENT":"f.FB2A3FC95C72279062B9A519D85CA8F8.d.11311882C92AC82CE7EC4FE291A5A497.e.43"}]}
RESULT: {"text":"oardPxlS5Y"}
COMMAND: POST /session/cc58bfe61896e2bb084cfc4f992c5b15/element - {"using":"css selector","value":"[data-testid=\"password-input\"]"}
RESULT: {"script":"<script> [21 bytes]","args":[{"element-6066-11e4-a52e-4f735466cecf":"f.33FD8427D1AA21B7566A52F9DB5C948B.d.4C9CA5E115DE6CA105AEE432E2042397.e.49","ELEMENT":"f.33FD8427D1AA21B7566A52F9DB5C948B.d.4C9CA5E115DE6CA105AEE432E2042397.e.49"}]}
RESULT: {"script":"<script> [21 bytes]","args":[{"element-6066-11e4-a52e-4f735466cecf":"f.28B3938976AE045AB453DEB1F393C1FC.d.4EDA791B951BCC0BC8A01472331EDB5F.e.31","ELEMENT":"f.28B3938976AE045AB453DEB1F393C1FC.d.4EDA791B951BCC0BC8A01472331EDB5F.e.31"}]}
RESULT: {"script":"<script> [21 bytes]","args":[{"element-6066-11e4-a52e-4f735466cecf":"f.47E39388F59B4FB7C7C0448B47B5CFCC.d.BA6F12F45D92B887DBC43DE0C160AFED.e.50","ELEMENT":"f.47E39388F59B4FB7C7C0448B47B5CFCC.d.BA6F12F45D92B887DBC43DE0C160AFED.e.50"}]}
RESULT: {"script":"<script> [21 bytes]","args":[{"element-6066-11e4-a52e-4f735466cecf":"f.CA9998A4DA91564A2011F39975659022.d.16E31CC84A6D76C7861BA4346F31AD33.e.42","ELEMENT":"f.CA9998A4DA91564A2011F39975659022.d.16E31CC84A6D76C7861BA4346F31AD33.e.42"}]}
RESULT: {"script":"<script> [21 bytes]","args":[{"element-6066-11e4-a52e-4f735466cecf":"f.FB2A3FC95C72279062B9A519D85CA8F8.d.11311882C92AC82CE7EC4FE291A5A497.e.43","ELEMENT":"f.FB2A3FC95C72279062B9A519D85CA8F8.d.11311882C92AC82CE7EC4FE291A5A497.e.43"}]}
RESULT: {"using":"css selector","value":"[data-testid=\"password-input\"]"}
COMMAND: POST /session/cc58bfe61896e2bb084cfc4f992c5b15/element/f.854A9EF1EFCFFC8FA243810A7C295796.d.3E24ADA08CF815E9F0A2DAE53AAB3177.e.38/clear - {}
RESULT: {}
COMMAND: POST /session/cc58bfe61896e2bb084cfc4f992c5b15/element/f.854A9EF1EFCFFC8FA243810A7C295796.d.3E24ADA08CF815E9F0A2DAE53AAB3177.e.38/value - {"text":"WS9d2jnyU5jOFxBA9aRy"}
RESULT: {"text":"WS9d2jnyU5jOFxBA9aRy"}
COMMAND: POST /session/cc58bfe61896e2bb084cfc4f992c5b15/element - {"using":"css selector","value":"[data-testid=\"login-button\"]"}
RESULT: {"using":"css selector","value":"[data-testid=\"login-button\"]"}
COMMAND: POST /session/cc58bfe61896e2bb084cfc4f992c5b15/element/f.854A9EF1EFCFFC8FA243810A7C295796.d.3E24ADA08CF815E9F0A2DAE53AAB3177.e.41/click - {}
RESULT: {}
COMMAND: GET /session/cc58bfe61896e2bb084cfc4f992c5b15/url - {}
RESULT: {}
COMMAND: GET /session/cc58bfe61896e2bb084cfc4f992c5b15/screenshot - {}
COMMAND: POST /session/cc58bfe61896e2bb084cfc4f992c5b15/execute/sync - {"script":"<script> [21 bytes]","args":[{"element-6066-11e4-a52e-4f735466cecf":"f.33FD8427D1AA21B7566A52F9DB5C948B.d.4C9CA5E115DE6CA105AEE432E2042397.e.49","ELEMENT":"f.33FD8427D1AA21B7566A52F9DB5C948B.d.4C9CA5E115DE6CA105AEE432E2042397.e.49"}]}
COMMAND: POST /session/cc58bfe61896e2bb084cfc4f992c5b15/execute/sync - {"script":"<script> [21 bytes]","args":[{"element-6066-11e4-a52e-4f735466cecf":"f.28B3938976AE045AB453DEB1F393C1FC.d.4EDA791B951BCC0BC8A01472331EDB5F.e.31","ELEMENT":"f.28B3938976AE045AB453DEB1F393C1FC.d.4EDA791B951BCC0BC8A01472331EDB5F.e.31"}]}
COMMAND: POST /session/cc58bfe61896e2bb084cfc4f992c5b15/execute/sync - {"script":"<script> [21 bytes]","args":[{"element-6066-11e4-a52e-4f735466cecf":"f.47E39388F59B4FB7C7C0448B47B5CFCC.d.BA6F12F45D92B887DBC43DE0C160AFED.e.50","ELEMENT":"f.47E39388F59B4FB7C7C0448B47B5CFCC.d.BA6F12F45D92B887DBC43DE0C160AFED.e.50"}]}
COMMAND: POST /session/cc58bfe61896e2bb084cfc4f992c5b15/execute/sync - {"script":"<script> [21 bytes]","args":[{"element-6066-11e4-a52e-4f735466cecf":"f.CA9998A4DA91564A2011F39975659022.d.16E31CC84A6D76C7861BA4346F31AD33.e.42","ELEMENT":"f.CA9998A4DA91564A2011F39975659022.d.16E31CC84A6D76C7861BA4346F31AD33.e.42"}]}
COMMAND: POST /session/cc58bfe61896e2bb084cfc4f992c5b15/execute/sync - {"script":"<script> [21 bytes]","args":[{"element-6066-11e4-a52e-4f735466cecf":"f.FB2A3FC95C72279062B9A519D85CA8F8.d.11311882C92AC82CE7EC4FE291A5A497.e.43","ELEMENT":"f.FB2A3FC95C72279062B9A519D85CA8F8.d.11311882C92AC82CE7EC4FE291A5A497.e.43"}]}
RESULT: {}
COMMAND: POST /session/cc58bfe61896e2bb084cfc4f992c5b15/element - {"using":"css selector","value":"[data-testid=\"reset-button\"]"}
RESULT: {"script":"<script> [21 bytes]","args":[{"element-6066-11e4-a52e-4f735466cecf":"f.33FD8427D1AA21B7566A52F9DB5C948B.d.4C9CA5E115DE6CA105AEE432E2042397.e.49","ELEMENT":"f.33FD8427D1AA21B7566A52F9DB5C948B.d.4C9CA5E115DE6CA105AEE432E2042397.e.49"}]}
RESULT: {"script":"<script> [21 bytes]","args":[{"element-6066-11e4-a52e-4f735466cecf":"f.28B3938976AE045AB453DEB1F393C1FC.d.4EDA791B951BCC0BC8A01472331EDB5F.e.31","ELEMENT":"f.28B3938976AE045AB453DEB1F393C1FC.d.4EDA791B951BCC0BC8A01472331EDB5F.e.31"}]}
RESULT: {"script":"<script> [21 bytes]","args":[{"element-6066-11e4-a52e-4f735466cecf":"f.47E39388F59B4FB7C7C0448B47B5CFCC.d.BA6F12F45D92B887DBC43DE0C160AFED.e.50","ELEMENT":"f.47E39388F59B4FB7C7C0448B47B5CFCC.d.BA6F12F45D92B887DBC43DE0C160AFED.e.50"}]}
RESULT: {"script":"<script> [21 bytes]","args":[{"element-6066-11e4-a52e-4f735466cecf":"f.CA9998A4DA91564A2011F39975659022.d.16E31CC84A6D76C7861BA4346F31AD33.e.42","ELEMENT":"f.CA9998A4DA91564A2011F39975659022.d.16E31CC84A6D76C7861BA4346F31AD33.e.42"}]}
RESULT: {"script":"<script> [21 bytes]","args":[{"element-6066-11e4-a52e-4f735466cecf":"f.FB2A3FC95C72279062B9A519D85CA8F8.d.11311882C92AC82CE7EC4FE291A5A497.e.43","ELEMENT":"f.FB2A3FC95C72279062B9A519D85CA8F8.d.11311882C92AC82CE7EC4FE291A5A497.e.43"}]}
RESULT: {"using":"css selector","value":"[data-testid=\"reset-button\"]"}
COMMAND: DELETE /session/cc58bfe61896e2bb084cfc4f992c5b15 - {"deleteSessionOpts":{"shutdownDriver":false}}
COMMAND: POST /session/cc58bfe61896e2bb084cfc4f992c5b15/execute/sync - {"script":"<script> [21 bytes]","args":[{"element-6066-11e4-a52e-4f735466cecf":"f.854A9EF1EFCFFC8FA243810A7C295796.d.3E24ADA08CF815E9F0A2DAE53AAB3177.e.42","ELEMENT":"f.854A9EF1EFCFFC8FA243810A7C295796.d.3E24ADA08CF815E9F0A2DAE53AAB3177.e.42"}]}
RESULT: {"deleteSessionOpts":{"shutdownDriver":false}}
COMMAND: POST /session/cc58bfe61896e2bb084cfc4f992c5b15/execute/sync - {"script":"<script> [21 bytes]","args":[{"element-6066-11e4-a52e-4f735466cecf":"f.33FD8427D1AA21B7566A52F9DB5C948B.d.4C9CA5E115DE6CA105AEE432E2042397.e.49","ELEMENT":"f.33FD8427D1AA21B7566A52F9DB5C948B.d.4C9CA5E115DE6CA105AEE432E2042397.e.49"}]}
COMMAND: POST /session/cc58bfe61896e2bb084cfc4f992c5b15/execute/sync - {"script":"<script> [21 bytes]","args":[{"element-6066-11e4-a52e-4f735466cecf":"f.28B3938976AE045AB453DEB1F393C1FC.d.4EDA791B951BCC0BC8A01472331EDB5F.e.31","ELEMENT":"f.28B3938976AE045AB453DEB1F393C1FC.d.4EDA791B951BCC0BC8A01472331EDB5F.e.31"}]}
COMMAND: POST /session/cc58bfe61896e2bb084cfc4f992c5b15/execute/sync - {"script":"<script> [21 bytes]","args":[{"element-6066-11e4-a52e-4f735466cecf":"f.47E39388F59B4FB7C7C0448B47B5CFCC.d.BA6F12F45D92B887DBC43DE0C160AFED.e.50","ELEMENT":"f.47E39388F59B4FB7C7C0448B47B5CFCC.d.BA6F12F45D92B887DBC43DE0C160AFED.e.50"}]}
COMMAND: POST /session/cc58bfe61896e2bb084cfc4f992c5b15/execute/sync - {"script":"<script> [21 bytes]","args":[{"element-6066-11e4-a52e-4f735466cecf":"f.CA9998A4DA91564A2011F39975659022.d.16E31CC84A6D76C7861BA4346F31AD33.e.42","ELEMENT":"f.CA9998A4DA91564A2011F39975659022.d.16E31CC84A6D76C7861BA4346F31AD33.e.42"}]}
COMMAND: POST /session/cc58bfe61896e2bb084cfc4f992c5b15/execute/sync - {"script":"<script> [21 bytes]","args":[{"element-6066-11e4-a52e-4f735466cecf":"f.FB2A3FC95C72279062B9A519D85CA8F8.d.11311882C92AC82CE7EC4FE291A5A497.e.43","ELEMENT":"f.FB2A3FC95C72279062B9A519D85CA8F8.d.11311882C92AC82CE7EC4FE291A5A497.e.43"}]}
COMMAND: POST /session/cc58bfe61896e2bb084cfc4f992c5b15/execute/sync - {"script":"<script> [21 bytes]","args":[{"element-6066-11e4-a52e-4f735466cecf":"f.854A9EF1EFCFFC8FA243810A7C295796.d.3E24ADA08CF815E9F0A2DAE53AAB3177.e.42","ELEMENT":"f.854A9EF1EFCFFC8FA243810A7C295796.d.3E24ADA08CF815E9F0A2DAE53AAB3177.e.42"}]}
COMMAND: POST /session/cc58bfe61896e2bb084cfc4f992c5b15/execute/sync - {"script":"<script> [21 bytes]","args":[{"element-6066-11e4-a52e-4f735466cecf":"f.33FD8427D1AA21B7566A52F9DB5C948B.d.4C9CA5E115DE6CA105AEE432E2042397.e.49","ELEMENT":"f.33FD8427D1AA21B7566A52F9DB5C948B.d.4C9CA5E115DE6CA105AEE432E2042397.e.49"}]}
COMMAND: POST /session/cc58bfe61896e2bb084cfc4f992c5b15/execute/sync - {"script":"<script> [21 bytes]","args":[{"element-6066-11e4-a52e-4f735466cecf":"f.28B3938976AE045AB453DEB1F393C1FC.d.4EDA791B951BCC0BC8A01472331EDB5F.e.31","ELEMENT":"f.28B3938976AE045AB453DEB1F393C1FC.d.4EDA791B951BCC0BC8A01472331EDB5F.e.31"}]}
COMMAND: POST /session/cc58bfe61896e2bb084cfc4f992c5b15/execute/sync - {"script":"<script> [21 bytes]","args":[{"element-6066-11e4-a52e-4f735466cecf":"f.47E39388F59B4FB7C7C0448B47B5CFCC.d.BA6F12F45D92B887DBC43DE0C160AFED.e.50","ELEMENT":"f.47E39388F59B4FB7C7C0448B47B5CFCC.d.BA6F12F45D92B887DBC43DE0C160AFED.e.50"}]}
COMMAND: POST /session/cc58bfe61896e2bb084cfc4f992c5b15/execute/sync - {"script":"<script> [21 bytes]","args":[{"element-6066-11e4-a52e-4f735466cecf":"f.CA9998A4DA91564A2011F39975659022.d.16E31CC84A6D76C7861BA4346F31AD33.e.42","ELEMENT":"f.CA9998A4DA91564A2011F39975659022.d.16E31CC84A6D76C7861BA4346F31AD33.e.42"}]}
COMMAND: POST /session/cc58bfe61896e2bb084cfc4f992c5b15/execute/sync - {"script":"<script> [21 bytes]","args":[{"element-6066-11e4-a52e-4f735466cecf":"f.FB2A3FC95C72279062B9A519D85CA8F8.d.11311882C92AC82CE7EC4FE291A5A497.e.43","ELEMENT":"f.FB2A3FC95C72279062B9A519D85CA8F8.d.11311882C92AC82CE7EC4FE291A5A497.e.43"}]}
COMMAND: DELETE /session/df4f7ec0821657ca4b64cba43d9c963f - {}
COMMAND: POST /session/df4f7ec0821657ca4b64cba43d9c963f/execute/sync - {"script":"<script> [21 bytes]","args":[{"element-6066-11e4-a52e-4f735466cecf":"f.854A9EF1EFCFFC8FA243810A7C295796.d.3E24ADA08CF815E9F0A2DAE53AAB3177.e.42","ELEMENT":"f.854A9EF1EFCFFC8FA243810A7C295796.d.3E24ADA08CF815E9F0A2DAE53AAB3177.e.42"}]}
COMMAND: POST /session/df4f7ec0821657ca4b64cba43d9c963f/execute/sync - {"script":"<script> [21 bytes]","args":[{"element-6066-11e4-a52e-4f735466cecf":"f.33FD8427D1AA21B7566A52F9DB5C948B.d.4C9CA5E115DE6CA105AEE432E2042397.e.49","ELEMENT":"f.33FD8427D1AA21B7566A52F9DB5C948B.d.4C9CA5E115DE6CA105AEE432E2042397.e.49"}]}
COMMAND: POST /session/df4f7ec0821657ca4b64cba43d9c963f/execute/sync - {"script":"<script> [21 bytes]","args":[{"element-6066-11e4-a52e-4f735466cecf":"f.28B3938976AE045AB453DEB1F393C1FC.d.4EDA791B951BCC0BC8A01472331EDB5F.e.31","ELEMENT":"f.28B3938976AE045AB453DEB1F393C1FC.d.4EDA791B951BCC0BC8A01472331EDB5F.e.31"}]}
COMMAND: POST /session/df4f7ec0821657ca4b64cba43d9c963f/execute/sync - {"script":"<script> [21 bytes]","args":[{"element-6066-11e4-a52e-4f735466cecf":"f.47E39388F59B4FB7C7C0448B47B5CFCC.d.BA6F12F45D92B887DBC43DE0C160AFED.e.50","ELEMENT":"f.47E39388F59B4FB7C7C0448B47B5CFCC.d.BA6F12F45D92B887DBC43DE0C160AFED.e.50"}]}
COMMAND: POST /session/df4f7ec0821657ca4b64cba43d9c963f/execute/sync - {"script":"<script> [21 bytes]","args":[{"element-6066-11e4-a52e-4f735466cecf":"f.CA9998A4DA91564A2011F39975659022.d.16E31CC84A6D76C7861BA4346F31AD33.e.42","ELEMENT":"f.CA9998A4DA91564A2011F39975659022.d.16E31CC84A6D76C7861BA4346F31AD33.e.42"}]}
COMMAND: POST /session/df4f7ec0821657ca4b64cba43d9c963f/execute/sync - {"script":"<script> [21 bytes]","args":[{"element-6066-11e4-a52e-4f735466cecf":"f.FB2A3FC95C72279062B9A519D85CA8F8.d.11311882C92AC82CE7EC4FE291A5A497.e.43","ELEMENT":"f.FB2A3FC95C72279062B9A519D85CA8F8.d.11311882C92AC82CE7EC4FE291A5A497.e.43"}]}
RESULT: {}
]]></system-out>
    </testcase>
  </testsuite>
</testsuites>