<?xml version="1.0" encoding="UTF-8"?>
<testsuites tests="9" failures="0" errors="0" skipped="0">
  <testsuite name="Negative Login Tests Boundary and Invalid Inputs" timestamp="2024-10-20T13:30:10" time="23.796" tests="7" failures="0" errors="0" skipped="0">
    <properties>
      <property name="specId" value="0"/>
      <property name="suiteName" value="Negative Login Tests - Boundary and Invalid Inputs"/>
      <property name="capabilities" value="chrome.130_0_6723_59.windows"/>
      <property name="file" value="file:///C:/Users/User/Documents/Informatyka/qa_auto_test/webdriverio_test_project/test/specs/negativeLoginTest.js"/>
    </properties>
    <testcase classname="chrome.130_0_6723_59.windows.Negative_Login_Tests_-_Boundary_and_Invalid_Inputs" name="should show error for empty username and password and reset button should not be visible" time="2.122">
      <system-out><![CDATA[
COMMAND: POST /session/d0d47b80f7c86891779ebe3ec13f562c/url - {"url":"http://localhost:3000/home"}
RESULT: {"url":"http://localhost:3000/home"}
COMMAND: POST /session/d0d47b80f7c86891779ebe3ec13f562c/url - {"url":"http://localhost:3000/"}
RESULT: {"url":"http://localhost:3000/"}
COMMAND: POST /session/d0d47b80f7c86891779ebe3ec13f562c/element - {"using":"css selector","value":"[data-testid=\"nav-analytics\"]"}
RESULT: {"using":"css selector","value":"[data-testid=\"nav-analytics\"]"}
COMMAND: POST /session/d0d47b80f7c86891779ebe3ec13f562c/element - {"using":"css selector","value":"[data-testid=\"nav-analytics\"]"}
RESULT: {"using":"css selector","value":"[data-testid=\"nav-analytics\"]"}
COMMAND: POST /session/d0d47b80f7c86891779ebe3ec13f562c/execute/sync - {"script":"<script> [21 bytes]","args":[{"element-6066-11e4-a52e-4f735466cecf":"f.EB83B186E181A8A73D5C32542FE01E44.d.BCB819CC6FAB6F11F1C09C84D0B2CB7F.e.14","ELEMENT":"f.EB83B186E181A8A73D5C32542FE01E44.d.BCB819CC6FAB6F11F1C09C84D0B2CB7F.e.14"}]}
RESULT: {"script":"<script> [21 bytes]","args":[{"element-6066-11e4-a52e-4f735466cecf":"f.EB83B186E181A8A73D5C32542FE01E44.d.BCB819CC6FAB6F11F1C09C84D0B2CB7F.e.14","ELEMENT":"f.EB83B186E181A8A73D5C32542FE01E44.d.BCB819CC6FAB6F11F1C09C84D0B2CB7F.e.14"}]}
COMMAND: POST /session/d0d47b80f7c86891779ebe3ec13f562c/execute/sync - {"script":"<script> [21 bytes]","args":[{"element-6066-11e4-a52e-4f735466cecf":"f.EB83B186E181A8A73D5C32542FE01E44.d.BCB819CC6FAB6F11F1C09C84D0B2CB7F.e.14","ELEMENT":"f.EB83B186E181A8A73D5C32542FE01E44.d.BCB819CC6FAB6F11F1C09C84D0B2CB7F.e.14"}]}
RESULT: {"script":"<script> [21 bytes]","args":[{"element-6066-11e4-a52e-4f735466cecf":"f.EB83B186E181A8A73D5C32542FE01E44.d.BCB819CC6FAB6F11F1C09C84D0B2CB7F.e.14","ELEMENT":"f.EB83B186E181A8A73D5C32542FE01E44.d.BCB819CC6FAB6F11F1C09C84D0B2CB7F.e.14"}]}
COMMAND: POST /session/d0d47b80f7c86891779ebe3ec13f562c/element/f.EB83B186E181A8A73D5C32542FE01E44.d.BCB819CC6FAB6F11F1C09C84D0B2CB7F.e.14/click - {}
RESULT: {}
COMMAND: POST /session/d0d47b80f7c86891779ebe3ec13f562c/element - {"using":"css selector","value":"[data-testid=\"username-input\"]"}
RESULT: {"using":"css selector","value":"[data-testid=\"username-input\"]"}
COMMAND: POST /session/d0d47b80f7c86891779ebe3ec13f562c/element/f.EB83B186E181A8A73D5C32542FE01E44.d.BCB819CC6FAB6F11F1C09C84D0B2CB7F.e.23/clear - {}
RESULT: {}
COMMAND: POST /session/d0d47b80f7c86891779ebe3ec13f562c/element/f.EB83B186E181A8A73D5C32542FE01E44.d.BCB819CC6FAB6F11F1C09C84D0B2CB7F.e.23/value - {"text":""}
RESULT: {"text":""}
COMMAND: POST /session/d0d47b80f7c86891779ebe3ec13f562c/element - {"using":"css selector","value":"[data-testid=\"password-input\"]"}
RESULT: {"using":"css selector","value":"[data-testid=\"password-input\"]"}
COMMAND: POST /session/d0d47b80f7c86891779ebe3ec13f562c/element/f.EB83B186E181A8A73D5C32542FE01E44.d.BCB819CC6FAB6F11F1C09C84D0B2CB7F.e.25/clear - {}
RESULT: {}
COMMAND: POST /session/d0d47b80f7c86891779ebe3ec13f562c/element/f.EB83B186E181A8A73D5C32542FE01E44.d.BCB819CC6FAB6F11F1C09C84D0B2CB7F.e.25/value - {"text":""}
RESULT: {"text":""}
COMMAND: POST /session/d0d47b80f7c86891779ebe3ec13f562c/element - {"using":"css selector","value":"[data-testid=\"login-button\"]"}
RESULT: {"using":"css selector","value":"[data-testid=\"login-button\"]"}
COMMAND: POST /session/d0d47b80f7c86891779ebe3ec13f562c/element/f.EB83B186E181A8A73D5C32542FE01E44.d.BCB819CC6FAB6F11F1C09C84D0B2CB7F.e.28/click - {}
RESULT: {}
COMMAND: POST /session/d0d47b80f7c86891779ebe3ec13f562c/element - {"using":"css selector","value":"[data-testid=\"login-error\"]"}
RESULT: {"using":"css selector","value":"[data-testid=\"login-error\"]"}
COMMAND: GET /session/d0d47b80f7c86891779ebe3ec13f562c/element/f.EB83B186E181A8A73D5C32542FE01E44.d.BCB819CC6FAB6F11F1C09C84D0B2CB7F.e.30/text - {}
RESULT: {}
COMMAND: GET /session/d0d47b80f7c86891779ebe3ec13f562c/screenshot - {}
RESULT: {}
COMMAND: POST /session/d0d47b80f7c86891779ebe3ec13f562c/element - {"using":"css selector","value":"[data-testid=\"reset-button\"]"}
RESULT: {"using":"css selector","value":"[data-testid=\"reset-button\"]"}
COMMAND: POST /session/d0d47b80f7c86891779ebe3ec13f562c/element - {"using":"css selector","value":"[data-testid=\"reset-button\"]"}
COMMAND: DELETE /session/d0d47b80f7c86891779ebe3ec13f562c - {"deleteSessionOpts":{"shutdownDriver":false}}
RESULT: {"using":"css selector","value":"[data-testid=\"reset-button\"]"}
RESULT: {"deleteSessionOpts":{"shutdownDriver":false}}
COMMAND: POST /session/d0d47b80f7c86891779ebe3ec13f562c/element - {"using":"css selector","value":"[data-testid=\"reset-button\"]"}
COMMAND: POST /session/d0d47b80f7c86891779ebe3ec13f562c/element - {"using":"css selector","value":"[data-testid=\"reset-button\"]"}
]]></system-out>
    </testcase>
    <testcase classname="chrome.130_0_6723_59.windows.Negative_Login_Tests_-_Boundary_and_Invalid_Inputs" name="should show error for username with 1 character and password with 1 characters and reset button should not be visible" time="2.061">
      <system-out><![CDATA[
COMMAND: POST /session/e70c17466df0da0a9215b6d6222d6b81/url - {"url":"http://localhost:3000/home"}
COMMAND: POST /session/e70c17466df0da0a9215b6d6222d6b81/element - {"using":"css selector","value":"[data-testid=\"reset-button\"]"}
RESULT: {"url":"http://localhost:3000/home"}
COMMAND: POST /session/e70c17466df0da0a9215b6d6222d6b81/url - {"url":"http://localhost:3000/"}
RESULT: {"using":"css selector","value":"[data-testid=\"reset-button\"]"}
RESULT: {"url":"http://localhost:3000/"}
COMMAND: POST /session/e70c17466df0da0a9215b6d6222d6b81/element - {"using":"css selector","value":"[data-testid=\"nav-analytics\"]"}
RESULT: {"using":"css selector","value":"[data-testid=\"nav-analytics\"]"}
COMMAND: POST /session/e70c17466df0da0a9215b6d6222d6b81/execute/sync - {"script":"<script> [21 bytes]","args":[{"element-6066-11e4-a52e-4f735466cecf":"f.B0B2F30F31EDA13B9CE912F37E79600C.d.0761ACD05AD5FCB32B4C90274373375D.e.29","ELEMENT":"f.B0B2F30F31EDA13B9CE912F37E79600C.d.0761ACD05AD5FCB32B4C90274373375D.e.29"}]}
RESULT: {"script":"<script> [21 bytes]","args":[{"element-6066-11e4-a52e-4f735466cecf":"f.B0B2F30F31EDA13B9CE912F37E79600C.d.0761ACD05AD5FCB32B4C90274373375D.e.29","ELEMENT":"f.B0B2F30F31EDA13B9CE912F37E79600C.d.0761ACD05AD5FCB32B4C90274373375D.e.29"}]}
COMMAND: POST /session/e70c17466df0da0a9215b6d6222d6b81/execute/sync - {"script":"<script> [21 bytes]","args":[{"element-6066-11e4-a52e-4f735466cecf":"f.B0B2F30F31EDA13B9CE912F37E79600C.d.0761ACD05AD5FCB32B4C90274373375D.e.29","ELEMENT":"f.B0B2F30F31EDA13B9CE912F37E79600C.d.0761ACD05AD5FCB32B4C90274373375D.e.29"}]}
RESULT: {"script":"<script> [21 bytes]","args":[{"element-6066-11e4-a52e-4f735466cecf":"f.B0B2F30F31EDA13B9CE912F37E79600C.d.0761ACD05AD5FCB32B4C90274373375D.e.29","ELEMENT":"f.B0B2F30F31EDA13B9CE912F37E79600C.d.0761ACD05AD5FCB32B4C90274373375D.e.29"}]}
COMMAND: POST /session/e70c17466df0da0a9215b6d6222d6b81/element/f.B0B2F30F31EDA13B9CE912F37E79600C.d.0761ACD05AD5FCB32B4C90274373375D.e.29/click - {}
RESULT: {}
COMMAND: POST /session/e70c17466df0da0a9215b6d6222d6b81/element - {"using":"css selector","value":"[data-testid=\"username-input\"]"}
RESULT: {"using":"css selector","value":"[data-testid=\"username-input\"]"}
COMMAND: POST /session/e70c17466df0da0a9215b6d6222d6b81/element/f.B0B2F30F31EDA13B9CE912F37E79600C.d.0761ACD05AD5FCB32B4C90274373375D.e.38/clear - {}
RESULT: {}
COMMAND: POST /session/e70c17466df0da0a9215b6d6222d6b81/element/f.B0B2F30F31EDA13B9CE912F37E79600C.d.0761ACD05AD5FCB32B4C90274373375D.e.38/value - {"text":"F"}
RESULT: {"text":"F"}
COMMAND: POST /session/e70c17466df0da0a9215b6d6222d6b81/element - {"using":"css selector","value":"[data-testid=\"password-input\"]"}
COMMAND: POST /session/e70c17466df0da0a9215b6d6222d6b81/element - {"using":"css selector","value":"[data-testid=\"reset-button\"]"}
RESULT: {"using":"css selector","value":"[data-testid=\"password-input\"]"}
COMMAND: POST /session/e70c17466df0da0a9215b6d6222d6b81/element/f.B0B2F30F31EDA13B9CE912F37E79600C.d.0761ACD05AD5FCB32B4C90274373375D.e.40/clear - {}
RESULT: {"using":"css selector","value":"[data-testid=\"reset-button\"]"}
RESULT: {}
COMMAND: POST /session/e70c17466df0da0a9215b6d6222d6b81/element/f.B0B2F30F31EDA13B9CE912F37E79600C.d.0761ACD05AD5FCB32B4C90274373375D.e.40/value - {"text":"K"}
RESULT: {"text":"K"}
COMMAND: POST /session/e70c17466df0da0a9215b6d6222d6b81/element - {"using":"css selector","value":"[data-testid=\"login-button\"]"}
RESULT: {"using":"css selector","value":"[data-testid=\"login-button\"]"}
COMMAND: POST /session/e70c17466df0da0a9215b6d6222d6b81/element/f.B0B2F30F31EDA13B9CE912F37E79600C.d.0761ACD05AD5FCB32B4C90274373375D.e.43/click - {}
RESULT: {}
COMMAND: POST /session/e70c17466df0da0a9215b6d6222d6b81/element - {"using":"css selector","value":"[data-testid=\"login-error\"]"}
RESULT: {"using":"css selector","value":"[data-testid=\"login-error\"]"}
COMMAND: GET /session/e70c17466df0da0a9215b6d6222d6b81/element/f.B0B2F30F31EDA13B9CE912F37E79600C.d.0761ACD05AD5FCB32B4C90274373375D.e.45/text - {}
RESULT: {}
COMMAND: GET /session/e70c17466df0da0a9215b6d6222d6b81/screenshot - {}
RESULT: {}
COMMAND: POST /session/e70c17466df0da0a9215b6d6222d6b81/element - {"using":"css selector","value":"[data-testid=\"reset-button\"]"}
RESULT: {"using":"css selector","value":"[data-testid=\"reset-button\"]"}
COMMAND: POST /session/e70c17466df0da0a9215b6d6222d6b81/element - {"using":"css selector","value":"[data-testid=\"reset-button\"]"}
COMMAND: DELETE /session/e70c17466df0da0a9215b6d6222d6b81 - {"deleteSessionOpts":{"shutdownDriver":false}}
RESULT: {"using":"css selector","value":"[data-testid=\"reset-button\"]"}
COMMAND: POST /session/e70c17466df0da0a9215b6d6222d6b81/element - {"using":"css selector","value":"[data-testid=\"reset-button\"]"}
RESULT: {"deleteSessionOpts":{"shutdownDriver":false}}
COMMAND: POST /session/e70c17466df0da0a9215b6d6222d6b81/element - {"using":"css selector","value":"[data-testid=\"reset-button\"]"}
COMMAND: POST /session/e70c17466df0da0a9215b6d6222d6b81/element - {"using":"css selector","value":"[data-testid=\"reset-button\"]"}
]]></system-out>
    </testcase>
    <testcase classname="chrome.130_0_6723_59.windows.Negative_Login_Tests_-_Boundary_and_Invalid_Inputs" name="should show error for username with 9 characters and password with 9 characters and reset button should not be visible" time="2.233">
      <system-out><![CDATA[
COMMAND: POST /session/e12ec268287da0386d29c749e3a41e4d/url - {"url":"http://localhost:3000/home"}
COMMAND: POST /session/e12ec268287da0386d29c749e3a41e4d/element - {"using":"css selector","value":"[data-testid=\"reset-button\"]"}
COMMAND: POST /session/e12ec268287da0386d29c749e3a41e4d/element - {"using":"css selector","value":"[data-testid=\"reset-button\"]"}
RESULT: {"url":"http://localhost:3000/home"}
COMMAND: POST /session/e12ec268287da0386d29c749e3a41e4d/url - {"url":"http://localhost:3000/"}
RESULT: {"using":"css selector","value":"[data-testid=\"reset-button\"]"}
RESULT: {"using":"css selector","value":"[data-testid=\"reset-button\"]"}
RESULT: {"url":"http://localhost:3000/"}
COMMAND: POST /session/e12ec268287da0386d29c749e3a41e4d/element - {"using":"css selector","value":"[data-testid=\"nav-analytics\"]"}
RESULT: {"using":"css selector","value":"[data-testid=\"nav-analytics\"]"}
COMMAND: POST /session/e12ec268287da0386d29c749e3a41e4d/execute/sync - {"script":"<script> [21 bytes]","args":[{"element-6066-11e4-a52e-4f735466cecf":"f.6ECAA0C1DDB698A76C64177A2904277D.d.F23E83F2ACBDDF249F6F81C824A45165.e.31","ELEMENT":"f.6ECAA0C1DDB698A76C64177A2904277D.d.F23E83F2ACBDDF249F6F81C824A45165.e.31"}]}
RESULT: {"script":"<script> [21 bytes]","args":[{"element-6066-11e4-a52e-4f735466cecf":"f.6ECAA0C1DDB698A76C64177A2904277D.d.F23E83F2ACBDDF249F6F81C824A45165.e.31","ELEMENT":"f.6ECAA0C1DDB698A76C64177A2904277D.d.F23E83F2ACBDDF249F6F81C824A45165.e.31"}]}
COMMAND: POST /session/e12ec268287da0386d29c749e3a41e4d/execute/sync - {"script":"<script> [21 bytes]","args":[{"element-6066-11e4-a52e-4f735466cecf":"f.6ECAA0C1DDB698A76C64177A2904277D.d.F23E83F2ACBDDF249F6F81C824A45165.e.31","ELEMENT":"f.6ECAA0C1DDB698A76C64177A2904277D.d.F23E83F2ACBDDF249F6F81C824A45165.e.31"}]}
RESULT: {"script":"<script> [21 bytes]","args":[{"element-6066-11e4-a52e-4f735466cecf":"f.6ECAA0C1DDB698A76C64177A2904277D.d.F23E83F2ACBDDF249F6F81C824A45165.e.31","ELEMENT":"f.6ECAA0C1DDB698A76C64177A2904277D.d.F23E83F2ACBDDF249F6F81C824A45165.e.31"}]}
COMMAND: POST /session/e12ec268287da0386d29c749e3a41e4d/element/f.6ECAA0C1DDB698A76C64177A2904277D.d.F23E83F2ACBDDF249F6F81C824A45165.e.31/click - {}
RESULT: {}
COMMAND: POST /session/e12ec268287da0386d29c749e3a41e4d/element - {"using":"css selector","value":"[data-testid=\"username-input\"]"}
RESULT: {"using":"css selector","value":"[data-testid=\"username-input\"]"}
COMMAND: POST /session/e12ec268287da0386d29c749e3a41e4d/element/f.6ECAA0C1DDB698A76C64177A2904277D.d.F23E83F2ACBDDF249F6F81C824A45165.e.36/clear - {}
RESULT: {}
COMMAND: POST /session/e12ec268287da0386d29c749e3a41e4d/element/f.6ECAA0C1DDB698A76C64177A2904277D.d.F23E83F2ACBDDF249F6F81C824A45165.e.36/value - {"text":"s9ynhQz9H"}
COMMAND: POST /session/e12ec268287da0386d29c749e3a41e4d/element - {"using":"css selector","value":"[data-testid=\"reset-button\"]"}
COMMAND: POST /session/e12ec268287da0386d29c749e3a41e4d/element - {"using":"css selector","value":"[data-testid=\"reset-button\"]"}
RESULT: {"text":"s9ynhQz9H"}
COMMAND: POST /session/e12ec268287da0386d29c749e3a41e4d/element - {"using":"css selector","value":"[data-testid=\"password-input\"]"}
RESULT: {"using":"css selector","value":"[data-testid=\"reset-button\"]"}
RESULT: {"using":"css selector","value":"[data-testid=\"reset-button\"]"}
RESULT: {"using":"css selector","value":"[data-testid=\"password-input\"]"}
COMMAND: POST /session/e12ec268287da0386d29c749e3a41e4d/element/f.6ECAA0C1DDB698A76C64177A2904277D.d.F23E83F2ACBDDF249F6F81C824A45165.e.38/clear - {}
RESULT: {}
COMMAND: POST /session/e12ec268287da0386d29c749e3a41e4d/element/f.6ECAA0C1DDB698A76C64177A2904277D.d.F23E83F2ACBDDF249F6F81C824A45165.e.38/value - {"text":"FPdbbtuQV"}
RESULT: {"text":"FPdbbtuQV"}
COMMAND: POST /session/e12ec268287da0386d29c749e3a41e4d/element - {"using":"css selector","value":"[data-testid=\"login-button\"]"}
RESULT: {"using":"css selector","value":"[data-testid=\"login-button\"]"}
COMMAND: POST /session/e12ec268287da0386d29c749e3a41e4d/element/f.6ECAA0C1DDB698A76C64177A2904277D.d.F23E83F2ACBDDF249F6F81C824A45165.e.41/click - {}
RESULT: {}
COMMAND: POST /session/e12ec268287da0386d29c749e3a41e4d/element - {"using":"css selector","value":"[data-testid=\"login-error\"]"}
RESULT: {"using":"css selector","value":"[data-testid=\"login-error\"]"}
COMMAND: GET /session/e12ec268287da0386d29c749e3a41e4d/element/f.6ECAA0C1DDB698A76C64177A2904277D.d.F23E83F2ACBDDF249F6F81C824A45165.e.43/text - {}
RESULT: {}
COMMAND: GET /session/e12ec268287da0386d29c749e3a41e4d/screenshot - {}
RESULT: {}
COMMAND: POST /session/e12ec268287da0386d29c749e3a41e4d/element - {"using":"css selector","value":"[data-testid=\"reset-button\"]"}
RESULT: {"using":"css selector","value":"[data-testid=\"reset-button\"]"}
COMMAND: POST /session/e12ec268287da0386d29c749e3a41e4d/element - {"using":"css selector","value":"[data-testid=\"reset-button\"]"}
COMMAND: DELETE /session/e12ec268287da0386d29c749e3a41e4d - {"deleteSessionOpts":{"shutdownDriver":false}}
RESULT: {"using":"css selector","value":"[data-testid=\"reset-button\"]"}
COMMAND: POST /session/e12ec268287da0386d29c749e3a41e4d/element - {"using":"css selector","value":"[data-testid=\"reset-button\"]"}
COMMAND: POST /session/e12ec268287da0386d29c749e3a41e4d/element - {"using":"css selector","value":"[data-testid=\"reset-button\"]"}
RESULT: {"deleteSessionOpts":{"shutdownDriver":false}}
COMMAND: POST /session/e12ec268287da0386d29c749e3a41e4d/element - {"using":"css selector","value":"[data-testid=\"reset-button\"]"}
COMMAND: POST /session/e12ec268287da0386d29c749e3a41e4d/element - {"using":"css selector","value":"[data-testid=\"reset-button\"]"}
COMMAND: POST /session/e12ec268287da0386d29c749e3a41e4d/element - {"using":"css selector","value":"[data-testid=\"reset-button\"]"}
]]></system-out>
    </testcase>
    <testcase classname="chrome.130_0_6723_59.windows.Negative_Login_Tests_-_Boundary_and_Invalid_Inputs" name="should show error for username with 21 characters and password with 21 characters and reset button should not be visible" time="2.446">
      <system-out><![CDATA[
COMMAND: POST /session/de03cc73cb14cf34a18154602eae0bb1/url - {"url":"http://localhost:3000/home"}
COMMAND: POST /session/de03cc73cb14cf34a18154602eae0bb1/element - {"using":"css selector","value":"[data-testid=\"reset-button\"]"}
COMMAND: POST /session/de03cc73cb14cf34a18154602eae0bb1/element - {"using":"css selector","value":"[data-testid=\"reset-button\"]"}
COMMAND: POST /session/de03cc73cb14cf34a18154602eae0bb1/element - {"using":"css selector","value":"[data-testid=\"reset-button\"]"}
RESULT: {"url":"http://localhost:3000/home"}
COMMAND: POST /session/de03cc73cb14cf34a18154602eae0bb1/url - {"url":"http://localhost:3000/"}
RESULT: {"using":"css selector","value":"[data-testid=\"reset-button\"]"}
RESULT: {"using":"css selector","value":"[data-testid=\"reset-button\"]"}
RESULT: {"using":"css selector","value":"[data-testid=\"reset-button\"]"}
RESULT: {"url":"http://localhost:3000/"}
COMMAND: POST /session/de03cc73cb14cf34a18154602eae0bb1/element - {"using":"css selector","value":"[data-testid=\"nav-analytics\"]"}
RESULT: {"using":"css selector","value":"[data-testid=\"nav-analytics\"]"}
COMMAND: POST /session/de03cc73cb14cf34a18154602eae0bb1/execute/sync - {"script":"<script> [21 bytes]","args":[{"element-6066-11e4-a52e-4f735466cecf":"f.67DDC2320FC18BC811B9758795DB2F14.d.F877211A9EA1E7F8256F228AA10A96F9.e.31","ELEMENT":"f.67DDC2320FC18BC811B9758795DB2F14.d.F877211A9EA1E7F8256F228AA10A96F9.e.31"}]}
RESULT: {"script":"<script> [21 bytes]","args":[{"element-6066-11e4-a52e-4f735466cecf":"f.67DDC2320FC18BC811B9758795DB2F14.d.F877211A9EA1E7F8256F228AA10A96F9.e.31","ELEMENT":"f.67DDC2320FC18BC811B9758795DB2F14.d.F877211A9EA1E7F8256F228AA10A96F9.e.31"}]}
COMMAND: POST /session/de03cc73cb14cf34a18154602eae0bb1/execute/sync - {"script":"<script> [21 bytes]","args":[{"element-6066-11e4-a52e-4f735466cecf":"f.67DDC2320FC18BC811B9758795DB2F14.d.F877211A9EA1E7F8256F228AA10A96F9.e.31","ELEMENT":"f.67DDC2320FC18BC811B9758795DB2F14.d.F877211A9EA1E7F8256F228AA10A96F9.e.31"}]}
RESULT: {"script":"<script> [21 bytes]","args":[{"element-6066-11e4-a52e-4f735466cecf":"f.67DDC2320FC18BC811B9758795DB2F14.d.F877211A9EA1E7F8256F228AA10A96F9.e.31","ELEMENT":"f.67DDC2320FC18BC811B9758795DB2F14.d.F877211A9EA1E7F8256F228AA10A96F9.e.31"}]}
COMMAND: POST /session/de03cc73cb14cf34a18154602eae0bb1/element/f.67DDC2320FC18BC811B9758795DB2F14.d.F877211A9EA1E7F8256F228AA10A96F9.e.31/click - {}
RESULT: {}
COMMAND: POST /session/de03cc73cb14cf34a18154602eae0bb1/element - {"using":"css selector","value":"[data-testid=\"username-input\"]"}
RESULT: {"using":"css selector","value":"[data-testid=\"username-input\"]"}
COMMAND: POST /session/de03cc73cb14cf34a18154602eae0bb1/element/f.67DDC2320FC18BC811B9758795DB2F14.d.F877211A9EA1E7F8256F228AA10A96F9.e.36/clear - {}
RESULT: {}
COMMAND: POST /session/de03cc73cb14cf34a18154602eae0bb1/element/f.67DDC2320FC18BC811B9758795DB2F14.d.F877211A9EA1E7F8256F228AA10A96F9.e.36/value - {"text":"fEkX3C36CnzRQlsARMSvv"}
COMMAND: POST /session/de03cc73cb14cf34a18154602eae0bb1/element - {"using":"css selector","value":"[data-testid=\"reset-button\"]"}
COMMAND: POST /session/de03cc73cb14cf34a18154602eae0bb1/element - {"using":"css selector","value":"[data-testid=\"reset-button\"]"}
COMMAND: POST /session/de03cc73cb14cf34a18154602eae0bb1/element - {"using":"css selector","value":"[data-testid=\"reset-button\"]"}
RESULT: {"text":"fEkX3C36CnzRQlsARMSvv"}
COMMAND: POST /session/de03cc73cb14cf34a18154602eae0bb1/element - {"using":"css selector","value":"[data-testid=\"password-input\"]"}
RESULT: {"using":"css selector","value":"[data-testid=\"reset-button\"]"}
RESULT: {"using":"css selector","value":"[data-testid=\"reset-button\"]"}
RESULT: {"using":"css selector","value":"[data-testid=\"reset-button\"]"}
RESULT: {"using":"css selector","value":"[data-testid=\"password-input\"]"}
COMMAND: POST /session/de03cc73cb14cf34a18154602eae0bb1/element/f.67DDC2320FC18BC811B9758795DB2F14.d.F877211A9EA1E7F8256F228AA10A96F9.e.38/clear - {}
RESULT: {}
COMMAND: POST /session/de03cc73cb14cf34a18154602eae0bb1/element/f.67DDC2320FC18BC811B9758795DB2F14.d.F877211A9EA1E7F8256F228AA10A96F9.e.38/value - {"text":"dDexXuJBlwvTb55gr4qgb"}
RESULT: {"text":"dDexXuJBlwvTb55gr4qgb"}
COMMAND: POST /session/de03cc73cb14cf34a18154602eae0bb1/element - {"using":"css selector","value":"[data-testid=\"login-button\"]"}
RESULT: {"using":"css selector","value":"[data-testid=\"login-button\"]"}
COMMAND: POST /session/de03cc73cb14cf34a18154602eae0bb1/element/f.67DDC2320FC18BC811B9758795DB2F14.d.F877211A9EA1E7F8256F228AA10A96F9.e.41/click - {}
RESULT: {}
COMMAND: POST /session/de03cc73cb14cf34a18154602eae0bb1/element - {"using":"css selector","value":"[data-testid=\"login-error\"]"}
RESULT: {"using":"css selector","value":"[data-testid=\"login-error\"]"}
COMMAND: GET /session/de03cc73cb14cf34a18154602eae0bb1/element/f.67DDC2320FC18BC811B9758795DB2F14.d.F877211A9EA1E7F8256F228AA10A96F9.e.43/text - {}
RESULT: {}
COMMAND: GET /session/de03cc73cb14cf34a18154602eae0bb1/screenshot - {}
RESULT: {}
COMMAND: POST /session/de03cc73cb14cf34a18154602eae0bb1/element - {"using":"css selector","value":"[data-testid=\"reset-button\"]"}
RESULT: {"using":"css selector","value":"[data-testid=\"reset-button\"]"}
COMMAND: POST /session/de03cc73cb14cf34a18154602eae0bb1/element - {"using":"css selector","value":"[data-testid=\"reset-button\"]"}
COMMAND: DELETE /session/de03cc73cb14cf34a18154602eae0bb1 - {"deleteSessionOpts":{"shutdownDriver":false}}
RESULT: {"using":"css selector","value":"[data-testid=\"reset-button\"]"}
COMMAND: POST /session/de03cc73cb14cf34a18154602eae0bb1/element - {"using":"css selector","value":"[data-testid=\"reset-button\"]"}
COMMAND: POST /session/de03cc73cb14cf34a18154602eae0bb1/element - {"using":"css selector","value":"[data-testid=\"reset-button\"]"}
COMMAND: POST /session/de03cc73cb14cf34a18154602eae0bb1/element - {"using":"css selector","value":"[data-testid=\"reset-button\"]"}
RESULT: {"deleteSessionOpts":{"shutdownDriver":false}}
COMMAND: POST /session/de03cc73cb14cf34a18154602eae0bb1/element - {"using":"css selector","value":"[data-testid=\"reset-button\"]"}
COMMAND: POST /session/de03cc73cb14cf34a18154602eae0bb1/element - {"using":"css selector","value":"[data-testid=\"reset-button\"]"}
COMMAND: POST /session/de03cc73cb14cf34a18154602eae0bb1/element - {"using":"css selector","value":"[data-testid=\"reset-button\"]"}
COMMAND: POST /session/de03cc73cb14cf34a18154602eae0bb1/element - {"using":"css selector","value":"[data-testid=\"reset-button\"]"}
]]></system-out>
    </testcase>
    <testcase classname="chrome.130_0_6723_59.windows.Negative_Login_Tests_-_Boundary_and_Invalid_Inputs" name="should show error for username with 21 characters and password with 1 character and reset button should not be visible" time="2.249">
      <system-out><![CDATA[
COMMAND: POST /session/40d016ed11fea2725b726c14369c8a38/element - {"using":"css selector","value":"[data-testid=\"reset-button\"]"}
COMMAND: POST /session/40d016ed11fea2725b726c14369c8a38/url - {"url":"http://localhost:3000/home"}
RESULT: {"using":"css selector","value":"[data-testid=\"reset-button\"]"}
COMMAND: POST /session/40d016ed11fea2725b726c14369c8a38/element - {"using":"css selector","value":"[data-testid=\"reset-button\"]"}
COMMAND: POST /session/40d016ed11fea2725b726c14369c8a38/element - {"using":"css selector","value":"[data-testid=\"reset-button\"]"}
COMMAND: POST /session/40d016ed11fea2725b726c14369c8a38/element - {"using":"css selector","value":"[data-testid=\"reset-button\"]"}
COMMAND: POST /session/40d016ed11fea2725b726c14369c8a38/element - {"using":"css selector","value":"[data-testid=\"reset-button\"]"}
RESULT: {"url":"http://localhost:3000/home"}
COMMAND: POST /session/40d016ed11fea2725b726c14369c8a38/url - {"url":"http://localhost:3000/"}
RESULT: {"using":"css selector","value":"[data-testid=\"reset-button\"]"}
RESULT: {"using":"css selector","value":"[data-testid=\"reset-button\"]"}
RESULT: {"using":"css selector","value":"[data-testid=\"reset-button\"]"}
RESULT: {"using":"css selector","value":"[data-testid=\"reset-button\"]"}
RESULT: {"url":"http://localhost:3000/"}
COMMAND: POST /session/40d016ed11fea2725b726c14369c8a38/element - {"using":"css selector","value":"[data-testid=\"nav-analytics\"]"}
RESULT: {"using":"css selector","value":"[data-testid=\"nav-analytics\"]"}
COMMAND: POST /session/40d016ed11fea2725b726c14369c8a38/execute/sync - {"script":"<script> [21 bytes]","args":[{"element-6066-11e4-a52e-4f735466cecf":"f.A6650D5A6D0969AE4D059D5F82170327.d.6D9E3687900375DFA86F8F26E95B9320.e.16","ELEMENT":"f.A6650D5A6D0969AE4D059D5F82170327.d.6D9E3687900375DFA86F8F26E95B9320.e.16"}]}
RESULT: {"script":"<script> [21 bytes]","args":[{"element-6066-11e4-a52e-4f735466cecf":"f.A6650D5A6D0969AE4D059D5F82170327.d.6D9E3687900375DFA86F8F26E95B9320.e.16","ELEMENT":"f.A6650D5A6D0969AE4D059D5F82170327.d.6D9E3687900375DFA86F8F26E95B9320.e.16"}]}
COMMAND: POST /session/40d016ed11fea2725b726c14369c8a38/execute/sync - {"script":"<script> [21 bytes]","args":[{"element-6066-11e4-a52e-4f735466cecf":"f.A6650D5A6D0969AE4D059D5F82170327.d.6D9E3687900375DFA86F8F26E95B9320.e.16","ELEMENT":"f.A6650D5A6D0969AE4D059D5F82170327.d.6D9E3687900375DFA86F8F26E95B9320.e.16"}]}
RESULT: {"script":"<script> [21 bytes]","args":[{"element-6066-11e4-a52e-4f735466cecf":"f.A6650D5A6D0969AE4D059D5F82170327.d.6D9E3687900375DFA86F8F26E95B9320.e.16","ELEMENT":"f.A6650D5A6D0969AE4D059D5F82170327.d.6D9E3687900375DFA86F8F26E95B9320.e.16"}]}
COMMAND: POST /session/40d016ed11fea2725b726c14369c8a38/element/f.A6650D5A6D0969AE4D059D5F82170327.d.6D9E3687900375DFA86F8F26E95B9320.e.16/click - {}
RESULT: {}
COMMAND: POST /session/40d016ed11fea2725b726c14369c8a38/element - {"using":"css selector","value":"[data-testid=\"username-input\"]"}
RESULT: {"using":"css selector","value":"[data-testid=\"username-input\"]"}
COMMAND: POST /session/40d016ed11fea2725b726c14369c8a38/element/f.A6650D5A6D0969AE4D059D5F82170327.d.6D9E3687900375DFA86F8F26E95B9320.e.21/clear - {}
RESULT: {}
COMMAND: POST /session/40d016ed11fea2725b726c14369c8a38/element/f.A6650D5A6D0969AE4D059D5F82170327.d.6D9E3687900375DFA86F8F26E95B9320.e.21/value - {"text":"7C9jcgL5zBG"}
COMMAND: POST /session/40d016ed11fea2725b726c14369c8a38/element - {"using":"css selector","value":"[data-testid=\"reset-button\"]"}
COMMAND: POST /session/40d016ed11fea2725b726c14369c8a38/element - {"using":"css selector","value":"[data-testid=\"reset-button\"]"}
COMMAND: POST /session/40d016ed11fea2725b726c14369c8a38/element - {"using":"css selector","value":"[data-testid=\"reset-button\"]"}
COMMAND: POST /session/40d016ed11fea2725b726c14369c8a38/element - {"using":"css selector","value":"[data-testid=\"reset-button\"]"}
RESULT: {"text":"7C9jcgL5zBG"}
COMMAND: POST /session/40d016ed11fea2725b726c14369c8a38/element - {"using":"css selector","value":"[data-testid=\"password-input\"]"}
RESULT: {"using":"css selector","value":"[data-testid=\"reset-button\"]"}
RESULT: {"using":"css selector","value":"[data-testid=\"reset-button\"]"}
RESULT: {"using":"css selector","value":"[data-testid=\"reset-button\"]"}
RESULT: {"using":"css selector","value":"[data-testid=\"reset-button\"]"}
RESULT: {"using":"css selector","value":"[data-testid=\"password-input\"]"}
COMMAND: POST /session/40d016ed11fea2725b726c14369c8a38/element/f.A6650D5A6D0969AE4D059D5F82170327.d.6D9E3687900375DFA86F8F26E95B9320.e.23/clear - {}
RESULT: {}
COMMAND: POST /session/40d016ed11fea2725b726c14369c8a38/element/f.A6650D5A6D0969AE4D059D5F82170327.d.6D9E3687900375DFA86F8F26E95B9320.e.23/value - {"text":"K"}
RESULT: {"text":"K"}
COMMAND: POST /session/40d016ed11fea2725b726c14369c8a38/element - {"using":"css selector","value":"[data-testid=\"login-button\"]"}
RESULT: {"using":"css selector","value":"[data-testid=\"login-button\"]"}
COMMAND: POST /session/40d016ed11fea2725b726c14369c8a38/element/f.A6650D5A6D0969AE4D059D5F82170327.d.6D9E3687900375DFA86F8F26E95B9320.e.26/click - {}
RESULT: {}
COMMAND: POST /session/40d016ed11fea2725b726c14369c8a38/element - {"using":"css selector","value":"[data-testid=\"login-error\"]"}
RESULT: {"using":"css selector","value":"[data-testid=\"login-error\"]"}
COMMAND: GET /session/40d016ed11fea2725b726c14369c8a38/element/f.A6650D5A6D0969AE4D059D5F82170327.d.6D9E3687900375DFA86F8F26E95B9320.e.28/text - {}
RESULT: {}
COMMAND: GET /session/40d016ed11fea2725b726c14369c8a38/screenshot - {}
RESULT: {}
COMMAND: POST /session/40d016ed11fea2725b726c14369c8a38/element - {"using":"css selector","value":"[data-testid=\"reset-button\"]"}
RESULT: {"using":"css selector","value":"[data-testid=\"reset-button\"]"}
COMMAND: POST /session/40d016ed11fea2725b726c14369c8a38/element - {"using":"css selector","value":"[data-testid=\"reset-button\"]"}
COMMAND: DELETE /session/40d016ed11fea2725b726c14369c8a38 - {"deleteSessionOpts":{"shutdownDriver":false}}
RESULT: {"using":"css selector","value":"[data-testid=\"reset-button\"]"}
COMMAND: POST /session/40d016ed11fea2725b726c14369c8a38/element - {"using":"css selector","value":"[data-testid=\"reset-button\"]"}
COMMAND: POST /session/40d016ed11fea2725b726c14369c8a38/element - {"using":"css selector","value":"[data-testid=\"reset-button\"]"}
COMMAND: POST /session/40d016ed11fea2725b726c14369c8a38/element - {"using":"css selector","value":"[data-testid=\"reset-button\"]"}
COMMAND: POST /session/40d016ed11fea2725b726c14369c8a38/element - {"using":"css selector","value":"[data-testid=\"reset-button\"]"}
RESULT: {"deleteSessionOpts":{"shutdownDriver":false}}
COMMAND: POST /session/40d016ed11fea2725b726c14369c8a38/element - {"using":"css selector","value":"[data-testid=\"reset-button\"]"}
COMMAND: POST /session/40d016ed11fea2725b726c14369c8a38/element - {"using":"css selector","value":"[data-testid=\"reset-button\"]"}
COMMAND: POST /session/40d016ed11fea2725b726c14369c8a38/element - {"using":"css selector","value":"[data-testid=\"reset-button\"]"}
COMMAND: POST /session/40d016ed11fea2725b726c14369c8a38/element - {"using":"css selector","value":"[data-testid=\"reset-button\"]"}
COMMAND: POST /session/40d016ed11fea2725b726c14369c8a38/element - {"using":"css selector","value":"[data-testid=\"reset-button\"]"}
]]></system-out>
    </testcase>
    <testcase classname="chrome.130_0_6723_59.windows.Negative_Login_Tests_-_Boundary_and_Invalid_Inputs" name="should show error for username with 10 characters and password with 9 characters and reset button should not be visible" time="2.631">
      <system-out><![CDATA[
COMMAND: POST /session/39cfed0a192e2d5290800d68d716b724/url - {"url":"http://localhost:3000/home"}
COMMAND: POST /session/39cfed0a192e2d5290800d68d716b724/element - {"using":"css selector","value":"[data-testid=\"reset-button\"]"}
COMMAND: POST /session/39cfed0a192e2d5290800d68d716b724/element - {"using":"css selector","value":"[data-testid=\"reset-button\"]"}
COMMAND: POST /session/39cfed0a192e2d5290800d68d716b724/element - {"using":"css selector","value":"[data-testid=\"reset-button\"]"}
COMMAND: POST /session/39cfed0a192e2d5290800d68d716b724/element - {"using":"css selector","value":"[data-testid=\"reset-button\"]"}
COMMAND: POST /session/39cfed0a192e2d5290800d68d716b724/element - {"using":"css selector","value":"[data-testid=\"reset-button\"]"}
RESULT: {"url":"http://localhost:3000/home"}
COMMAND: POST /session/39cfed0a192e2d5290800d68d716b724/url - {"url":"http://localhost:3000/"}
RESULT: {"using":"css selector","value":"[data-testid=\"reset-button\"]"}
RESULT: {"using":"css selector","value":"[data-testid=\"reset-button\"]"}
RESULT: {"using":"css selector","value":"[data-testid=\"reset-button\"]"}
RESULT: {"using":"css selector","value":"[data-testid=\"reset-button\"]"}
RESULT: {"using":"css selector","value":"[data-testid=\"reset-button\"]"}
RESULT: {"url":"http://localhost:3000/"}
COMMAND: POST /session/39cfed0a192e2d5290800d68d716b724/element - {"using":"css selector","value":"[data-testid=\"nav-analytics\"]"}
RESULT: {"using":"css selector","value":"[data-testid=\"nav-analytics\"]"}
COMMAND: POST /session/39cfed0a192e2d5290800d68d716b724/execute/sync - {"script":"<script> [21 bytes]","args":[{"element-6066-11e4-a52e-4f735466cecf":"f.6D3D6798D94BF668D90439137CF6524F.d.4755F34DFC1D0C926EDED16F1E411C4D.e.35","ELEMENT":"f.6D3D6798D94BF668D90439137CF6524F.d.4755F34DFC1D0C926EDED16F1E411C4D.e.35"}]}
RESULT: {"script":"<script> [21 bytes]","args":[{"element-6066-11e4-a52e-4f735466cecf":"f.6D3D6798D94BF668D90439137CF6524F.d.4755F34DFC1D0C926EDED16F1E411C4D.e.35","ELEMENT":"f.6D3D6798D94BF668D90439137CF6524F.d.4755F34DFC1D0C926EDED16F1E411C4D.e.35"}]}
COMMAND: POST /session/39cfed0a192e2d5290800d68d716b724/execute/sync - {"script":"<script> [21 bytes]","args":[{"element-6066-11e4-a52e-4f735466cecf":"f.6D3D6798D94BF668D90439137CF6524F.d.4755F34DFC1D0C926EDED16F1E411C4D.e.35","ELEMENT":"f.6D3D6798D94BF668D90439137CF6524F.d.4755F34DFC1D0C926EDED16F1E411C4D.e.35"}]}
RESULT: {"script":"<script> [21 bytes]","args":[{"element-6066-11e4-a52e-4f735466cecf":"f.6D3D6798D94BF668D90439137CF6524F.d.4755F34DFC1D0C926EDED16F1E411C4D.e.35","ELEMENT":"f.6D3D6798D94BF668D90439137CF6524F.d.4755F34DFC1D0C926EDED16F1E411C4D.e.35"}]}
COMMAND: POST /session/39cfed0a192e2d5290800d68d716b724/element/f.6D3D6798D94BF668D90439137CF6524F.d.4755F34DFC1D0C926EDED16F1E411C4D.e.35/click - {}
COMMAND: POST /session/39cfed0a192e2d5290800d68d716b724/element - {"using":"css selector","value":"[data-testid=\"reset-button\"]"}
COMMAND: POST /session/39cfed0a192e2d5290800d68d716b724/element - {"using":"css selector","value":"[data-testid=\"reset-button\"]"}
COMMAND: POST /session/39cfed0a192e2d5290800d68d716b724/element - {"using":"css selector","value":"[data-testid=\"reset-button\"]"}
COMMAND: POST /session/39cfed0a192e2d5290800d68d716b724/element - {"using":"css selector","value":"[data-testid=\"reset-button\"]"}
COMMAND: POST /session/39cfed0a192e2d5290800d68d716b724/element - {"using":"css selector","value":"[data-testid=\"reset-button\"]"}
RESULT: {}
COMMAND: POST /session/39cfed0a192e2d5290800d68d716b724/element - {"using":"css selector","value":"[data-testid=\"username-input\"]"}
RESULT: {"using":"css selector","value":"[data-testid=\"reset-button\"]"}
RESULT: {"using":"css selector","value":"[data-testid=\"reset-button\"]"}
RESULT: {"using":"css selector","value":"[data-testid=\"reset-button\"]"}
RESULT: {"using":"css selector","value":"[data-testid=\"reset-button\"]"}
RESULT: {"using":"css selector","value":"[data-testid=\"reset-button\"]"}
RESULT: {"using":"css selector","value":"[data-testid=\"username-input\"]"}
COMMAND: POST /session/39cfed0a192e2d5290800d68d716b724/element/f.6D3D6798D94BF668D90439137CF6524F.d.4755F34DFC1D0C926EDED16F1E411C4D.e.42/clear - {}
RESULT: {}
COMMAND: POST /session/39cfed0a192e2d5290800d68d716b724/element/f.6D3D6798D94BF668D90439137CF6524F.d.4755F34DFC1D0C926EDED16F1E411C4D.e.42/value - {"text":"se0Qz5jjZx"}
RESULT: {"text":"se0Qz5jjZx"}
COMMAND: POST /session/39cfed0a192e2d5290800d68d716b724/element - {"using":"css selector","value":"[data-testid=\"password-input\"]"}
RESULT: {"using":"css selector","value":"[data-testid=\"password-input\"]"}
COMMAND: POST /session/39cfed0a192e2d5290800d68d716b724/element/f.6D3D6798D94BF668D90439137CF6524F.d.4755F34DFC1D0C926EDED16F1E411C4D.e.44/clear - {}
RESULT: {}
COMMAND: POST /session/39cfed0a192e2d5290800d68d716b724/element/f.6D3D6798D94BF668D90439137CF6524F.d.4755F34DFC1D0C926EDED16F1E411C4D.e.44/value - {"text":"FPdbbtuQV"}
RESULT: {"text":"FPdbbtuQV"}
COMMAND: POST /session/39cfed0a192e2d5290800d68d716b724/element - {"using":"css selector","value":"[data-testid=\"login-button\"]"}
RESULT: {"using":"css selector","value":"[data-testid=\"login-button\"]"}
COMMAND: POST /session/39cfed0a192e2d5290800d68d716b724/element/f.6D3D6798D94BF668D90439137CF6524F.d.4755F34DFC1D0C926EDED16F1E411C4D.e.47/click - {}
COMMAND: POST /session/39cfed0a192e2d5290800d68d716b724/element - {"using":"css selector","value":"[data-testid=\"reset-button\"]"}
COMMAND: POST /session/39cfed0a192e2d5290800d68d716b724/element - {"using":"css selector","value":"[data-testid=\"reset-button\"]"}
RESULT: {}
COMMAND: POST /session/39cfed0a192e2d5290800d68d716b724/element - {"using":"css selector","value":"[data-testid=\"login-error\"]"}
RESULT: {"using":"css selector","value":"[data-testid=\"reset-button\"]"}
COMMAND: POST /session/39cfed0a192e2d5290800d68d716b724/element - {"using":"css selector","value":"[data-testid=\"reset-button\"]"}
RESULT: {"using":"css selector","value":"[data-testid=\"reset-button\"]"}
COMMAND: POST /session/39cfed0a192e2d5290800d68d716b724/element - {"using":"css selector","value":"[data-testid=\"reset-button\"]"}
RESULT: {"using":"css selector","value":"[data-testid=\"login-error\"]"}
COMMAND: GET /session/39cfed0a192e2d5290800d68d716b724/element/f.6D3D6798D94BF668D90439137CF6524F.d.4755F34DFC1D0C926EDED16F1E411C4D.e.49/text - {}
COMMAND: POST /session/39cfed0a192e2d5290800d68d716b724/element - {"using":"css selector","value":"[data-testid=\"reset-button\"]"}
RESULT: {"using":"css selector","value":"[data-testid=\"reset-button\"]"}
RESULT: {"using":"css selector","value":"[data-testid=\"reset-button\"]"}
RESULT: {}
COMMAND: GET /session/39cfed0a192e2d5290800d68d716b724/screenshot - {}
RESULT: {"using":"css selector","value":"[data-testid=\"reset-button\"]"}
RESULT: {}
COMMAND: POST /session/39cfed0a192e2d5290800d68d716b724/element - {"using":"css selector","value":"[data-testid=\"reset-button\"]"}
RESULT: {"using":"css selector","value":"[data-testid=\"reset-button\"]"}
COMMAND: POST /session/39cfed0a192e2d5290800d68d716b724/element - {"using":"css selector","value":"[data-testid=\"reset-button\"]"}
COMMAND: DELETE /session/39cfed0a192e2d5290800d68d716b724 - {"deleteSessionOpts":{"shutdownDriver":false}}
RESULT: {"using":"css selector","value":"[data-testid=\"reset-button\"]"}
RESULT: {"deleteSessionOpts":{"shutdownDriver":false}}
COMMAND: POST /session/39cfed0a192e2d5290800d68d716b724/element - {"using":"css selector","value":"[data-testid=\"reset-button\"]"}
COMMAND: POST /session/39cfed0a192e2d5290800d68d716b724/element - {"using":"css selector","value":"[data-testid=\"reset-button\"]"}
COMMAND: POST /session/39cfed0a192e2d5290800d68d716b724/element - {"using":"css selector","value":"[data-testid=\"reset-button\"]"}
COMMAND: POST /session/39cfed0a192e2d5290800d68d716b724/element - {"using":"css selector","value":"[data-testid=\"reset-button\"]"}
COMMAND: POST /session/39cfed0a192e2d5290800d68d716b724/element - {"using":"css selector","value":"[data-testid=\"reset-button\"]"}
COMMAND: POST /session/39cfed0a192e2d5290800d68d716b724/element - {"using":"css selector","value":"[data-testid=\"reset-button\"]"}
COMMAND: POST /session/39cfed0a192e2d5290800d68d716b724/element - {"using":"css selector","value":"[data-testid=\"reset-button\"]"}
COMMAND: POST /session/39cfed0a192e2d5290800d68d716b724/element - {"using":"css selector","value":"[data-testid=\"reset-button\"]"}
COMMAND: POST /session/39cfed0a192e2d5290800d68d716b724/element - {"using":"css selector","value":"[data-testid=\"reset-button\"]"}
COMMAND: POST /session/39cfed0a192e2d5290800d68d716b724/element - {"using":"css selector","value":"[data-testid=\"reset-button\"]"}
COMMAND: POST /session/39cfed0a192e2d5290800d68d716b724/element - {"using":"css selector","value":"[data-testid=\"reset-button\"]"}
COMMAND: POST /session/39cfed0a192e2d5290800d68d716b724/element - {"using":"css selector","value":"[data-testid=\"reset-button\"]"}
]]></system-out>
    </testcase>
    <testcase classname="chrome.130_0_6723_59.windows.Negative_Login_Tests_-_Boundary_and_Invalid_Inputs" name="should show error for username with 21 characters and password with 11 characters and reset button should not be visible" time="2.566">
      <system-out><![CDATA[
COMMAND: POST /session/33bac204a8291e41d8eea39636b13f27/url - {"url":"http://localhost:3000/home"}
COMMAND: POST /session/33bac204a8291e41d8eea39636b13f27/element - {"using":"css selector","value":"[data-testid=\"reset-button\"]"}
COMMAND: POST /session/33bac204a8291e41d8eea39636b13f27/element - {"using":"css selector","value":"[data-testid=\"reset-button\"]"}
COMMAND: POST /session/33bac204a8291e41d8eea39636b13f27/element - {"using":"css selector","value":"[data-testid=\"reset-button\"]"}
COMMAND: POST /session/33bac204a8291e41d8eea39636b13f27/element - {"using":"css selector","value":"[data-testid=\"reset-button\"]"}
COMMAND: POST /session/33bac204a8291e41d8eea39636b13f27/element - {"using":"css selector","value":"[data-testid=\"reset-button\"]"}
COMMAND: POST /session/33bac204a8291e41d8eea39636b13f27/element - {"using":"css selector","value":"[data-testid=\"reset-button\"]"}
RESULT: {"url":"http://localhost:3000/home"}
COMMAND: POST /session/33bac204a8291e41d8eea39636b13f27/url - {"url":"http://localhost:3000/"}
RESULT: {"using":"css selector","value":"[data-testid=\"reset-button\"]"}
RESULT: {"using":"css selector","value":"[data-testid=\"reset-button\"]"}
RESULT: {"using":"css selector","value":"[data-testid=\"reset-button\"]"}
RESULT: {"using":"css selector","value":"[data-testid=\"reset-button\"]"}
RESULT: {"using":"css selector","value":"[data-testid=\"reset-button\"]"}
RESULT: {"using":"css selector","value":"[data-testid=\"reset-button\"]"}
RESULT: {"url":"http://localhost:3000/"}
COMMAND: POST /session/33bac204a8291e41d8eea39636b13f27/element - {"using":"css selector","value":"[data-testid=\"nav-analytics\"]"}
RESULT: {"using":"css selector","value":"[data-testid=\"nav-analytics\"]"}
COMMAND: POST /session/33bac204a8291e41d8eea39636b13f27/execute/sync - {"script":"<script> [21 bytes]","args":[{"element-6066-11e4-a52e-4f735466cecf":"f.33F97B5B5A798BB005A632745151462A.d.19EA40BF98C3A89718EE78DCD57CB659.e.31","ELEMENT":"f.33F97B5B5A798BB005A632745151462A.d.19EA40BF98C3A89718EE78DCD57CB659.e.31"}]}
RESULT: {"script":"<script> [21 bytes]","args":[{"element-6066-11e4-a52e-4f735466cecf":"f.33F97B5B5A798BB005A632745151462A.d.19EA40BF98C3A89718EE78DCD57CB659.e.31","ELEMENT":"f.33F97B5B5A798BB005A632745151462A.d.19EA40BF98C3A89718EE78DCD57CB659.e.31"}]}
COMMAND: POST /session/33bac204a8291e41d8eea39636b13f27/execute/sync - {"script":"<script> [21 bytes]","args":[{"element-6066-11e4-a52e-4f735466cecf":"f.33F97B5B5A798BB005A632745151462A.d.19EA40BF98C3A89718EE78DCD57CB659.e.31","ELEMENT":"f.33F97B5B5A798BB005A632745151462A.d.19EA40BF98C3A89718EE78DCD57CB659.e.31"}]}
RESULT: {"script":"<script> [21 bytes]","args":[{"element-6066-11e4-a52e-4f735466cecf":"f.33F97B5B5A798BB005A632745151462A.d.19EA40BF98C3A89718EE78DCD57CB659.e.31","ELEMENT":"f.33F97B5B5A798BB005A632745151462A.d.19EA40BF98C3A89718EE78DCD57CB659.e.31"}]}
COMMAND: POST /session/33bac204a8291e41d8eea39636b13f27/element/f.33F97B5B5A798BB005A632745151462A.d.19EA40BF98C3A89718EE78DCD57CB659.e.31/click - {}
RESULT: {}
COMMAND: POST /session/33bac204a8291e41d8eea39636b13f27/element - {"using":"css selector","value":"[data-testid=\"username-input\"]"}
RESULT: {"using":"css selector","value":"[data-testid=\"username-input\"]"}
COMMAND: POST /session/33bac204a8291e41d8eea39636b13f27/element/f.33F97B5B5A798BB005A632745151462A.d.19EA40BF98C3A89718EE78DCD57CB659.e.36/clear - {}
RESULT: {}
COMMAND: POST /session/33bac204a8291e41d8eea39636b13f27/element/f.33F97B5B5A798BB005A632745151462A.d.19EA40BF98C3A89718EE78DCD57CB659.e.36/value - {"text":"fEkX3C36CnzRQlsARMSvv"}
COMMAND: POST /session/33bac204a8291e41d8eea39636b13f27/element - {"using":"css selector","value":"[data-testid=\"reset-button\"]"}
COMMAND: POST /session/33bac204a8291e41d8eea39636b13f27/element - {"using":"css selector","value":"[data-testid=\"reset-button\"]"}
COMMAND: POST /session/33bac204a8291e41d8eea39636b13f27/element - {"using":"css selector","value":"[data-testid=\"reset-button\"]"}
COMMAND: POST /session/33bac204a8291e41d8eea39636b13f27/element - {"using":"css selector","value":"[data-testid=\"reset-button\"]"}
COMMAND: POST /session/33bac204a8291e41d8eea39636b13f27/element - {"using":"css selector","value":"[data-testid=\"reset-button\"]"}
COMMAND: POST /session/33bac204a8291e41d8eea39636b13f27/element - {"using":"css selector","value":"[data-testid=\"reset-button\"]"}
RESULT: {"text":"fEkX3C36CnzRQlsARMSvv"}
COMMAND: POST /session/33bac204a8291e41d8eea39636b13f27/element - {"using":"css selector","value":"[data-testid=\"password-input\"]"}
RESULT: {"using":"css selector","value":"[data-testid=\"reset-button\"]"}
RESULT: {"using":"css selector","value":"[data-testid=\"reset-button\"]"}
RESULT: {"using":"css selector","value":"[data-testid=\"reset-button\"]"}
RESULT: {"using":"css selector","value":"[data-testid=\"reset-button\"]"}
RESULT: {"using":"css selector","value":"[data-testid=\"reset-button\"]"}
RESULT: {"using":"css selector","value":"[data-testid=\"reset-button\"]"}
RESULT: {"using":"css selector","value":"[data-testid=\"password-input\"]"}
COMMAND: POST /session/33bac204a8291e41d8eea39636b13f27/element/f.33F97B5B5A798BB005A632745151462A.d.19EA40BF98C3A89718EE78DCD57CB659.e.38/clear - {}
RESULT: {}
COMMAND: POST /session/33bac204a8291e41d8eea39636b13f27/element/f.33F97B5B5A798BB005A632745151462A.d.19EA40BF98C3A89718EE78DCD57CB659.e.38/value - {"text":"scej8uMKx4i"}
RESULT: {"text":"scej8uMKx4i"}
COMMAND: POST /session/33bac204a8291e41d8eea39636b13f27/element - {"using":"css selector","value":"[data-testid=\"login-button\"]"}
RESULT: {"using":"css selector","value":"[data-testid=\"login-button\"]"}
COMMAND: POST /session/33bac204a8291e41d8eea39636b13f27/element/f.33F97B5B5A798BB005A632745151462A.d.19EA40BF98C3A89718EE78DCD57CB659.e.41/click - {}
RESULT: {}
COMMAND: POST /session/33bac204a8291e41d8eea39636b13f27/element - {"using":"css selector","value":"[data-testid=\"login-error\"]"}
RESULT: {"using":"css selector","value":"[data-testid=\"login-error\"]"}
COMMAND: GET /session/33bac204a8291e41d8eea39636b13f27/element/f.33F97B5B5A798BB005A632745151462A.d.19EA40BF98C3A89718EE78DCD57CB659.e.43/text - {}
RESULT: {}
COMMAND: GET /session/33bac204a8291e41d8eea39636b13f27/screenshot - {}
RESULT: {}
COMMAND: POST /session/33bac204a8291e41d8eea39636b13f27/element - {"using":"css selector","value":"[data-testid=\"reset-button\"]"}
RESULT: {"using":"css selector","value":"[data-testid=\"reset-button\"]"}
COMMAND: POST /session/33bac204a8291e41d8eea39636b13f27/element - {"using":"css selector","value":"[data-testid=\"reset-button\"]"}
COMMAND: DELETE /session/33bac204a8291e41d8eea39636b13f27 - {"deleteSessionOpts":{"shutdownDriver":false}}
RESULT: {"using":"css selector","value":"[data-testid=\"reset-button\"]"}
COMMAND: POST /session/33bac204a8291e41d8eea39636b13f27/element - {"using":"css selector","value":"[data-testid=\"reset-button\"]"}
COMMAND: POST /session/33bac204a8291e41d8eea39636b13f27/element - {"using":"css selector","value":"[data-testid=\"reset-button\"]"}
COMMAND: POST /session/33bac204a8291e41d8eea39636b13f27/element - {"using":"css selector","value":"[data-testid=\"reset-button\"]"}
COMMAND: POST /session/33bac204a8291e41d8eea39636b13f27/element - {"using":"css selector","value":"[data-testid=\"reset-button\"]"}
COMMAND: POST /session/33bac204a8291e41d8eea39636b13f27/element - {"using":"css selector","value":"[data-testid=\"reset-button\"]"}
COMMAND: POST /session/33bac204a8291e41d8eea39636b13f27/element - {"using":"css selector","value":"[data-testid=\"reset-button\"]"}
RESULT: {"deleteSessionOpts":{"shutdownDriver":false}}
COMMAND: POST /session/33bac204a8291e41d8eea39636b13f27/element - {"using":"css selector","value":"[data-testid=\"reset-button\"]"}
COMMAND: POST /session/33bac204a8291e41d8eea39636b13f27/element - {"using":"css selector","value":"[data-testid=\"reset-button\"]"}
COMMAND: POST /session/33bac204a8291e41d8eea39636b13f27/element - {"using":"css selector","value":"[data-testid=\"reset-button\"]"}
COMMAND: POST /session/33bac204a8291e41d8eea39636b13f27/element - {"using":"css selector","value":"[data-testid=\"reset-button\"]"}
COMMAND: POST /session/33bac204a8291e41d8eea39636b13f27/element - {"using":"css selector","value":"[data-testid=\"reset-button\"]"}
COMMAND: POST /session/33bac204a8291e41d8eea39636b13f27/element - {"using":"css selector","value":"[data-testid=\"reset-button\"]"}
COMMAND: POST /session/33bac204a8291e41d8eea39636b13f27/element - {"using":"css selector","value":"[data-testid=\"reset-button\"]"}
COMMAND: POST /session/33bac204a8291e41d8eea39636b13f27/element - {"using":"css selector","value":"[data-testid=\"reset-button\"]"}
]]></system-out>
    </testcase>
  </testsuite>
  <testsuite name="Negative Login Tests Boundary and Invalid Inputs with successful final login" timestamp="2024-10-20T13:30:34" time="3.504" tests="2" failures="0" errors="0" skipped="0">
    <properties>
      <property name="specId" value="0"/>
      <property name="suiteName" value="Negative Login Tests - Boundary and Invalid Inputs with successful final login"/>
      <property name="capabilities" value="chrome.130_0_6723_59.windows"/>
      <property name="file" value="file:///C:/Users/User/Documents/Informatyka/qa_auto_test/webdriverio_test_project/test/specs/negativeLoginTest.js"/>
    </properties>
    <testcase classname="chrome.130_0_6723_59.windows.Negative_Login_Tests_-_Boundary_and_Invalid_Inputs_with_successful_final_login" name="should show error for username with 10 characters and password with 11 characters and reset button should not be visible" time="2.354">
      <system-out><![CDATA[
COMMAND: POST /session/7d34f1a3265998395c3f8345e70e6ff2/url - {"url":"http://localhost:3000/"}
COMMAND: POST /session/7d34f1a3265998395c3f8345e70e6ff2/element - {"using":"css selector","value":"[data-testid=\"reset-button\"]"}
COMMAND: POST /session/7d34f1a3265998395c3f8345e70e6ff2/element - {"using":"css selector","value":"[data-testid=\"reset-button\"]"}
COMMAND: POST /session/7d34f1a3265998395c3f8345e70e6ff2/element - {"using":"css selector","value":"[data-testid=\"reset-button\"]"}
COMMAND: POST /session/7d34f1a3265998395c3f8345e70e6ff2/element - {"using":"css selector","value":"[data-testid=\"reset-button\"]"}
COMMAND: POST /session/7d34f1a3265998395c3f8345e70e6ff2/element - {"using":"css selector","value":"[data-testid=\"reset-button\"]"}
COMMAND: POST /session/7d34f1a3265998395c3f8345e70e6ff2/element - {"using":"css selector","value":"[data-testid=\"reset-button\"]"}
COMMAND: POST /session/7d34f1a3265998395c3f8345e70e6ff2/element - {"using":"css selector","value":"[data-testid=\"reset-button\"]"}
RESULT: {"url":"http://localhost:3000/"}
COMMAND: POST /session/7d34f1a3265998395c3f8345e70e6ff2/url - {"url":"http://localhost:3000/home"}
RESULT: {"using":"css selector","value":"[data-testid=\"reset-button\"]"}
RESULT: {"using":"css selector","value":"[data-testid=\"reset-button\"]"}
RESULT: {"using":"css selector","value":"[data-testid=\"reset-button\"]"}
RESULT: {"using":"css selector","value":"[data-testid=\"reset-button\"]"}
RESULT: {"using":"css selector","value":"[data-testid=\"reset-button\"]"}
RESULT: {"using":"css selector","value":"[data-testid=\"reset-button\"]"}
RESULT: {"using":"css selector","value":"[data-testid=\"reset-button\"]"}
RESULT: {"url":"http://localhost:3000/home"}
COMMAND: POST /session/7d34f1a3265998395c3f8345e70e6ff2/element - {"using":"css selector","value":"[data-testid=\"nav-analytics\"]"}
RESULT: {"using":"css selector","value":"[data-testid=\"nav-analytics\"]"}
COMMAND: POST /session/7d34f1a3265998395c3f8345e70e6ff2/execute/sync - {"script":"<script> [21 bytes]","args":[{"element-6066-11e4-a52e-4f735466cecf":"f.C6969687015030D0E82954E2FF45453B.d.281B00A21F82C024A6719D1EA7622DF0.e.31","ELEMENT":"f.C6969687015030D0E82954E2FF45453B.d.281B00A21F82C024A6719D1EA7622DF0.e.31"}]}
RESULT: {"script":"<script> [21 bytes]","args":[{"element-6066-11e4-a52e-4f735466cecf":"f.C6969687015030D0E82954E2FF45453B.d.281B00A21F82C024A6719D1EA7622DF0.e.31","ELEMENT":"f.C6969687015030D0E82954E2FF45453B.d.281B00A21F82C024A6719D1EA7622DF0.e.31"}]}
COMMAND: POST /session/7d34f1a3265998395c3f8345e70e6ff2/execute/sync - {"script":"<script> [21 bytes]","args":[{"element-6066-11e4-a52e-4f735466cecf":"f.C6969687015030D0E82954E2FF45453B.d.281B00A21F82C024A6719D1EA7622DF0.e.31","ELEMENT":"f.C6969687015030D0E82954E2FF45453B.d.281B00A21F82C024A6719D1EA7622DF0.e.31"}]}
RESULT: {"script":"<script> [21 bytes]","args":[{"element-6066-11e4-a52e-4f735466cecf":"f.C6969687015030D0E82954E2FF45453B.d.281B00A21F82C024A6719D1EA7622DF0.e.31","ELEMENT":"f.C6969687015030D0E82954E2FF45453B.d.281B00A21F82C024A6719D1EA7622DF0.e.31"}]}
COMMAND: POST /session/7d34f1a3265998395c3f8345e70e6ff2/element/f.C6969687015030D0E82954E2FF45453B.d.281B00A21F82C024A6719D1EA7622DF0.e.31/click - {}
RESULT: {}
COMMAND: POST /session/7d34f1a3265998395c3f8345e70e6ff2/element - {"using":"css selector","value":"[data-testid=\"username-input\"]"}
RESULT: {"using":"css selector","value":"[data-testid=\"username-input\"]"}
COMMAND: POST /session/7d34f1a3265998395c3f8345e70e6ff2/element/f.C6969687015030D0E82954E2FF45453B.d.281B00A21F82C024A6719D1EA7622DF0.e.36/clear - {}
RESULT: {}
COMMAND: POST /session/7d34f1a3265998395c3f8345e70e6ff2/element/f.C6969687015030D0E82954E2FF45453B.d.281B00A21F82C024A6719D1EA7622DF0.e.36/value - {"text":"se0Qz5jjZx"}
COMMAND: POST /session/7d34f1a3265998395c3f8345e70e6ff2/element - {"using":"css selector","value":"[data-testid=\"reset-button\"]"}
COMMAND: POST /session/7d34f1a3265998395c3f8345e70e6ff2/element - {"using":"css selector","value":"[data-testid=\"reset-button\"]"}
COMMAND: POST /session/7d34f1a3265998395c3f8345e70e6ff2/element - {"using":"css selector","value":"[data-testid=\"reset-button\"]"}
COMMAND: POST /session/7d34f1a3265998395c3f8345e70e6ff2/element - {"using":"css selector","value":"[data-testid=\"reset-button\"]"}
COMMAND: POST /session/7d34f1a3265998395c3f8345e70e6ff2/element - {"using":"css selector","value":"[data-testid=\"reset-button\"]"}
COMMAND: POST /session/7d34f1a3265998395c3f8345e70e6ff2/element - {"using":"css selector","value":"[data-testid=\"reset-button\"]"}
COMMAND: POST /session/7d34f1a3265998395c3f8345e70e6ff2/element - {"using":"css selector","value":"[data-testid=\"reset-button\"]"}
RESULT: {"text":"se0Qz5jjZx"}
COMMAND: POST /session/7d34f1a3265998395c3f8345e70e6ff2/element - {"using":"css selector","value":"[data-testid=\"password-input\"]"}
RESULT: {"using":"css selector","value":"[data-testid=\"reset-button\"]"}
RESULT: {"using":"css selector","value":"[data-testid=\"reset-button\"]"}
RESULT: {"using":"css selector","value":"[data-testid=\"reset-button\"]"}
RESULT: {"using":"css selector","value":"[data-testid=\"reset-button\"]"}
RESULT: {"using":"css selector","value":"[data-testid=\"reset-button\"]"}
RESULT: {"using":"css selector","value":"[data-testid=\"reset-button\"]"}
RESULT: {"using":"css selector","value":"[data-testid=\"reset-button\"]"}
RESULT: {"using":"css selector","value":"[data-testid=\"password-input\"]"}
COMMAND: POST /session/7d34f1a3265998395c3f8345e70e6ff2/element/f.C6969687015030D0E82954E2FF45453B.d.281B00A21F82C024A6719D1EA7622DF0.e.38/clear - {}
RESULT: {}
COMMAND: POST /session/7d34f1a3265998395c3f8345e70e6ff2/element/f.C6969687015030D0E82954E2FF45453B.d.281B00A21F82C024A6719D1EA7622DF0.e.38/value - {"text":"FPdbbtuQV"}
RESULT: {"text":"FPdbbtuQV"}
COMMAND: POST /session/7d34f1a3265998395c3f8345e70e6ff2/element - {"using":"css selector","value":"[data-testid=\"login-button\"]"}
RESULT: {"using":"css selector","value":"[data-testid=\"login-button\"]"}
COMMAND: POST /session/7d34f1a3265998395c3f8345e70e6ff2/element/f.C6969687015030D0E82954E2FF45453B.d.281B00A21F82C024A6719D1EA7622DF0.e.41/click - {}
RESULT: {}
COMMAND: POST /session/7d34f1a3265998395c3f8345e70e6ff2/element - {"using":"css selector","value":"[data-testid=\"login-error\"]"}
RESULT: {"using":"css selector","value":"[data-testid=\"login-error\"]"}
COMMAND: GET /session/7d34f1a3265998395c3f8345e70e6ff2/element/f.C6969687015030D0E82954E2FF45453B.d.281B00A21F82C024A6719D1EA7622DF0.e.43/text - {}
RESULT: {}
COMMAND: POST /session/7d34f1a3265998395c3f8345e70e6ff2/element - {"using":"css selector","value":"[data-testid=\"reset-button\"]"}
RESULT: {"using":"css selector","value":"[data-testid=\"reset-button\"]"}
COMMAND: POST /session/7d34f1a3265998395c3f8345e70e6ff2/element - {"using":"css selector","value":"[data-testid=\"reset-button\"]"}
COMMAND: GET /session/7d34f1a3265998395c3f8345e70e6ff2/screenshot - {}
RESULT: {"using":"css selector","value":"[data-testid=\"reset-button\"]"}
RESULT: {}
COMMAND: POST /session/7d34f1a3265998395c3f8345e70e6ff2/element - {"using":"css selector","value":"[data-testid=\"reset-button\"]"}
]]></system-out>
    </testcase>
    <testcase classname="chrome.130_0_6723_59.windows.Negative_Login_Tests_-_Boundary_and_Invalid_Inputs_with_successful_final_login" name="should login successfully after invalid attempts and check reset button" time="1.146">
      <system-out><![CDATA[
COMMAND: POST /session/7d34f1a3265998395c3f8345e70e6ff2/url - {"url":"http://localhost:3000/"}
COMMAND: POST /session/7d34f1a3265998395c3f8345e70e6ff2/element - {"using":"css selector","value":"[data-testid=\"reset-button\"]"}
RESULT: {"using":"css selector","value":"[data-testid=\"reset-button\"]"}
COMMAND: POST /session/7d34f1a3265998395c3f8345e70e6ff2/element - {"using":"css selector","value":"[data-testid=\"reset-button\"]"}
COMMAND: POST /session/7d34f1a3265998395c3f8345e70e6ff2/element - {"using":"css selector","value":"[data-testid=\"reset-button\"]"}
COMMAND: POST /session/7d34f1a3265998395c3f8345e70e6ff2/element - {"using":"css selector","value":"[data-testid=\"reset-button\"]"}
RESULT: {"url":"http://localhost:3000/"}
COMMAND: POST /session/7d34f1a3265998395c3f8345e70e6ff2/element - {"using":"css selector","value":"[data-testid=\"nav-analytics\"]"}
COMMAND: POST /session/7d34f1a3265998395c3f8345e70e6ff2/element - {"using":"css selector","value":"[data-testid=\"reset-button\"]"}
COMMAND: POST /session/7d34f1a3265998395c3f8345e70e6ff2/element - {"using":"css selector","value":"[data-testid=\"reset-button\"]"}
RESULT: {"using":"css selector","value":"[data-testid=\"reset-button\"]"}
RESULT: {"using":"css selector","value":"[data-testid=\"reset-button\"]"}
RESULT: {"using":"css selector","value":"[data-testid=\"reset-button\"]"}
RESULT: {"using":"css selector","value":"[data-testid=\"reset-button\"]"}
RESULT: {"using":"css selector","value":"[data-testid=\"nav-analytics\"]"}
COMMAND: POST /session/7d34f1a3265998395c3f8345e70e6ff2/execute/sync - {"script":"<script> [21 bytes]","args":[{"element-6066-11e4-a52e-4f735466cecf":"f.C6969687015030D0E82954E2FF45453B.d.A8F19B8B7BD3C2942BAC1611B1EB1B4D.e.49","ELEMENT":"f.C6969687015030D0E82954E2FF45453B.d.A8F19B8B7BD3C2942BAC1611B1EB1B4D.e.49"}]}
RESULT: {"using":"css selector","value":"[data-testid=\"reset-button\"]"}
RESULT: {"using":"css selector","value":"[data-testid=\"reset-button\"]"}
RESULT: {"script":"<script> [21 bytes]","args":[{"element-6066-11e4-a52e-4f735466cecf":"f.C6969687015030D0E82954E2FF45453B.d.A8F19B8B7BD3C2942BAC1611B1EB1B4D.e.49","ELEMENT":"f.C6969687015030D0E82954E2FF45453B.d.A8F19B8B7BD3C2942BAC1611B1EB1B4D.e.49"}]}
COMMAND: POST /session/7d34f1a3265998395c3f8345e70e6ff2/execute/sync - {"script":"<script> [21 bytes]","args":[{"element-6066-11e4-a52e-4f735466cecf":"f.C6969687015030D0E82954E2FF45453B.d.A8F19B8B7BD3C2942BAC1611B1EB1B4D.e.49","ELEMENT":"f.C6969687015030D0E82954E2FF45453B.d.A8F19B8B7BD3C2942BAC1611B1EB1B4D.e.49"}]}
RESULT: {"script":"<script> [21 bytes]","args":[{"element-6066-11e4-a52e-4f735466cecf":"f.C6969687015030D0E82954E2FF45453B.d.A8F19B8B7BD3C2942BAC1611B1EB1B4D.e.49","ELEMENT":"f.C6969687015030D0E82954E2FF45453B.d.A8F19B8B7BD3C2942BAC1611B1EB1B4D.e.49"}]}
COMMAND: POST /session/7d34f1a3265998395c3f8345e70e6ff2/element/f.C6969687015030D0E82954E2FF45453B.d.A8F19B8B7BD3C2942BAC1611B1EB1B4D.e.49/click - {}
COMMAND: POST /session/7d34f1a3265998395c3f8345e70e6ff2/element - {"using":"css selector","value":"[data-testid=\"reset-button\"]"}
RESULT: {}
COMMAND: POST /session/7d34f1a3265998395c3f8345e70e6ff2/element - {"using":"css selector","value":"[data-testid=\"username-input\"]"}
RESULT: {"using":"css selector","value":"[data-testid=\"reset-button\"]"}
RESULT: {"using":"css selector","value":"[data-testid=\"username-input\"]"}
COMMAND: POST /session/7d34f1a3265998395c3f8345e70e6ff2/element/f.C6969687015030D0E82954E2FF45453B.d.A8F19B8B7BD3C2942BAC1611B1EB1B4D.e.54/clear - {}
RESULT: {}
COMMAND: POST /session/7d34f1a3265998395c3f8345e70e6ff2/element/f.C6969687015030D0E82954E2FF45453B.d.A8F19B8B7BD3C2942BAC1611B1EB1B4D.e.54/value - {"text":"se0Qz5jjZx"}
COMMAND: POST /session/7d34f1a3265998395c3f8345e70e6ff2/element - {"using":"css selector","value":"[data-testid=\"reset-button\"]"}
RESULT: {"text":"se0Qz5jjZx"}
COMMAND: POST /session/7d34f1a3265998395c3f8345e70e6ff2/element - {"using":"css selector","value":"[data-testid=\"password-input\"]"}
RESULT: {"using":"css selector","value":"[data-testid=\"reset-button\"]"}
RESULT: {"using":"css selector","value":"[data-testid=\"password-input\"]"}
COMMAND: POST /session/7d34f1a3265998395c3f8345e70e6ff2/element/f.C6969687015030D0E82954E2FF45453B.d.A8F19B8B7BD3C2942BAC1611B1EB1B4D.e.57/clear - {}
RESULT: {}
COMMAND: POST /session/7d34f1a3265998395c3f8345e70e6ff2/element/f.C6969687015030D0E82954E2FF45453B.d.A8F19B8B7BD3C2942BAC1611B1EB1B4D.e.57/value - {"text":"54ZBle8n13"}
COMMAND: POST /session/7d34f1a3265998395c3f8345e70e6ff2/element - {"using":"css selector","value":"[data-testid=\"reset-button\"]"}
COMMAND: POST /session/7d34f1a3265998395c3f8345e70e6ff2/element - {"using":"css selector","value":"[data-testid=\"reset-button\"]"}
COMMAND: POST /session/7d34f1a3265998395c3f8345e70e6ff2/element - {"using":"css selector","value":"[data-testid=\"reset-button\"]"}
COMMAND: POST /session/7d34f1a3265998395c3f8345e70e6ff2/element - {"using":"css selector","value":"[data-testid=\"reset-button\"]"}
RESULT: {"text":"54ZBle8n13"}
COMMAND: POST /session/7d34f1a3265998395c3f8345e70e6ff2/element - {"using":"css selector","value":"[data-testid=\"login-button\"]"}
RESULT: {"using":"css selector","value":"[data-testid=\"reset-button\"]"}
RESULT: {"using":"css selector","value":"[data-testid=\"reset-button\"]"}
RESULT: {"using":"css selector","value":"[data-testid=\"reset-button\"]"}
COMMAND: POST /session/7d34f1a3265998395c3f8345e70e6ff2/element - {"using":"css selector","value":"[data-testid=\"reset-button\"]"}
RESULT: {"using":"css selector","value":"[data-testid=\"reset-button\"]"}
COMMAND: POST /session/7d34f1a3265998395c3f8345e70e6ff2/element - {"using":"css selector","value":"[data-testid=\"reset-button\"]"}
RESULT: {"using":"css selector","value":"[data-testid=\"login-button\"]"}
COMMAND: POST /session/7d34f1a3265998395c3f8345e70e6ff2/element/f.C6969687015030D0E82954E2FF45453B.d.A8F19B8B7BD3C2942BAC1611B1EB1B4D.e.59/click - {}
RESULT: {"using":"css selector","value":"[data-testid=\"reset-button\"]"}
RESULT: {"using":"css selector","value":"[data-testid=\"reset-button\"]"}
RESULT: {}
COMMAND: POST /session/7d34f1a3265998395c3f8345e70e6ff2/element - {"using":"css selector","value":"[data-testid=\"reset-button\"]"}
COMMAND: POST /session/7d34f1a3265998395c3f8345e70e6ff2/element - {"using":"css selector","value":"[data-testid=\"reset-button\"]"}
RESULT: {"using":"css selector","value":"[data-testid=\"reset-button\"]"}
COMMAND: GET /session/7d34f1a3265998395c3f8345e70e6ff2/url - {}
COMMAND: POST /session/7d34f1a3265998395c3f8345e70e6ff2/execute/sync - {"script":"<script> [21 bytes]","args":[{"element-6066-11e4-a52e-4f735466cecf":"f.C6969687015030D0E82954E2FF45453B.d.A8F19B8B7BD3C2942BAC1611B1EB1B4D.e.60","ELEMENT":"f.C6969687015030D0E82954E2FF45453B.d.A8F19B8B7BD3C2942BAC1611B1EB1B4D.e.60"}]}
RESULT: {"using":"css selector","value":"[data-testid=\"reset-button\"]"}
COMMAND: POST /session/7d34f1a3265998395c3f8345e70e6ff2/execute/sync - {"script":"<script> [21 bytes]","args":[{"element-6066-11e4-a52e-4f735466cecf":"f.C6969687015030D0E82954E2FF45453B.d.A8F19B8B7BD3C2942BAC1611B1EB1B4D.e.60","ELEMENT":"f.C6969687015030D0E82954E2FF45453B.d.A8F19B8B7BD3C2942BAC1611B1EB1B4D.e.60"}]}
RESULT: {}
COMMAND: GET /session/7d34f1a3265998395c3f8345e70e6ff2/screenshot - {}
RESULT: {"script":"<script> [21 bytes]","args":[{"element-6066-11e4-a52e-4f735466cecf":"f.C6969687015030D0E82954E2FF45453B.d.A8F19B8B7BD3C2942BAC1611B1EB1B4D.e.60","ELEMENT":"f.C6969687015030D0E82954E2FF45453B.d.A8F19B8B7BD3C2942BAC1611B1EB1B4D.e.60"}]}
RESULT: {"script":"<script> [21 bytes]","args":[{"element-6066-11e4-a52e-4f735466cecf":"f.C6969687015030D0E82954E2FF45453B.d.A8F19B8B7BD3C2942BAC1611B1EB1B4D.e.60","ELEMENT":"f.C6969687015030D0E82954E2FF45453B.d.A8F19B8B7BD3C2942BAC1611B1EB1B4D.e.60"}]}
COMMAND: POST /session/7d34f1a3265998395c3f8345e70e6ff2/element - {"using":"css selector","value":"[data-testid=\"reset-button\"]"}
RESULT: {}
RESULT: {"using":"css selector","value":"[data-testid=\"reset-button\"]"}
COMMAND: POST /session/7d34f1a3265998395c3f8345e70e6ff2/execute/sync - {"script":"<script> [21 bytes]","args":[{"element-6066-11e4-a52e-4f735466cecf":"f.C6969687015030D0E82954E2FF45453B.d.A8F19B8B7BD3C2942BAC1611B1EB1B4D.e.60","ELEMENT":"f.C6969687015030D0E82954E2FF45453B.d.A8F19B8B7BD3C2942BAC1611B1EB1B4D.e.60"}]}
COMMAND: DELETE /session/7d34f1a3265998395c3f8345e70e6ff2 - {}
RESULT: {"script":"<script> [21 bytes]","args":[{"element-6066-11e4-a52e-4f735466cecf":"f.C6969687015030D0E82954E2FF45453B.d.A8F19B8B7BD3C2942BAC1611B1EB1B4D.e.60","ELEMENT":"f.C6969687015030D0E82954E2FF45453B.d.A8F19B8B7BD3C2942BAC1611B1EB1B4D.e.60"}]}
COMMAND: POST /session/7d34f1a3265998395c3f8345e70e6ff2/element - {"using":"css selector","value":"[data-testid=\"reset-button\"]"}
COMMAND: POST /session/7d34f1a3265998395c3f8345e70e6ff2/element - {"using":"css selector","value":"[data-testid=\"reset-button\"]"}
COMMAND: POST /session/7d34f1a3265998395c3f8345e70e6ff2/element - {"using":"css selector","value":"[data-testid=\"reset-button\"]"}
COMMAND: POST /session/7d34f1a3265998395c3f8345e70e6ff2/element - {"using":"css selector","value":"[data-testid=\"reset-button\"]"}
COMMAND: POST /session/7d34f1a3265998395c3f8345e70e6ff2/element - {"using":"css selector","value":"[data-testid=\"reset-button\"]"}
COMMAND: POST /session/7d34f1a3265998395c3f8345e70e6ff2/element - {"using":"css selector","value":"[data-testid=\"reset-button\"]"}
RESULT: {}
]]></system-out>
    </testcase>
  </testsuite>
</testsuites>