<?xml version="1.0" encoding="UTF-8"?>
<testsuites tests="6" failures="0" errors="0" skipped="0">
  <testsuite name="Positive Login and Navigation Functionality" timestamp="2024-10-20T21:02:29" time="19.939" tests="6" failures="0" errors="0" skipped="0">
    <properties>
      <property name="specId" value="0"/>
      <property name="suiteName" value="Positive Login and Navigation Functionality"/>
      <property name="capabilities" value="chrome.130_0_6723_59.windows"/>
      <property name="file" value="file:///C:/Users/User/Documents/Informatyka/qa_auto_test/webdriverio_test_project/test/specs/positiveLogintest.js"/>
    </properties>
    <testcase classname="chrome.130_0_6723_59.windows.Positive_Login_and_Navigation_Functionality" name="should login successfully and access Analityczne page" time="2.298">
      <system-out><![CDATA[
COMMAND: POST /session/72de3bb851382ed7371e0f468f0ee651/url - {"url":"http://localhost:3000/home"}
RESULT: {"url":"http://localhost:3000/home"}
COMMAND: POST /session/72de3bb851382ed7371e0f468f0ee651/url - {"url":"http://localhost:3000/"}
RESULT: {"url":"http://localhost:3000/"}
COMMAND: POST /session/72de3bb851382ed7371e0f468f0ee651/element - {"using":"css selector","value":"[data-testid=\"nav-analytics\"]"}
RESULT: {"using":"css selector","value":"[data-testid=\"nav-analytics\"]"}
COMMAND: POST /session/72de3bb851382ed7371e0f468f0ee651/execute/sync - {"script":"<script> [21 bytes]","args":[{"element-6066-11e4-a52e-4f735466cecf":"f.244A86F92A1FEE1C0AF9EBB1B7BA7909.d.34DDA54420E247BFD700A2578C90F6ED.e.16","ELEMENT":"f.244A86F92A1FEE1C0AF9EBB1B7BA7909.d.34DDA54420E247BFD700A2578C90F6ED.e.16"}]}
RESULT: {"script":"<script> [21 bytes]","args":[{"element-6066-11e4-a52e-4f735466cecf":"f.244A86F92A1FEE1C0AF9EBB1B7BA7909.d.34DDA54420E247BFD700A2578C90F6ED.e.16","ELEMENT":"f.244A86F92A1FEE1C0AF9EBB1B7BA7909.d.34DDA54420E247BFD700A2578C90F6ED.e.16"}]}
COMMAND: POST /session/72de3bb851382ed7371e0f468f0ee651/execute/sync - {"script":"<script> [21 bytes]","args":[{"element-6066-11e4-a52e-4f735466cecf":"f.244A86F92A1FEE1C0AF9EBB1B7BA7909.d.34DDA54420E247BFD700A2578C90F6ED.e.16","ELEMENT":"f.244A86F92A1FEE1C0AF9EBB1B7BA7909.d.34DDA54420E247BFD700A2578C90F6ED.e.16"}]}
RESULT: {"script":"<script> [21 bytes]","args":[{"element-6066-11e4-a52e-4f735466cecf":"f.244A86F92A1FEE1C0AF9EBB1B7BA7909.d.34DDA54420E247BFD700A2578C90F6ED.e.16","ELEMENT":"f.244A86F92A1FEE1C0AF9EBB1B7BA7909.d.34DDA54420E247BFD700A2578C90F6ED.e.16"}]}
COMMAND: POST /session/72de3bb851382ed7371e0f468f0ee651/element/f.244A86F92A1FEE1C0AF9EBB1B7BA7909.d.34DDA54420E247BFD700A2578C90F6ED.e.16/click - {}
RESULT: {}
COMMAND: POST /session/72de3bb851382ed7371e0f468f0ee651/element - {"using":"css selector","value":"[data-testid=\"username-input\"]"}
RESULT: {"using":"css selector","value":"[data-testid=\"username-input\"]"}
COMMAND: POST /session/72de3bb851382ed7371e0f468f0ee651/element/f.244A86F92A1FEE1C0AF9EBB1B7BA7909.d.34DDA54420E247BFD700A2578C90F6ED.e.21/clear - {}
RESULT: {}
COMMAND: POST /session/72de3bb851382ed7371e0f468f0ee651/element/f.244A86F92A1FEE1C0AF9EBB1B7BA7909.d.34DDA54420E247BFD700A2578C90F6ED.e.21/value - {"text":"b5ZLoFigYF"}
RESULT: {"text":"b5ZLoFigYF"}
COMMAND: POST /session/72de3bb851382ed7371e0f468f0ee651/element - {"using":"css selector","value":"[data-testid=\"password-input\"]"}
RESULT: {"using":"css selector","value":"[data-testid=\"password-input\"]"}
COMMAND: POST /session/72de3bb851382ed7371e0f468f0ee651/element/f.244A86F92A1FEE1C0AF9EBB1B7BA7909.d.34DDA54420E247BFD700A2578C90F6ED.e.23/clear - {}
RESULT: {}
COMMAND: POST /session/72de3bb851382ed7371e0f468f0ee651/element/f.244A86F92A1FEE1C0AF9EBB1B7BA7909.d.34DDA54420E247BFD700A2578C90F6ED.e.23/value - {"text":"pjFv9dRgcl"}
RESULT: {"text":"pjFv9dRgcl"}
COMMAND: POST /session/72de3bb851382ed7371e0f468f0ee651/element - {"using":"css selector","value":"[data-testid=\"login-button\"]"}
RESULT: {"using":"css selector","value":"[data-testid=\"login-button\"]"}
COMMAND: POST /session/72de3bb851382ed7371e0f468f0ee651/element/f.244A86F92A1FEE1C0AF9EBB1B7BA7909.d.34DDA54420E247BFD700A2578C90F6ED.e.26/click - {}
RESULT: {}
COMMAND: GET /session/72de3bb851382ed7371e0f468f0ee651/url - {}
RESULT: {}
COMMAND: GET /session/72de3bb851382ed7371e0f468f0ee651/screenshot - {}
RESULT: {}
COMMAND: POST /session/72de3bb851382ed7371e0f468f0ee651/element - {"using":"css selector","value":"[data-testid=\"reset-button\"]"}
RESULT: {"using":"css selector","value":"[data-testid=\"reset-button\"]"}
COMMAND: DELETE /session/72de3bb851382ed7371e0f468f0ee651 - {"deleteSessionOpts":{"shutdownDriver":false}}
COMMAND: POST /session/72de3bb851382ed7371e0f468f0ee651/execute/sync - {"script":"<script> [21 bytes]","args":[{"element-6066-11e4-a52e-4f735466cecf":"f.244A86F92A1FEE1C0AF9EBB1B7BA7909.d.34DDA54420E247BFD700A2578C90F6ED.e.48","ELEMENT":"f.244A86F92A1FEE1C0AF9EBB1B7BA7909.d.34DDA54420E247BFD700A2578C90F6ED.e.48"}]}
RESULT: {"deleteSessionOpts":{"shutdownDriver":false}}
COMMAND: POST /session/72de3bb851382ed7371e0f468f0ee651/execute/sync - {"script":"<script> [21 bytes]","args":[{"element-6066-11e4-a52e-4f735466cecf":"f.244A86F92A1FEE1C0AF9EBB1B7BA7909.d.34DDA54420E247BFD700A2578C90F6ED.e.48","ELEMENT":"f.244A86F92A1FEE1C0AF9EBB1B7BA7909.d.34DDA54420E247BFD700A2578C90F6ED.e.48"}]}
]]></system-out>
    </testcase>
    <testcase classname="chrome.130_0_6723_59.windows.Positive_Login_and_Navigation_Functionality" name="should login successfully and access Pracownicy page" time="2.294">
      <system-out><![CDATA[
COMMAND: POST /session/a66a36a7009372e0a324b74c7250584e/url - {"url":"http://localhost:3000/home"}
COMMAND: POST /session/a66a36a7009372e0a324b74c7250584e/execute/sync - {"script":"<script> [21 bytes]","args":[{"element-6066-11e4-a52e-4f735466cecf":"f.244A86F92A1FEE1C0AF9EBB1B7BA7909.d.34DDA54420E247BFD700A2578C90F6ED.e.48","ELEMENT":"f.244A86F92A1FEE1C0AF9EBB1B7BA7909.d.34DDA54420E247BFD700A2578C90F6ED.e.48"}]}
RESULT: {"url":"http://localhost:3000/home"}
COMMAND: POST /session/a66a36a7009372e0a324b74c7250584e/url - {"url":"http://localhost:3000/"}
RESULT: {"script":"<script> [21 bytes]","args":[{"element-6066-11e4-a52e-4f735466cecf":"f.244A86F92A1FEE1C0AF9EBB1B7BA7909.d.34DDA54420E247BFD700A2578C90F6ED.e.48","ELEMENT":"f.244A86F92A1FEE1C0AF9EBB1B7BA7909.d.34DDA54420E247BFD700A2578C90F6ED.e.48"}]}
RESULT: {"url":"http://localhost:3000/"}
COMMAND: POST /session/a66a36a7009372e0a324b74c7250584e/element - {"using":"css selector","value":"[data-testid=\"nav-users\"]"}
RESULT: {"using":"css selector","value":"[data-testid=\"nav-users\"]"}
COMMAND: POST /session/a66a36a7009372e0a324b74c7250584e/execute/sync - {"script":"<script> [21 bytes]","args":[{"element-6066-11e4-a52e-4f735466cecf":"f.DF8DD89D7CE42BBB8BDDB933076899F0.d.7404E70CADFEECDBECF6DCB360F301AC.e.29","ELEMENT":"f.DF8DD89D7CE42BBB8BDDB933076899F0.d.7404E70CADFEECDBECF6DCB360F301AC.e.29"}]}
RESULT: {"script":"<script> [21 bytes]","args":[{"element-6066-11e4-a52e-4f735466cecf":"f.DF8DD89D7CE42BBB8BDDB933076899F0.d.7404E70CADFEECDBECF6DCB360F301AC.e.29","ELEMENT":"f.DF8DD89D7CE42BBB8BDDB933076899F0.d.7404E70CADFEECDBECF6DCB360F301AC.e.29"}]}
COMMAND: POST /session/a66a36a7009372e0a324b74c7250584e/execute/sync - {"script":"<script> [21 bytes]","args":[{"element-6066-11e4-a52e-4f735466cecf":"f.DF8DD89D7CE42BBB8BDDB933076899F0.d.7404E70CADFEECDBECF6DCB360F301AC.e.29","ELEMENT":"f.DF8DD89D7CE42BBB8BDDB933076899F0.d.7404E70CADFEECDBECF6DCB360F301AC.e.29"}]}
RESULT: {"script":"<script> [21 bytes]","args":[{"element-6066-11e4-a52e-4f735466cecf":"f.DF8DD89D7CE42BBB8BDDB933076899F0.d.7404E70CADFEECDBECF6DCB360F301AC.e.29","ELEMENT":"f.DF8DD89D7CE42BBB8BDDB933076899F0.d.7404E70CADFEECDBECF6DCB360F301AC.e.29"}]}
COMMAND: POST /session/a66a36a7009372e0a324b74c7250584e/element/f.DF8DD89D7CE42BBB8BDDB933076899F0.d.7404E70CADFEECDBECF6DCB360F301AC.e.29/click - {}
RESULT: {}
COMMAND: POST /session/a66a36a7009372e0a324b74c7250584e/element - {"using":"css selector","value":"[data-testid=\"username-input\"]"}
RESULT: {"using":"css selector","value":"[data-testid=\"username-input\"]"}
COMMAND: POST /session/a66a36a7009372e0a324b74c7250584e/element/f.DF8DD89D7CE42BBB8BDDB933076899F0.d.7404E70CADFEECDBECF6DCB360F301AC.e.36/clear - {}
RESULT: {}
COMMAND: POST /session/a66a36a7009372e0a324b74c7250584e/element/f.DF8DD89D7CE42BBB8BDDB933076899F0.d.7404E70CADFEECDBECF6DCB360F301AC.e.36/value - {"text":"b5ZLoFigYF"}
COMMAND: POST /session/a66a36a7009372e0a324b74c7250584e/execute/sync - {"script":"<script> [21 bytes]","args":[{"element-6066-11e4-a52e-4f735466cecf":"f.244A86F92A1FEE1C0AF9EBB1B7BA7909.d.34DDA54420E247BFD700A2578C90F6ED.e.48","ELEMENT":"f.244A86F92A1FEE1C0AF9EBB1B7BA7909.d.34DDA54420E247BFD700A2578C90F6ED.e.48"}]}
RESULT: {"text":"b5ZLoFigYF"}
COMMAND: POST /session/a66a36a7009372e0a324b74c7250584e/element - {"using":"css selector","value":"[data-testid=\"password-input\"]"}
RESULT: {"script":"<script> [21 bytes]","args":[{"element-6066-11e4-a52e-4f735466cecf":"f.244A86F92A1FEE1C0AF9EBB1B7BA7909.d.34DDA54420E247BFD700A2578C90F6ED.e.48","ELEMENT":"f.244A86F92A1FEE1C0AF9EBB1B7BA7909.d.34DDA54420E247BFD700A2578C90F6ED.e.48"}]}
RESULT: {"using":"css selector","value":"[data-testid=\"password-input\"]"}
COMMAND: POST /session/a66a36a7009372e0a324b74c7250584e/element/f.DF8DD89D7CE42BBB8BDDB933076899F0.d.7404E70CADFEECDBECF6DCB360F301AC.e.38/clear - {}
RESULT: {}
COMMAND: POST /session/a66a36a7009372e0a324b74c7250584e/element/f.DF8DD89D7CE42BBB8BDDB933076899F0.d.7404E70CADFEECDBECF6DCB360F301AC.e.38/value - {"text":"pjFv9dRgcl"}
RESULT: {"text":"pjFv9dRgcl"}
COMMAND: POST /session/a66a36a7009372e0a324b74c7250584e/element - {"using":"css selector","value":"[data-testid=\"login-button\"]"}
RESULT: {"using":"css selector","value":"[data-testid=\"login-button\"]"}
COMMAND: POST /session/a66a36a7009372e0a324b74c7250584e/element/f.DF8DD89D7CE42BBB8BDDB933076899F0.d.7404E70CADFEECDBECF6DCB360F301AC.e.41/click - {}
RESULT: {}
COMMAND: GET /session/a66a36a7009372e0a324b74c7250584e/url - {}
RESULT: {}
COMMAND: GET /session/a66a36a7009372e0a324b74c7250584e/screenshot - {}
RESULT: {}
COMMAND: POST /session/a66a36a7009372e0a324b74c7250584e/element - {"using":"css selector","value":"[data-testid=\"reset-button\"]"}
RESULT: {"using":"css selector","value":"[data-testid=\"reset-button\"]"}
COMMAND: DELETE /session/a66a36a7009372e0a324b74c7250584e - {"deleteSessionOpts":{"shutdownDriver":false}}
COMMAND: POST /session/a66a36a7009372e0a324b74c7250584e/execute/sync - {"script":"<script> [21 bytes]","args":[{"element-6066-11e4-a52e-4f735466cecf":"f.DF8DD89D7CE42BBB8BDDB933076899F0.d.7404E70CADFEECDBECF6DCB360F301AC.e.42","ELEMENT":"f.DF8DD89D7CE42BBB8BDDB933076899F0.d.7404E70CADFEECDBECF6DCB360F301AC.e.42"}]}
COMMAND: POST /session/a66a36a7009372e0a324b74c7250584e/execute/sync - {"script":"<script> [21 bytes]","args":[{"element-6066-11e4-a52e-4f735466cecf":"f.244A86F92A1FEE1C0AF9EBB1B7BA7909.d.34DDA54420E247BFD700A2578C90F6ED.e.48","ELEMENT":"f.244A86F92A1FEE1C0AF9EBB1B7BA7909.d.34DDA54420E247BFD700A2578C90F6ED.e.48"}]}
RESULT: {"deleteSessionOpts":{"shutdownDriver":false}}
COMMAND: POST /session/a66a36a7009372e0a324b74c7250584e/execute/sync - {"script":"<script> [21 bytes]","args":[{"element-6066-11e4-a52e-4f735466cecf":"f.DF8DD89D7CE42BBB8BDDB933076899F0.d.7404E70CADFEECDBECF6DCB360F301AC.e.42","ELEMENT":"f.DF8DD89D7CE42BBB8BDDB933076899F0.d.7404E70CADFEECDBECF6DCB360F301AC.e.42"}]}
COMMAND: POST /session/a66a36a7009372e0a324b74c7250584e/execute/sync - {"script":"<script> [21 bytes]","args":[{"element-6066-11e4-a52e-4f735466cecf":"f.244A86F92A1FEE1C0AF9EBB1B7BA7909.d.34DDA54420E247BFD700A2578C90F6ED.e.48","ELEMENT":"f.244A86F92A1FEE1C0AF9EBB1B7BA7909.d.34DDA54420E247BFD700A2578C90F6ED.e.48"}]}
]]></system-out>
    </testcase>
    <testcase classname="chrome.130_0_6723_59.windows.Positive_Login_and_Navigation_Functionality" name="should login successfully and access Produkty page" time="2.26">
      <system-out><![CDATA[
COMMAND: POST /session/9e4b0c56bdc2009dd8b0bebe8916bd78/url - {"url":"http://localhost:3000/home"}
COMMAND: POST /session/9e4b0c56bdc2009dd8b0bebe8916bd78/execute/sync - {"script":"<script> [21 bytes]","args":[{"element-6066-11e4-a52e-4f735466cecf":"f.DF8DD89D7CE42BBB8BDDB933076899F0.d.7404E70CADFEECDBECF6DCB360F301AC.e.42","ELEMENT":"f.DF8DD89D7CE42BBB8BDDB933076899F0.d.7404E70CADFEECDBECF6DCB360F301AC.e.42"}]}
COMMAND: POST /session/9e4b0c56bdc2009dd8b0bebe8916bd78/execute/sync - {"script":"<script> [21 bytes]","args":[{"element-6066-11e4-a52e-4f735466cecf":"f.244A86F92A1FEE1C0AF9EBB1B7BA7909.d.34DDA54420E247BFD700A2578C90F6ED.e.48","ELEMENT":"f.244A86F92A1FEE1C0AF9EBB1B7BA7909.d.34DDA54420E247BFD700A2578C90F6ED.e.48"}]}
RESULT: {"url":"http://localhost:3000/home"}
COMMAND: POST /session/9e4b0c56bdc2009dd8b0bebe8916bd78/url - {"url":"http://localhost:3000/"}
RESULT: {"script":"<script> [21 bytes]","args":[{"element-6066-11e4-a52e-4f735466cecf":"f.DF8DD89D7CE42BBB8BDDB933076899F0.d.7404E70CADFEECDBECF6DCB360F301AC.e.42","ELEMENT":"f.DF8DD89D7CE42BBB8BDDB933076899F0.d.7404E70CADFEECDBECF6DCB360F301AC.e.42"}]}
RESULT: {"script":"<script> [21 bytes]","args":[{"element-6066-11e4-a52e-4f735466cecf":"f.244A86F92A1FEE1C0AF9EBB1B7BA7909.d.34DDA54420E247BFD700A2578C90F6ED.e.48","ELEMENT":"f.244A86F92A1FEE1C0AF9EBB1B7BA7909.d.34DDA54420E247BFD700A2578C90F6ED.e.48"}]}
RESULT: {"url":"http://localhost:3000/"}
COMMAND: POST /session/9e4b0c56bdc2009dd8b0bebe8916bd78/element - {"using":"css selector","value":"[data-testid=\"nav-products\"]"}
RESULT: {"using":"css selector","value":"[data-testid=\"nav-products\"]"}
COMMAND: POST /session/9e4b0c56bdc2009dd8b0bebe8916bd78/execute/sync - {"script":"<script> [21 bytes]","args":[{"element-6066-11e4-a52e-4f735466cecf":"f.D0BD26F3EBBF0F14FC1A15388CEF3D6F.d.689272193BD732840A16CDEF78E1E21B.e.15","ELEMENT":"f.D0BD26F3EBBF0F14FC1A15388CEF3D6F.d.689272193BD732840A16CDEF78E1E21B.e.15"}]}
RESULT: {"script":"<script> [21 bytes]","args":[{"element-6066-11e4-a52e-4f735466cecf":"f.D0BD26F3EBBF0F14FC1A15388CEF3D6F.d.689272193BD732840A16CDEF78E1E21B.e.15","ELEMENT":"f.D0BD26F3EBBF0F14FC1A15388CEF3D6F.d.689272193BD732840A16CDEF78E1E21B.e.15"}]}
COMMAND: POST /session/9e4b0c56bdc2009dd8b0bebe8916bd78/execute/sync - {"script":"<script> [21 bytes]","args":[{"element-6066-11e4-a52e-4f735466cecf":"f.D0BD26F3EBBF0F14FC1A15388CEF3D6F.d.689272193BD732840A16CDEF78E1E21B.e.15","ELEMENT":"f.D0BD26F3EBBF0F14FC1A15388CEF3D6F.d.689272193BD732840A16CDEF78E1E21B.e.15"}]}
RESULT: {"script":"<script> [21 bytes]","args":[{"element-6066-11e4-a52e-4f735466cecf":"f.D0BD26F3EBBF0F14FC1A15388CEF3D6F.d.689272193BD732840A16CDEF78E1E21B.e.15","ELEMENT":"f.D0BD26F3EBBF0F14FC1A15388CEF3D6F.d.689272193BD732840A16CDEF78E1E21B.e.15"}]}
COMMAND: POST /session/9e4b0c56bdc2009dd8b0bebe8916bd78/element/f.D0BD26F3EBBF0F14FC1A15388CEF3D6F.d.689272193BD732840A16CDEF78E1E21B.e.15/click - {}
RESULT: {}
COMMAND: POST /session/9e4b0c56bdc2009dd8b0bebe8916bd78/element - {"using":"css selector","value":"[data-testid=\"username-input\"]"}
RESULT: {"using":"css selector","value":"[data-testid=\"username-input\"]"}
COMMAND: POST /session/9e4b0c56bdc2009dd8b0bebe8916bd78/element/f.D0BD26F3EBBF0F14FC1A15388CEF3D6F.d.689272193BD732840A16CDEF78E1E21B.e.20/clear - {}
RESULT: {}
COMMAND: POST /session/9e4b0c56bdc2009dd8b0bebe8916bd78/element/f.D0BD26F3EBBF0F14FC1A15388CEF3D6F.d.689272193BD732840A16CDEF78E1E21B.e.20/value - {"text":"b5ZLoFigYF"}
COMMAND: POST /session/9e4b0c56bdc2009dd8b0bebe8916bd78/execute/sync - {"script":"<script> [21 bytes]","args":[{"element-6066-11e4-a52e-4f735466cecf":"f.DF8DD89D7CE42BBB8BDDB933076899F0.d.7404E70CADFEECDBECF6DCB360F301AC.e.42","ELEMENT":"f.DF8DD89D7CE42BBB8BDDB933076899F0.d.7404E70CADFEECDBECF6DCB360F301AC.e.42"}]}
COMMAND: POST /session/9e4b0c56bdc2009dd8b0bebe8916bd78/execute/sync - {"script":"<script> [21 bytes]","args":[{"element-6066-11e4-a52e-4f735466cecf":"f.244A86F92A1FEE1C0AF9EBB1B7BA7909.d.34DDA54420E247BFD700A2578C90F6ED.e.48","ELEMENT":"f.244A86F92A1FEE1C0AF9EBB1B7BA7909.d.34DDA54420E247BFD700A2578C90F6ED.e.48"}]}
RESULT: {"text":"b5ZLoFigYF"}
COMMAND: POST /session/9e4b0c56bdc2009dd8b0bebe8916bd78/element - {"using":"css selector","value":"[data-testid=\"password-input\"]"}
RESULT: {"script":"<script> [21 bytes]","args":[{"element-6066-11e4-a52e-4f735466cecf":"f.DF8DD89D7CE42BBB8BDDB933076899F0.d.7404E70CADFEECDBECF6DCB360F301AC.e.42","ELEMENT":"f.DF8DD89D7CE42BBB8BDDB933076899F0.d.7404E70CADFEECDBECF6DCB360F301AC.e.42"}]}
RESULT: {"script":"<script> [21 bytes]","args":[{"element-6066-11e4-a52e-4f735466cecf":"f.244A86F92A1FEE1C0AF9EBB1B7BA7909.d.34DDA54420E247BFD700A2578C90F6ED.e.48","ELEMENT":"f.244A86F92A1FEE1C0AF9EBB1B7BA7909.d.34DDA54420E247BFD700A2578C90F6ED.e.48"}]}
RESULT: {"using":"css selector","value":"[data-testid=\"password-input\"]"}
COMMAND: POST /session/9e4b0c56bdc2009dd8b0bebe8916bd78/element/f.D0BD26F3EBBF0F14FC1A15388CEF3D6F.d.689272193BD732840A16CDEF78E1E21B.e.23/clear - {}
RESULT: {}
COMMAND: POST /session/9e4b0c56bdc2009dd8b0bebe8916bd78/element/f.D0BD26F3EBBF0F14FC1A15388CEF3D6F.d.689272193BD732840A16CDEF78E1E21B.e.23/value - {"text":"pjFv9dRgcl"}
RESULT: {"text":"pjFv9dRgcl"}
COMMAND: POST /session/9e4b0c56bdc2009dd8b0bebe8916bd78/element - {"using":"css selector","value":"[data-testid=\"login-button\"]"}
RESULT: {"using":"css selector","value":"[data-testid=\"login-button\"]"}
COMMAND: POST /session/9e4b0c56bdc2009dd8b0bebe8916bd78/element/f.D0BD26F3EBBF0F14FC1A15388CEF3D6F.d.689272193BD732840A16CDEF78E1E21B.e.25/click - {}
RESULT: {}
COMMAND: GET /session/9e4b0c56bdc2009dd8b0bebe8916bd78/url - {}
RESULT: {}
COMMAND: GET /session/9e4b0c56bdc2009dd8b0bebe8916bd78/screenshot - {}
RESULT: {}
COMMAND: POST /session/9e4b0c56bdc2009dd8b0bebe8916bd78/element - {"using":"css selector","value":"[data-testid=\"reset-button\"]"}
COMMAND: POST /session/9e4b0c56bdc2009dd8b0bebe8916bd78/execute/sync - {"script":"<script> [21 bytes]","args":[{"element-6066-11e4-a52e-4f735466cecf":"f.DF8DD89D7CE42BBB8BDDB933076899F0.d.7404E70CADFEECDBECF6DCB360F301AC.e.42","ELEMENT":"f.DF8DD89D7CE42BBB8BDDB933076899F0.d.7404E70CADFEECDBECF6DCB360F301AC.e.42"}]}
RESULT: {"using":"css selector","value":"[data-testid=\"reset-button\"]"}
COMMAND: DELETE /session/9e4b0c56bdc2009dd8b0bebe8916bd78 - {"deleteSessionOpts":{"shutdownDriver":false}}
COMMAND: POST /session/9e4b0c56bdc2009dd8b0bebe8916bd78/execute/sync - {"script":"<script> [21 bytes]","args":[{"element-6066-11e4-a52e-4f735466cecf":"f.D0BD26F3EBBF0F14FC1A15388CEF3D6F.d.689272193BD732840A16CDEF78E1E21B.e.26","ELEMENT":"f.D0BD26F3EBBF0F14FC1A15388CEF3D6F.d.689272193BD732840A16CDEF78E1E21B.e.26"}]}
COMMAND: POST /session/9e4b0c56bdc2009dd8b0bebe8916bd78/execute/sync - {"script":"<script> [21 bytes]","args":[{"element-6066-11e4-a52e-4f735466cecf":"f.244A86F92A1FEE1C0AF9EBB1B7BA7909.d.34DDA54420E247BFD700A2578C90F6ED.e.48","ELEMENT":"f.244A86F92A1FEE1C0AF9EBB1B7BA7909.d.34DDA54420E247BFD700A2578C90F6ED.e.48"}]}
RESULT: {"script":"<script> [21 bytes]","args":[{"element-6066-11e4-a52e-4f735466cecf":"f.DF8DD89D7CE42BBB8BDDB933076899F0.d.7404E70CADFEECDBECF6DCB360F301AC.e.42","ELEMENT":"f.DF8DD89D7CE42BBB8BDDB933076899F0.d.7404E70CADFEECDBECF6DCB360F301AC.e.42"}]}
RESULT: {"deleteSessionOpts":{"shutdownDriver":false}}
COMMAND: POST /session/9e4b0c56bdc2009dd8b0bebe8916bd78/execute/sync - {"script":"<script> [21 bytes]","args":[{"element-6066-11e4-a52e-4f735466cecf":"f.DF8DD89D7CE42BBB8BDDB933076899F0.d.7404E70CADFEECDBECF6DCB360F301AC.e.42","ELEMENT":"f.DF8DD89D7CE42BBB8BDDB933076899F0.d.7404E70CADFEECDBECF6DCB360F301AC.e.42"}]}
COMMAND: POST /session/9e4b0c56bdc2009dd8b0bebe8916bd78/execute/sync - {"script":"<script> [21 bytes]","args":[{"element-6066-11e4-a52e-4f735466cecf":"f.D0BD26F3EBBF0F14FC1A15388CEF3D6F.d.689272193BD732840A16CDEF78E1E21B.e.26","ELEMENT":"f.D0BD26F3EBBF0F14FC1A15388CEF3D6F.d.689272193BD732840A16CDEF78E1E21B.e.26"}]}
COMMAND: POST /session/9e4b0c56bdc2009dd8b0bebe8916bd78/execute/sync - {"script":"<script> [21 bytes]","args":[{"element-6066-11e4-a52e-4f735466cecf":"f.244A86F92A1FEE1C0AF9EBB1B7BA7909.d.34DDA54420E247BFD700A2578C90F6ED.e.48","ELEMENT":"f.244A86F92A1FEE1C0AF9EBB1B7BA7909.d.34DDA54420E247BFD700A2578C90F6ED.e.48"}]}
]]></system-out>
    </testcase>
    <testcase classname="chrome.130_0_6723_59.windows.Positive_Login_and_Navigation_Functionality" name="should login successfully and access Analityczne page" time="2.309">
      <system-out><![CDATA[
COMMAND: POST /session/d8da11b8766f50883e43b62d6c627838/url - {"url":"http://localhost:3000/home"}
COMMAND: POST /session/d8da11b8766f50883e43b62d6c627838/execute/sync - {"script":"<script> [21 bytes]","args":[{"element-6066-11e4-a52e-4f735466cecf":"f.DF8DD89D7CE42BBB8BDDB933076899F0.d.7404E70CADFEECDBECF6DCB360F301AC.e.42","ELEMENT":"f.DF8DD89D7CE42BBB8BDDB933076899F0.d.7404E70CADFEECDBECF6DCB360F301AC.e.42"}]}
COMMAND: POST /session/d8da11b8766f50883e43b62d6c627838/execute/sync - {"script":"<script> [21 bytes]","args":[{"element-6066-11e4-a52e-4f735466cecf":"f.D0BD26F3EBBF0F14FC1A15388CEF3D6F.d.689272193BD732840A16CDEF78E1E21B.e.26","ELEMENT":"f.D0BD26F3EBBF0F14FC1A15388CEF3D6F.d.689272193BD732840A16CDEF78E1E21B.e.26"}]}
COMMAND: POST /session/d8da11b8766f50883e43b62d6c627838/execute/sync - {"script":"<script> [21 bytes]","args":[{"element-6066-11e4-a52e-4f735466cecf":"f.244A86F92A1FEE1C0AF9EBB1B7BA7909.d.34DDA54420E247BFD700A2578C90F6ED.e.48","ELEMENT":"f.244A86F92A1FEE1C0AF9EBB1B7BA7909.d.34DDA54420E247BFD700A2578C90F6ED.e.48"}]}
RESULT: {"url":"http://localhost:3000/home"}
COMMAND: POST /session/d8da11b8766f50883e43b62d6c627838/url - {"url":"http://localhost:3000/"}
RESULT: {"script":"<script> [21 bytes]","args":[{"element-6066-11e4-a52e-4f735466cecf":"f.DF8DD89D7CE42BBB8BDDB933076899F0.d.7404E70CADFEECDBECF6DCB360F301AC.e.42","ELEMENT":"f.DF8DD89D7CE42BBB8BDDB933076899F0.d.7404E70CADFEECDBECF6DCB360F301AC.e.42"}]}
RESULT: {"script":"<script> [21 bytes]","args":[{"element-6066-11e4-a52e-4f735466cecf":"f.D0BD26F3EBBF0F14FC1A15388CEF3D6F.d.689272193BD732840A16CDEF78E1E21B.e.26","ELEMENT":"f.D0BD26F3EBBF0F14FC1A15388CEF3D6F.d.689272193BD732840A16CDEF78E1E21B.e.26"}]}
RESULT: {"script":"<script> [21 bytes]","args":[{"element-6066-11e4-a52e-4f735466cecf":"f.244A86F92A1FEE1C0AF9EBB1B7BA7909.d.34DDA54420E247BFD700A2578C90F6ED.e.48","ELEMENT":"f.244A86F92A1FEE1C0AF9EBB1B7BA7909.d.34DDA54420E247BFD700A2578C90F6ED.e.48"}]}
RESULT: {"url":"http://localhost:3000/"}
COMMAND: POST /session/d8da11b8766f50883e43b62d6c627838/element - {"using":"css selector","value":"[data-testid=\"nav-analytics\"]"}
RESULT: {"using":"css selector","value":"[data-testid=\"nav-analytics\"]"}
COMMAND: POST /session/d8da11b8766f50883e43b62d6c627838/execute/sync - {"script":"<script> [21 bytes]","args":[{"element-6066-11e4-a52e-4f735466cecf":"f.0E1455F325F713740DE2C7165C3CA426.d.2F7E5605915909C773862A103ABE2C1B.e.29","ELEMENT":"f.0E1455F325F713740DE2C7165C3CA426.d.2F7E5605915909C773862A103ABE2C1B.e.29"}]}
RESULT: {"script":"<script> [21 bytes]","args":[{"element-6066-11e4-a52e-4f735466cecf":"f.0E1455F325F713740DE2C7165C3CA426.d.2F7E5605915909C773862A103ABE2C1B.e.29","ELEMENT":"f.0E1455F325F713740DE2C7165C3CA426.d.2F7E5605915909C773862A103ABE2C1B.e.29"}]}
COMMAND: POST /session/d8da11b8766f50883e43b62d6c627838/execute/sync - {"script":"<script> [21 bytes]","args":[{"element-6066-11e4-a52e-4f735466cecf":"f.0E1455F325F713740DE2C7165C3CA426.d.2F7E5605915909C773862A103ABE2C1B.e.29","ELEMENT":"f.0E1455F325F713740DE2C7165C3CA426.d.2F7E5605915909C773862A103ABE2C1B.e.29"}]}
RESULT: {"script":"<script> [21 bytes]","args":[{"element-6066-11e4-a52e-4f735466cecf":"f.0E1455F325F713740DE2C7165C3CA426.d.2F7E5605915909C773862A103ABE2C1B.e.29","ELEMENT":"f.0E1455F325F713740DE2C7165C3CA426.d.2F7E5605915909C773862A103ABE2C1B.e.29"}]}
COMMAND: POST /session/d8da11b8766f50883e43b62d6c627838/element/f.0E1455F325F713740DE2C7165C3CA426.d.2F7E5605915909C773862A103ABE2C1B.e.29/click - {}
RESULT: {}
COMMAND: POST /session/d8da11b8766f50883e43b62d6c627838/element - {"using":"css selector","value":"[data-testid=\"username-input\"]"}
RESULT: {"using":"css selector","value":"[data-testid=\"username-input\"]"}
COMMAND: POST /session/d8da11b8766f50883e43b62d6c627838/element/f.0E1455F325F713740DE2C7165C3CA426.d.2F7E5605915909C773862A103ABE2C1B.e.36/clear - {}
RESULT: {}
COMMAND: POST /session/d8da11b8766f50883e43b62d6c627838/element/f.0E1455F325F713740DE2C7165C3CA426.d.2F7E5605915909C773862A103ABE2C1B.e.36/value - {"text":"afZL1H8HKJF"}
COMMAND: POST /session/d8da11b8766f50883e43b62d6c627838/execute/sync - {"script":"<script> [21 bytes]","args":[{"element-6066-11e4-a52e-4f735466cecf":"f.DF8DD89D7CE42BBB8BDDB933076899F0.d.7404E70CADFEECDBECF6DCB360F301AC.e.42","ELEMENT":"f.DF8DD89D7CE42BBB8BDDB933076899F0.d.7404E70CADFEECDBECF6DCB360F301AC.e.42"}]}
COMMAND: POST /session/d8da11b8766f50883e43b62d6c627838/execute/sync - {"script":"<script> [21 bytes]","args":[{"element-6066-11e4-a52e-4f735466cecf":"f.D0BD26F3EBBF0F14FC1A15388CEF3D6F.d.689272193BD732840A16CDEF78E1E21B.e.26","ELEMENT":"f.D0BD26F3EBBF0F14FC1A15388CEF3D6F.d.689272193BD732840A16CDEF78E1E21B.e.26"}]}
COMMAND: POST /session/d8da11b8766f50883e43b62d6c627838/execute/sync - {"script":"<script> [21 bytes]","args":[{"element-6066-11e4-a52e-4f735466cecf":"f.244A86F92A1FEE1C0AF9EBB1B7BA7909.d.34DDA54420E247BFD700A2578C90F6ED.e.48","ELEMENT":"f.244A86F92A1FEE1C0AF9EBB1B7BA7909.d.34DDA54420E247BFD700A2578C90F6ED.e.48"}]}
RESULT: {"text":"afZL1H8HKJF"}
COMMAND: POST /session/d8da11b8766f50883e43b62d6c627838/element - {"using":"css selector","value":"[data-testid=\"password-input\"]"}
RESULT: {"script":"<script> [21 bytes]","args":[{"element-6066-11e4-a52e-4f735466cecf":"f.DF8DD89D7CE42BBB8BDDB933076899F0.d.7404E70CADFEECDBECF6DCB360F301AC.e.42","ELEMENT":"f.DF8DD89D7CE42BBB8BDDB933076899F0.d.7404E70CADFEECDBECF6DCB360F301AC.e.42"}]}
RESULT: {"script":"<script> [21 bytes]","args":[{"element-6066-11e4-a52e-4f735466cecf":"f.D0BD26F3EBBF0F14FC1A15388CEF3D6F.d.689272193BD732840A16CDEF78E1E21B.e.26","ELEMENT":"f.D0BD26F3EBBF0F14FC1A15388CEF3D6F.d.689272193BD732840A16CDEF78E1E21B.e.26"}]}
RESULT: {"script":"<script> [21 bytes]","args":[{"element-6066-11e4-a52e-4f735466cecf":"f.244A86F92A1FEE1C0AF9EBB1B7BA7909.d.34DDA54420E247BFD700A2578C90F6ED.e.48","ELEMENT":"f.244A86F92A1FEE1C0AF9EBB1B7BA7909.d.34DDA54420E247BFD700A2578C90F6ED.e.48"}]}
RESULT: {"using":"css selector","value":"[data-testid=\"password-input\"]"}
COMMAND: POST /session/d8da11b8766f50883e43b62d6c627838/element/f.0E1455F325F713740DE2C7165C3CA426.d.2F7E5605915909C773862A103ABE2C1B.e.38/clear - {}
RESULT: {}
COMMAND: POST /session/d8da11b8766f50883e43b62d6c627838/element/f.0E1455F325F713740DE2C7165C3CA426.d.2F7E5605915909C773862A103ABE2C1B.e.38/value - {"text":"GwBO0c8NvjU"}
RESULT: {"text":"GwBO0c8NvjU"}
COMMAND: POST /session/d8da11b8766f50883e43b62d6c627838/element - {"using":"css selector","value":"[data-testid=\"login-button\"]"}
RESULT: {"using":"css selector","value":"[data-testid=\"login-button\"]"}
COMMAND: POST /session/d8da11b8766f50883e43b62d6c627838/element/f.0E1455F325F713740DE2C7165C3CA426.d.2F7E5605915909C773862A103ABE2C1B.e.41/click - {}
RESULT: {}
COMMAND: GET /session/d8da11b8766f50883e43b62d6c627838/url - {}
RESULT: {}
COMMAND: GET /session/d8da11b8766f50883e43b62d6c627838/screenshot - {}
RESULT: {}
COMMAND: POST /session/d8da11b8766f50883e43b62d6c627838/element - {"using":"css selector","value":"[data-testid=\"reset-button\"]"}
RESULT: {"using":"css selector","value":"[data-testid=\"reset-button\"]"}
COMMAND: DELETE /session/d8da11b8766f50883e43b62d6c627838 - {"deleteSessionOpts":{"shutdownDriver":false}}
COMMAND: POST /session/d8da11b8766f50883e43b62d6c627838/execute/sync - {"script":"<script> [21 bytes]","args":[{"element-6066-11e4-a52e-4f735466cecf":"f.0E1455F325F713740DE2C7165C3CA426.d.2F7E5605915909C773862A103ABE2C1B.e.71","ELEMENT":"f.0E1455F325F713740DE2C7165C3CA426.d.2F7E5605915909C773862A103ABE2C1B.e.71"}]}
COMMAND: POST /session/d8da11b8766f50883e43b62d6c627838/execute/sync - {"script":"<script> [21 bytes]","args":[{"element-6066-11e4-a52e-4f735466cecf":"f.DF8DD89D7CE42BBB8BDDB933076899F0.d.7404E70CADFEECDBECF6DCB360F301AC.e.42","ELEMENT":"f.DF8DD89D7CE42BBB8BDDB933076899F0.d.7404E70CADFEECDBECF6DCB360F301AC.e.42"}]}
COMMAND: POST /session/d8da11b8766f50883e43b62d6c627838/execute/sync - {"script":"<script> [21 bytes]","args":[{"element-6066-11e4-a52e-4f735466cecf":"f.D0BD26F3EBBF0F14FC1A15388CEF3D6F.d.689272193BD732840A16CDEF78E1E21B.e.26","ELEMENT":"f.D0BD26F3EBBF0F14FC1A15388CEF3D6F.d.689272193BD732840A16CDEF78E1E21B.e.26"}]}
COMMAND: POST /session/d8da11b8766f50883e43b62d6c627838/execute/sync - {"script":"<script> [21 bytes]","args":[{"element-6066-11e4-a52e-4f735466cecf":"f.244A86F92A1FEE1C0AF9EBB1B7BA7909.d.34DDA54420E247BFD700A2578C90F6ED.e.48","ELEMENT":"f.244A86F92A1FEE1C0AF9EBB1B7BA7909.d.34DDA54420E247BFD700A2578C90F6ED.e.48"}]}
RESULT: {"deleteSessionOpts":{"shutdownDriver":false}}
COMMAND: POST /session/d8da11b8766f50883e43b62d6c627838/execute/sync - {"script":"<script> [21 bytes]","args":[{"element-6066-11e4-a52e-4f735466cecf":"f.0E1455F325F713740DE2C7165C3CA426.d.2F7E5605915909C773862A103ABE2C1B.e.71","ELEMENT":"f.0E1455F325F713740DE2C7165C3CA426.d.2F7E5605915909C773862A103ABE2C1B.e.71"}]}
COMMAND: POST /session/d8da11b8766f50883e43b62d6c627838/execute/sync - {"script":"<script> [21 bytes]","args":[{"element-6066-11e4-a52e-4f735466cecf":"f.DF8DD89D7CE42BBB8BDDB933076899F0.d.7404E70CADFEECDBECF6DCB360F301AC.e.42","ELEMENT":"f.DF8DD89D7CE42BBB8BDDB933076899F0.d.7404E70CADFEECDBECF6DCB360F301AC.e.42"}]}
COMMAND: POST /session/d8da11b8766f50883e43b62d6c627838/execute/sync - {"script":"<script> [21 bytes]","args":[{"element-6066-11e4-a52e-4f735466cecf":"f.D0BD26F3EBBF0F14FC1A15388CEF3D6F.d.689272193BD732840A16CDEF78E1E21B.e.26","ELEMENT":"f.D0BD26F3EBBF0F14FC1A15388CEF3D6F.d.689272193BD732840A16CDEF78E1E21B.e.26"}]}
COMMAND: POST /session/d8da11b8766f50883e43b62d6c627838/execute/sync - {"script":"<script> [21 bytes]","args":[{"element-6066-11e4-a52e-4f735466cecf":"f.244A86F92A1FEE1C0AF9EBB1B7BA7909.d.34DDA54420E247BFD700A2578C90F6ED.e.48","ELEMENT":"f.244A86F92A1FEE1C0AF9EBB1B7BA7909.d.34DDA54420E247BFD700A2578C90F6ED.e.48"}]}
]]></system-out>
    </testcase>
    <testcase classname="chrome.130_0_6723_59.windows.Positive_Login_and_Navigation_Functionality" name="should login successfully and access Pracownicy page" time="2.422">
      <system-out><![CDATA[
COMMAND: POST /session/ea9c94467c949513d6d4bcc417ff5300/url - {"url":"http://localhost:3000/home"}
COMMAND: POST /session/ea9c94467c949513d6d4bcc417ff5300/execute/sync - {"script":"<script> [21 bytes]","args":[{"element-6066-11e4-a52e-4f735466cecf":"f.0E1455F325F713740DE2C7165C3CA426.d.2F7E5605915909C773862A103ABE2C1B.e.71","ELEMENT":"f.0E1455F325F713740DE2C7165C3CA426.d.2F7E5605915909C773862A103ABE2C1B.e.71"}]}
COMMAND: POST /session/ea9c94467c949513d6d4bcc417ff5300/execute/sync - {"script":"<script> [21 bytes]","args":[{"element-6066-11e4-a52e-4f735466cecf":"f.DF8DD89D7CE42BBB8BDDB933076899F0.d.7404E70CADFEECDBECF6DCB360F301AC.e.42","ELEMENT":"f.DF8DD89D7CE42BBB8BDDB933076899F0.d.7404E70CADFEECDBECF6DCB360F301AC.e.42"}]}
COMMAND: POST /session/ea9c94467c949513d6d4bcc417ff5300/execute/sync - {"script":"<script> [21 bytes]","args":[{"element-6066-11e4-a52e-4f735466cecf":"f.D0BD26F3EBBF0F14FC1A15388CEF3D6F.d.689272193BD732840A16CDEF78E1E21B.e.26","ELEMENT":"f.D0BD26F3EBBF0F14FC1A15388CEF3D6F.d.689272193BD732840A16CDEF78E1E21B.e.26"}]}
COMMAND: POST /session/ea9c94467c949513d6d4bcc417ff5300/execute/sync - {"script":"<script> [21 bytes]","args":[{"element-6066-11e4-a52e-4f735466cecf":"f.244A86F92A1FEE1C0AF9EBB1B7BA7909.d.34DDA54420E247BFD700A2578C90F6ED.e.48","ELEMENT":"f.244A86F92A1FEE1C0AF9EBB1B7BA7909.d.34DDA54420E247BFD700A2578C90F6ED.e.48"}]}
RESULT: {"url":"http://localhost:3000/home"}
COMMAND: POST /session/ea9c94467c949513d6d4bcc417ff5300/url - {"url":"http://localhost:3000/"}
RESULT: {"script":"<script> [21 bytes]","args":[{"element-6066-11e4-a52e-4f735466cecf":"f.0E1455F325F713740DE2C7165C3CA426.d.2F7E5605915909C773862A103ABE2C1B.e.71","ELEMENT":"f.0E1455F325F713740DE2C7165C3CA426.d.2F7E5605915909C773862A103ABE2C1B.e.71"}]}
RESULT: {"script":"<script> [21 bytes]","args":[{"element-6066-11e4-a52e-4f735466cecf":"f.DF8DD89D7CE42BBB8BDDB933076899F0.d.7404E70CADFEECDBECF6DCB360F301AC.e.42","ELEMENT":"f.DF8DD89D7CE42BBB8BDDB933076899F0.d.7404E70CADFEECDBECF6DCB360F301AC.e.42"}]}
RESULT: {"script":"<script> [21 bytes]","args":[{"element-6066-11e4-a52e-4f735466cecf":"f.D0BD26F3EBBF0F14FC1A15388CEF3D6F.d.689272193BD732840A16CDEF78E1E21B.e.26","ELEMENT":"f.D0BD26F3EBBF0F14FC1A15388CEF3D6F.d.689272193BD732840A16CDEF78E1E21B.e.26"}]}
RESULT: {"script":"<script> [21 bytes]","args":[{"element-6066-11e4-a52e-4f735466cecf":"f.244A86F92A1FEE1C0AF9EBB1B7BA7909.d.34DDA54420E247BFD700A2578C90F6ED.e.48","ELEMENT":"f.244A86F92A1FEE1C0AF9EBB1B7BA7909.d.34DDA54420E247BFD700A2578C90F6ED.e.48"}]}
RESULT: {"url":"http://localhost:3000/"}
COMMAND: POST /session/ea9c94467c949513d6d4bcc417ff5300/element - {"using":"css selector","value":"[data-testid=\"nav-users\"]"}
RESULT: {"using":"css selector","value":"[data-testid=\"nav-users\"]"}
COMMAND: POST /session/ea9c94467c949513d6d4bcc417ff5300/execute/sync - {"script":"<script> [21 bytes]","args":[{"element-6066-11e4-a52e-4f735466cecf":"f.C6BECC2A37E2FEBB7A9A5B9B4EF69431.d.D63B464C67B671A385286235F244F7D3.e.29","ELEMENT":"f.C6BECC2A37E2FEBB7A9A5B9B4EF69431.d.D63B464C67B671A385286235F244F7D3.e.29"}]}
RESULT: {"script":"<script> [21 bytes]","args":[{"element-6066-11e4-a52e-4f735466cecf":"f.C6BECC2A37E2FEBB7A9A5B9B4EF69431.d.D63B464C67B671A385286235F244F7D3.e.29","ELEMENT":"f.C6BECC2A37E2FEBB7A9A5B9B4EF69431.d.D63B464C67B671A385286235F244F7D3.e.29"}]}
COMMAND: POST /session/ea9c94467c949513d6d4bcc417ff5300/execute/sync - {"script":"<script> [21 bytes]","args":[{"element-6066-11e4-a52e-4f735466cecf":"f.C6BECC2A37E2FEBB7A9A5B9B4EF69431.d.D63B464C67B671A385286235F244F7D3.e.29","ELEMENT":"f.C6BECC2A37E2FEBB7A9A5B9B4EF69431.d.D63B464C67B671A385286235F244F7D3.e.29"}]}
RESULT: {"script":"<script> [21 bytes]","args":[{"element-6066-11e4-a52e-4f735466cecf":"f.C6BECC2A37E2FEBB7A9A5B9B4EF69431.d.D63B464C67B671A385286235F244F7D3.e.29","ELEMENT":"f.C6BECC2A37E2FEBB7A9A5B9B4EF69431.d.D63B464C67B671A385286235F244F7D3.e.29"}]}
COMMAND: POST /session/ea9c94467c949513d6d4bcc417ff5300/element/f.C6BECC2A37E2FEBB7A9A5B9B4EF69431.d.D63B464C67B671A385286235F244F7D3.e.29/click - {}
RESULT: {}
COMMAND: POST /session/ea9c94467c949513d6d4bcc417ff5300/element - {"using":"css selector","value":"[data-testid=\"username-input\"]"}
RESULT: {"using":"css selector","value":"[data-testid=\"username-input\"]"}
COMMAND: POST /session/ea9c94467c949513d6d4bcc417ff5300/element/f.C6BECC2A37E2FEBB7A9A5B9B4EF69431.d.D63B464C67B671A385286235F244F7D3.e.36/clear - {}
RESULT: {}
COMMAND: POST /session/ea9c94467c949513d6d4bcc417ff5300/element/f.C6BECC2A37E2FEBB7A9A5B9B4EF69431.d.D63B464C67B671A385286235F244F7D3.e.36/value - {"text":"qGDtQqqdinWvS9Dro6O3"}
COMMAND: POST /session/ea9c94467c949513d6d4bcc417ff5300/execute/sync - {"script":"<script> [21 bytes]","args":[{"element-6066-11e4-a52e-4f735466cecf":"f.0E1455F325F713740DE2C7165C3CA426.d.2F7E5605915909C773862A103ABE2C1B.e.71","ELEMENT":"f.0E1455F325F713740DE2C7165C3CA426.d.2F7E5605915909C773862A103ABE2C1B.e.71"}]}
COMMAND: POST /session/ea9c94467c949513d6d4bcc417ff5300/execute/sync - {"script":"<script> [21 bytes]","args":[{"element-6066-11e4-a52e-4f735466cecf":"f.DF8DD89D7CE42BBB8BDDB933076899F0.d.7404E70CADFEECDBECF6DCB360F301AC.e.42","ELEMENT":"f.DF8DD89D7CE42BBB8BDDB933076899F0.d.7404E70CADFEECDBECF6DCB360F301AC.e.42"}]}
COMMAND: POST /session/ea9c94467c949513d6d4bcc417ff5300/execute/sync - {"script":"<script> [21 bytes]","args":[{"element-6066-11e4-a52e-4f735466cecf":"f.D0BD26F3EBBF0F14FC1A15388CEF3D6F.d.689272193BD732840A16CDEF78E1E21B.e.26","ELEMENT":"f.D0BD26F3EBBF0F14FC1A15388CEF3D6F.d.689272193BD732840A16CDEF78E1E21B.e.26"}]}
COMMAND: POST /session/ea9c94467c949513d6d4bcc417ff5300/execute/sync - {"script":"<script> [21 bytes]","args":[{"element-6066-11e4-a52e-4f735466cecf":"f.244A86F92A1FEE1C0AF9EBB1B7BA7909.d.34DDA54420E247BFD700A2578C90F6ED.e.48","ELEMENT":"f.244A86F92A1FEE1C0AF9EBB1B7BA7909.d.34DDA54420E247BFD700A2578C90F6ED.e.48"}]}
RESULT: {"text":"qGDtQqqdinWvS9Dro6O3"}
COMMAND: POST /session/ea9c94467c949513d6d4bcc417ff5300/element - {"using":"css selector","value":"[data-testid=\"password-input\"]"}
RESULT: {"script":"<script> [21 bytes]","args":[{"element-6066-11e4-a52e-4f735466cecf":"f.0E1455F325F713740DE2C7165C3CA426.d.2F7E5605915909C773862A103ABE2C1B.e.71","ELEMENT":"f.0E1455F325F713740DE2C7165C3CA426.d.2F7E5605915909C773862A103ABE2C1B.e.71"}]}
RESULT: {"script":"<script> [21 bytes]","args":[{"element-6066-11e4-a52e-4f735466cecf":"f.DF8DD89D7CE42BBB8BDDB933076899F0.d.7404E70CADFEECDBECF6DCB360F301AC.e.42","ELEMENT":"f.DF8DD89D7CE42BBB8BDDB933076899F0.d.7404E70CADFEECDBECF6DCB360F301AC.e.42"}]}
RESULT: {"script":"<script> [21 bytes]","args":[{"element-6066-11e4-a52e-4f735466cecf":"f.D0BD26F3EBBF0F14FC1A15388CEF3D6F.d.689272193BD732840A16CDEF78E1E21B.e.26","ELEMENT":"f.D0BD26F3EBBF0F14FC1A15388CEF3D6F.d.689272193BD732840A16CDEF78E1E21B.e.26"}]}
RESULT: {"script":"<script> [21 bytes]","args":[{"element-6066-11e4-a52e-4f735466cecf":"f.244A86F92A1FEE1C0AF9EBB1B7BA7909.d.34DDA54420E247BFD700A2578C90F6ED.e.48","ELEMENT":"f.244A86F92A1FEE1C0AF9EBB1B7BA7909.d.34DDA54420E247BFD700A2578C90F6ED.e.48"}]}
RESULT: {"using":"css selector","value":"[data-testid=\"password-input\"]"}
COMMAND: POST /session/ea9c94467c949513d6d4bcc417ff5300/element/f.C6BECC2A37E2FEBB7A9A5B9B4EF69431.d.D63B464C67B671A385286235F244F7D3.e.38/clear - {}
RESULT: {}
COMMAND: POST /session/ea9c94467c949513d6d4bcc417ff5300/element/f.C6BECC2A37E2FEBB7A9A5B9B4EF69431.d.D63B464C67B671A385286235F244F7D3.e.38/value - {"text":"NLCOCKy1DxIFmrbpa3EV"}
RESULT: {"text":"NLCOCKy1DxIFmrbpa3EV"}
COMMAND: POST /session/ea9c94467c949513d6d4bcc417ff5300/element - {"using":"css selector","value":"[data-testid=\"login-button\"]"}
RESULT: {"using":"css selector","value":"[data-testid=\"login-button\"]"}
COMMAND: POST /session/ea9c94467c949513d6d4bcc417ff5300/element/f.C6BECC2A37E2FEBB7A9A5B9B4EF69431.d.D63B464C67B671A385286235F244F7D3.e.41/click - {}
RESULT: {}
COMMAND: GET /session/ea9c94467c949513d6d4bcc417ff5300/url - {}
RESULT: {}
COMMAND: GET /session/ea9c94467c949513d6d4bcc417ff5300/screenshot - {}
COMMAND: POST /session/ea9c94467c949513d6d4bcc417ff5300/execute/sync - {"script":"<script> [21 bytes]","args":[{"element-6066-11e4-a52e-4f735466cecf":"f.0E1455F325F713740DE2C7165C3CA426.d.2F7E5605915909C773862A103ABE2C1B.e.71","ELEMENT":"f.0E1455F325F713740DE2C7165C3CA426.d.2F7E5605915909C773862A103ABE2C1B.e.71"}]}
COMMAND: POST /session/ea9c94467c949513d6d4bcc417ff5300/execute/sync - {"script":"<script> [21 bytes]","args":[{"element-6066-11e4-a52e-4f735466cecf":"f.DF8DD89D7CE42BBB8BDDB933076899F0.d.7404E70CADFEECDBECF6DCB360F301AC.e.42","ELEMENT":"f.DF8DD89D7CE42BBB8BDDB933076899F0.d.7404E70CADFEECDBECF6DCB360F301AC.e.42"}]}
COMMAND: POST /session/ea9c94467c949513d6d4bcc417ff5300/execute/sync - {"script":"<script> [21 bytes]","args":[{"element-6066-11e4-a52e-4f735466cecf":"f.D0BD26F3EBBF0F14FC1A15388CEF3D6F.d.689272193BD732840A16CDEF78E1E21B.e.26","ELEMENT":"f.D0BD26F3EBBF0F14FC1A15388CEF3D6F.d.689272193BD732840A16CDEF78E1E21B.e.26"}]}
COMMAND: POST /session/ea9c94467c949513d6d4bcc417ff5300/execute/sync - {"script":"<script> [21 bytes]","args":[{"element-6066-11e4-a52e-4f735466cecf":"f.244A86F92A1FEE1C0AF9EBB1B7BA7909.d.34DDA54420E247BFD700A2578C90F6ED.e.48","ELEMENT":"f.244A86F92A1FEE1C0AF9EBB1B7BA7909.d.34DDA54420E247BFD700A2578C90F6ED.e.48"}]}
RESULT: {}
COMMAND: POST /session/ea9c94467c949513d6d4bcc417ff5300/element - {"using":"css selector","value":"[data-testid=\"reset-button\"]"}
RESULT: {"script":"<script> [21 bytes]","args":[{"element-6066-11e4-a52e-4f735466cecf":"f.0E1455F325F713740DE2C7165C3CA426.d.2F7E5605915909C773862A103ABE2C1B.e.71","ELEMENT":"f.0E1455F325F713740DE2C7165C3CA426.d.2F7E5605915909C773862A103ABE2C1B.e.71"}]}
RESULT: {"script":"<script> [21 bytes]","args":[{"element-6066-11e4-a52e-4f735466cecf":"f.DF8DD89D7CE42BBB8BDDB933076899F0.d.7404E70CADFEECDBECF6DCB360F301AC.e.42","ELEMENT":"f.DF8DD89D7CE42BBB8BDDB933076899F0.d.7404E70CADFEECDBECF6DCB360F301AC.e.42"}]}
RESULT: {"script":"<script> [21 bytes]","args":[{"element-6066-11e4-a52e-4f735466cecf":"f.D0BD26F3EBBF0F14FC1A15388CEF3D6F.d.689272193BD732840A16CDEF78E1E21B.e.26","ELEMENT":"f.D0BD26F3EBBF0F14FC1A15388CEF3D6F.d.689272193BD732840A16CDEF78E1E21B.e.26"}]}
RESULT: {"script":"<script> [21 bytes]","args":[{"element-6066-11e4-a52e-4f735466cecf":"f.244A86F92A1FEE1C0AF9EBB1B7BA7909.d.34DDA54420E247BFD700A2578C90F6ED.e.48","ELEMENT":"f.244A86F92A1FEE1C0AF9EBB1B7BA7909.d.34DDA54420E247BFD700A2578C90F6ED.e.48"}]}
RESULT: {"using":"css selector","value":"[data-testid=\"reset-button\"]"}
COMMAND: DELETE /session/ea9c94467c949513d6d4bcc417ff5300 - {"deleteSessionOpts":{"shutdownDriver":false}}
COMMAND: POST /session/ea9c94467c949513d6d4bcc417ff5300/execute/sync - {"script":"<script> [21 bytes]","args":[{"element-6066-11e4-a52e-4f735466cecf":"f.C6BECC2A37E2FEBB7A9A5B9B4EF69431.d.D63B464C67B671A385286235F244F7D3.e.43","ELEMENT":"f.C6BECC2A37E2FEBB7A9A5B9B4EF69431.d.D63B464C67B671A385286235F244F7D3.e.43"}]}
RESULT: {"deleteSessionOpts":{"shutdownDriver":false}}
COMMAND: POST /session/ea9c94467c949513d6d4bcc417ff5300/execute/sync - {"script":"<script> [21 bytes]","args":[{"element-6066-11e4-a52e-4f735466cecf":"f.0E1455F325F713740DE2C7165C3CA426.d.2F7E5605915909C773862A103ABE2C1B.e.71","ELEMENT":"f.0E1455F325F713740DE2C7165C3CA426.d.2F7E5605915909C773862A103ABE2C1B.e.71"}]}
COMMAND: POST /session/ea9c94467c949513d6d4bcc417ff5300/execute/sync - {"script":"<script> [21 bytes]","args":[{"element-6066-11e4-a52e-4f735466cecf":"f.DF8DD89D7CE42BBB8BDDB933076899F0.d.7404E70CADFEECDBECF6DCB360F301AC.e.42","ELEMENT":"f.DF8DD89D7CE42BBB8BDDB933076899F0.d.7404E70CADFEECDBECF6DCB360F301AC.e.42"}]}
COMMAND: POST /session/ea9c94467c949513d6d4bcc417ff5300/execute/sync - {"script":"<script> [21 bytes]","args":[{"element-6066-11e4-a52e-4f735466cecf":"f.D0BD26F3EBBF0F14FC1A15388CEF3D6F.d.689272193BD732840A16CDEF78E1E21B.e.26","ELEMENT":"f.D0BD26F3EBBF0F14FC1A15388CEF3D6F.d.689272193BD732840A16CDEF78E1E21B.e.26"}]}
COMMAND: POST /session/ea9c94467c949513d6d4bcc417ff5300/execute/sync - {"script":"<script> [21 bytes]","args":[{"element-6066-11e4-a52e-4f735466cecf":"f.244A86F92A1FEE1C0AF9EBB1B7BA7909.d.34DDA54420E247BFD700A2578C90F6ED.e.48","ELEMENT":"f.244A86F92A1FEE1C0AF9EBB1B7BA7909.d.34DDA54420E247BFD700A2578C90F6ED.e.48"}]}
COMMAND: POST /session/ea9c94467c949513d6d4bcc417ff5300/execute/sync - {"script":"<script> [21 bytes]","args":[{"element-6066-11e4-a52e-4f735466cecf":"f.C6BECC2A37E2FEBB7A9A5B9B4EF69431.d.D63B464C67B671A385286235F244F7D3.e.43","ELEMENT":"f.C6BECC2A37E2FEBB7A9A5B9B4EF69431.d.D63B464C67B671A385286235F244F7D3.e.43"}]}
]]></system-out>
    </testcase>
    <testcase classname="chrome.130_0_6723_59.windows.Positive_Login_and_Navigation_Functionality" name="should login successfully and access Produkty page" time="2.42">
      <system-out><![CDATA[
COMMAND: POST /session/c83c35c97dc5fd9377e423ae15f32bd5/url - {"url":"http://localhost:3000/home"}
COMMAND: POST /session/c83c35c97dc5fd9377e423ae15f32bd5/execute/sync - {"script":"<script> [21 bytes]","args":[{"element-6066-11e4-a52e-4f735466cecf":"f.0E1455F325F713740DE2C7165C3CA426.d.2F7E5605915909C773862A103ABE2C1B.e.71","ELEMENT":"f.0E1455F325F713740DE2C7165C3CA426.d.2F7E5605915909C773862A103ABE2C1B.e.71"}]}
COMMAND: POST /session/c83c35c97dc5fd9377e423ae15f32bd5/execute/sync - {"script":"<script> [21 bytes]","args":[{"element-6066-11e4-a52e-4f735466cecf":"f.DF8DD89D7CE42BBB8BDDB933076899F0.d.7404E70CADFEECDBECF6DCB360F301AC.e.42","ELEMENT":"f.DF8DD89D7CE42BBB8BDDB933076899F0.d.7404E70CADFEECDBECF6DCB360F301AC.e.42"}]}
COMMAND: POST /session/c83c35c97dc5fd9377e423ae15f32bd5/execute/sync - {"script":"<script> [21 bytes]","args":[{"element-6066-11e4-a52e-4f735466cecf":"f.D0BD26F3EBBF0F14FC1A15388CEF3D6F.d.689272193BD732840A16CDEF78E1E21B.e.26","ELEMENT":"f.D0BD26F3EBBF0F14FC1A15388CEF3D6F.d.689272193BD732840A16CDEF78E1E21B.e.26"}]}
COMMAND: POST /session/c83c35c97dc5fd9377e423ae15f32bd5/execute/sync - {"script":"<script> [21 bytes]","args":[{"element-6066-11e4-a52e-4f735466cecf":"f.244A86F92A1FEE1C0AF9EBB1B7BA7909.d.34DDA54420E247BFD700A2578C90F6ED.e.48","ELEMENT":"f.244A86F92A1FEE1C0AF9EBB1B7BA7909.d.34DDA54420E247BFD700A2578C90F6ED.e.48"}]}
COMMAND: POST /session/c83c35c97dc5fd9377e423ae15f32bd5/execute/sync - {"script":"<script> [21 bytes]","args":[{"element-6066-11e4-a52e-4f735466cecf":"f.C6BECC2A37E2FEBB7A9A5B9B4EF69431.d.D63B464C67B671A385286235F244F7D3.e.43","ELEMENT":"f.C6BECC2A37E2FEBB7A9A5B9B4EF69431.d.D63B464C67B671A385286235F244F7D3.e.43"}]}
RESULT: {"url":"http://localhost:3000/home"}
COMMAND: POST /session/c83c35c97dc5fd9377e423ae15f32bd5/url - {"url":"http://localhost:3000/"}
RESULT: {"script":"<script> [21 bytes]","args":[{"element-6066-11e4-a52e-4f735466cecf":"f.0E1455F325F713740DE2C7165C3CA426.d.2F7E5605915909C773862A103ABE2C1B.e.71","ELEMENT":"f.0E1455F325F713740DE2C7165C3CA426.d.2F7E5605915909C773862A103ABE2C1B.e.71"}]}
RESULT: {"script":"<script> [21 bytes]","args":[{"element-6066-11e4-a52e-4f735466cecf":"f.DF8DD89D7CE42BBB8BDDB933076899F0.d.7404E70CADFEECDBECF6DCB360F301AC.e.42","ELEMENT":"f.DF8DD89D7CE42BBB8BDDB933076899F0.d.7404E70CADFEECDBECF6DCB360F301AC.e.42"}]}
RESULT: {"script":"<script> [21 bytes]","args":[{"element-6066-11e4-a52e-4f735466cecf":"f.D0BD26F3EBBF0F14FC1A15388CEF3D6F.d.689272193BD732840A16CDEF78E1E21B.e.26","ELEMENT":"f.D0BD26F3EBBF0F14FC1A15388CEF3D6F.d.689272193BD732840A16CDEF78E1E21B.e.26"}]}
RESULT: {"script":"<script> [21 bytes]","args":[{"element-6066-11e4-a52e-4f735466cecf":"f.244A86F92A1FEE1C0AF9EBB1B7BA7909.d.34DDA54420E247BFD700A2578C90F6ED.e.48","ELEMENT":"f.244A86F92A1FEE1C0AF9EBB1B7BA7909.d.34DDA54420E247BFD700A2578C90F6ED.e.48"}]}
RESULT: {"script":"<script> [21 bytes]","args":[{"element-6066-11e4-a52e-4f735466cecf":"f.C6BECC2A37E2FEBB7A9A5B9B4EF69431.d.D63B464C67B671A385286235F244F7D3.e.43","ELEMENT":"f.C6BECC2A37E2FEBB7A9A5B9B4EF69431.d.D63B464C67B671A385286235F244F7D3.e.43"}]}
RESULT: {"url":"http://localhost:3000/"}
COMMAND: POST /session/c83c35c97dc5fd9377e423ae15f32bd5/element - {"using":"css selector","value":"[data-testid=\"nav-products\"]"}
RESULT: {"using":"css selector","value":"[data-testid=\"nav-products\"]"}
COMMAND: POST /session/c83c35c97dc5fd9377e423ae15f32bd5/execute/sync - {"script":"<script> [21 bytes]","args":[{"element-6066-11e4-a52e-4f735466cecf":"f.72BA2039F3CEDD5EC71F07333196EDD1.d.D93BF9B1C99581129D05A1E1491DEE72.e.31","ELEMENT":"f.72BA2039F3CEDD5EC71F07333196EDD1.d.D93BF9B1C99581129D05A1E1491DEE72.e.31"}]}
RESULT: {"script":"<script> [21 bytes]","args":[{"element-6066-11e4-a52e-4f735466cecf":"f.72BA2039F3CEDD5EC71F07333196EDD1.d.D93BF9B1C99581129D05A1E1491DEE72.e.31","ELEMENT":"f.72BA2039F3CEDD5EC71F07333196EDD1.d.D93BF9B1C99581129D05A1E1491DEE72.e.31"}]}
COMMAND: POST /session/c83c35c97dc5fd9377e423ae15f32bd5/execute/sync - {"script":"<script> [21 bytes]","args":[{"element-6066-11e4-a52e-4f735466cecf":"f.72BA2039F3CEDD5EC71F07333196EDD1.d.D93BF9B1C99581129D05A1E1491DEE72.e.31","ELEMENT":"f.72BA2039F3CEDD5EC71F07333196EDD1.d.D93BF9B1C99581129D05A1E1491DEE72.e.31"}]}
RESULT: {"script":"<script> [21 bytes]","args":[{"element-6066-11e4-a52e-4f735466cecf":"f.72BA2039F3CEDD5EC71F07333196EDD1.d.D93BF9B1C99581129D05A1E1491DEE72.e.31","ELEMENT":"f.72BA2039F3CEDD5EC71F07333196EDD1.d.D93BF9B1C99581129D05A1E1491DEE72.e.31"}]}
COMMAND: POST /session/c83c35c97dc5fd9377e423ae15f32bd5/element/f.72BA2039F3CEDD5EC71F07333196EDD1.d.D93BF9B1C99581129D05A1E1491DEE72.e.31/click - {}
RESULT: {}
COMMAND: POST /session/c83c35c97dc5fd9377e423ae15f32bd5/element - {"using":"css selector","value":"[data-testid=\"username-input\"]"}
RESULT: {"using":"css selector","value":"[data-testid=\"username-input\"]"}
COMMAND: POST /session/c83c35c97dc5fd9377e423ae15f32bd5/element/f.72BA2039F3CEDD5EC71F07333196EDD1.d.D93BF9B1C99581129D05A1E1491DEE72.e.36/clear - {}
RESULT: {}
COMMAND: POST /session/c83c35c97dc5fd9377e423ae15f32bd5/element/f.72BA2039F3CEDD5EC71F07333196EDD1.d.D93BF9B1C99581129D05A1E1491DEE72.e.36/value - {"text":"b5ZLoFigYF"}
COMMAND: POST /session/c83c35c97dc5fd9377e423ae15f32bd5/execute/sync - {"script":"<script> [21 bytes]","args":[{"element-6066-11e4-a52e-4f735466cecf":"f.0E1455F325F713740DE2C7165C3CA426.d.2F7E5605915909C773862A103ABE2C1B.e.71","ELEMENT":"f.0E1455F325F713740DE2C7165C3CA426.d.2F7E5605915909C773862A103ABE2C1B.e.71"}]}
COMMAND: POST /session/c83c35c97dc5fd9377e423ae15f32bd5/execute/sync - {"script":"<script> [21 bytes]","args":[{"element-6066-11e4-a52e-4f735466cecf":"f.DF8DD89D7CE42BBB8BDDB933076899F0.d.7404E70CADFEECDBECF6DCB360F301AC.e.42","ELEMENT":"f.DF8DD89D7CE42BBB8BDDB933076899F0.d.7404E70CADFEECDBECF6DCB360F301AC.e.42"}]}
COMMAND: POST /session/c83c35c97dc5fd9377e423ae15f32bd5/execute/sync - {"script":"<script> [21 bytes]","args":[{"element-6066-11e4-a52e-4f735466cecf":"f.D0BD26F3EBBF0F14FC1A15388CEF3D6F.d.689272193BD732840A16CDEF78E1E21B.e.26","ELEMENT":"f.D0BD26F3EBBF0F14FC1A15388CEF3D6F.d.689272193BD732840A16CDEF78E1E21B.e.26"}]}
COMMAND: POST /session/c83c35c97dc5fd9377e423ae15f32bd5/execute/sync - {"script":"<script> [21 bytes]","args":[{"element-6066-11e4-a52e-4f735466cecf":"f.244A86F92A1FEE1C0AF9EBB1B7BA7909.d.34DDA54420E247BFD700A2578C90F6ED.e.48","ELEMENT":"f.244A86F92A1FEE1C0AF9EBB1B7BA7909.d.34DDA54420E247BFD700A2578C90F6ED.e.48"}]}
COMMAND: POST /session/c83c35c97dc5fd9377e423ae15f32bd5/execute/sync - {"script":"<script> [21 bytes]","args":[{"element-6066-11e4-a52e-4f735466cecf":"f.C6BECC2A37E2FEBB7A9A5B9B4EF69431.d.D63B464C67B671A385286235F244F7D3.e.43","ELEMENT":"f.C6BECC2A37E2FEBB7A9A5B9B4EF69431.d.D63B464C67B671A385286235F244F7D3.e.43"}]}
RESULT: {"text":"b5ZLoFigYF"}
COMMAND: POST /session/c83c35c97dc5fd9377e423ae15f32bd5/element - {"using":"css selector","value":"[data-testid=\"password-input\"]"}
RESULT: {"script":"<script> [21 bytes]","args":[{"element-6066-11e4-a52e-4f735466cecf":"f.0E1455F325F713740DE2C7165C3CA426.d.2F7E5605915909C773862A103ABE2C1B.e.71","ELEMENT":"f.0E1455F325F713740DE2C7165C3CA426.d.2F7E5605915909C773862A103ABE2C1B.e.71"}]}
RESULT: {"script":"<script> [21 bytes]","args":[{"element-6066-11e4-a52e-4f735466cecf":"f.DF8DD89D7CE42BBB8BDDB933076899F0.d.7404E70CADFEECDBECF6DCB360F301AC.e.42","ELEMENT":"f.DF8DD89D7CE42BBB8BDDB933076899F0.d.7404E70CADFEECDBECF6DCB360F301AC.e.42"}]}
RESULT: {"script":"<script> [21 bytes]","args":[{"element-6066-11e4-a52e-4f735466cecf":"f.D0BD26F3EBBF0F14FC1A15388CEF3D6F.d.689272193BD732840A16CDEF78E1E21B.e.26","ELEMENT":"f.D0BD26F3EBBF0F14FC1A15388CEF3D6F.d.689272193BD732840A16CDEF78E1E21B.e.26"}]}
RESULT: {"script":"<script> [21 bytes]","args":[{"element-6066-11e4-a52e-4f735466cecf":"f.244A86F92A1FEE1C0AF9EBB1B7BA7909.d.34DDA54420E247BFD700A2578C90F6ED.e.48","ELEMENT":"f.244A86F92A1FEE1C0AF9EBB1B7BA7909.d.34DDA54420E247BFD700A2578C90F6ED.e.48"}]}
RESULT: {"script":"<script> [21 bytes]","args":[{"element-6066-11e4-a52e-4f735466cecf":"f.C6BECC2A37E2FEBB7A9A5B9B4EF69431.d.D63B464C67B671A385286235F244F7D3.e.43","ELEMENT":"f.C6BECC2A37E2FEBB7A9A5B9B4EF69431.d.D63B464C67B671A385286235F244F7D3.e.43"}]}
RESULT: {"using":"css selector","value":"[data-testid=\"password-input\"]"}
COMMAND: POST /session/c83c35c97dc5fd9377e423ae15f32bd5/element/f.72BA2039F3CEDD5EC71F07333196EDD1.d.D93BF9B1C99581129D05A1E1491DEE72.e.38/clear - {}
RESULT: {}
COMMAND: POST /session/c83c35c97dc5fd9377e423ae15f32bd5/element/f.72BA2039F3CEDD5EC71F07333196EDD1.d.D93BF9B1C99581129D05A1E1491DEE72.e.38/value - {"text":"NLCOCKy1DxIFmrbpa3EV"}
RESULT: {"text":"NLCOCKy1DxIFmrbpa3EV"}
COMMAND: POST /session/c83c35c97dc5fd9377e423ae15f32bd5/element - {"using":"css selector","value":"[data-testid=\"login-button\"]"}
RESULT: {"using":"css selector","value":"[data-testid=\"login-button\"]"}
COMMAND: POST /session/c83c35c97dc5fd9377e423ae15f32bd5/element/f.72BA2039F3CEDD5EC71F07333196EDD1.d.D93BF9B1C99581129D05A1E1491DEE72.e.41/click - {}
RESULT: {}
COMMAND: GET /session/c83c35c97dc5fd9377e423ae15f32bd5/url - {}
RESULT: {}
COMMAND: GET /session/c83c35c97dc5fd9377e423ae15f32bd5/screenshot - {}
COMMAND: POST /session/c83c35c97dc5fd9377e423ae15f32bd5/execute/sync - {"script":"<script> [21 bytes]","args":[{"element-6066-11e4-a52e-4f735466cecf":"f.0E1455F325F713740DE2C7165C3CA426.d.2F7E5605915909C773862A103ABE2C1B.e.71","ELEMENT":"f.0E1455F325F713740DE2C7165C3CA426.d.2F7E5605915909C773862A103ABE2C1B.e.71"}]}
COMMAND: POST /session/c83c35c97dc5fd9377e423ae15f32bd5/execute/sync - {"script":"<script> [21 bytes]","args":[{"element-6066-11e4-a52e-4f735466cecf":"f.DF8DD89D7CE42BBB8BDDB933076899F0.d.7404E70CADFEECDBECF6DCB360F301AC.e.42","ELEMENT":"f.DF8DD89D7CE42BBB8BDDB933076899F0.d.7404E70CADFEECDBECF6DCB360F301AC.e.42"}]}
COMMAND: POST /session/c83c35c97dc5fd9377e423ae15f32bd5/execute/sync - {"script":"<script> [21 bytes]","args":[{"element-6066-11e4-a52e-4f735466cecf":"f.D0BD26F3EBBF0F14FC1A15388CEF3D6F.d.689272193BD732840A16CDEF78E1E21B.e.26","ELEMENT":"f.D0BD26F3EBBF0F14FC1A15388CEF3D6F.d.689272193BD732840A16CDEF78E1E21B.e.26"}]}
COMMAND: POST /session/c83c35c97dc5fd9377e423ae15f32bd5/execute/sync - {"script":"<script> [21 bytes]","args":[{"element-6066-11e4-a52e-4f735466cecf":"f.244A86F92A1FEE1C0AF9EBB1B7BA7909.d.34DDA54420E247BFD700A2578C90F6ED.e.48","ELEMENT":"f.244A86F92A1FEE1C0AF9EBB1B7BA7909.d.34DDA54420E247BFD700A2578C90F6ED.e.48"}]}
COMMAND: POST /session/c83c35c97dc5fd9377e423ae15f32bd5/execute/sync - {"script":"<script> [21 bytes]","args":[{"element-6066-11e4-a52e-4f735466cecf":"f.C6BECC2A37E2FEBB7A9A5B9B4EF69431.d.D63B464C67B671A385286235F244F7D3.e.43","ELEMENT":"f.C6BECC2A37E2FEBB7A9A5B9B4EF69431.d.D63B464C67B671A385286235F244F7D3.e.43"}]}
RESULT: {}
COMMAND: POST /session/c83c35c97dc5fd9377e423ae15f32bd5/element - {"using":"css selector","value":"[data-testid=\"reset-button\"]"}
RESULT: {"script":"<script> [21 bytes]","args":[{"element-6066-11e4-a52e-4f735466cecf":"f.0E1455F325F713740DE2C7165C3CA426.d.2F7E5605915909C773862A103ABE2C1B.e.71","ELEMENT":"f.0E1455F325F713740DE2C7165C3CA426.d.2F7E5605915909C773862A103ABE2C1B.e.71"}]}
RESULT: {"script":"<script> [21 bytes]","args":[{"element-6066-11e4-a52e-4f735466cecf":"f.DF8DD89D7CE42BBB8BDDB933076899F0.d.7404E70CADFEECDBECF6DCB360F301AC.e.42","ELEMENT":"f.DF8DD89D7CE42BBB8BDDB933076899F0.d.7404E70CADFEECDBECF6DCB360F301AC.e.42"}]}
RESULT: {"script":"<script> [21 bytes]","args":[{"element-6066-11e4-a52e-4f735466cecf":"f.D0BD26F3EBBF0F14FC1A15388CEF3D6F.d.689272193BD732840A16CDEF78E1E21B.e.26","ELEMENT":"f.D0BD26F3EBBF0F14FC1A15388CEF3D6F.d.689272193BD732840A16CDEF78E1E21B.e.26"}]}
RESULT: {"script":"<script> [21 bytes]","args":[{"element-6066-11e4-a52e-4f735466cecf":"f.244A86F92A1FEE1C0AF9EBB1B7BA7909.d.34DDA54420E247BFD700A2578C90F6ED.e.48","ELEMENT":"f.244A86F92A1FEE1C0AF9EBB1B7BA7909.d.34DDA54420E247BFD700A2578C90F6ED.e.48"}]}
RESULT: {"script":"<script> [21 bytes]","args":[{"element-6066-11e4-a52e-4f735466cecf":"f.C6BECC2A37E2FEBB7A9A5B9B4EF69431.d.D63B464C67B671A385286235F244F7D3.e.43","ELEMENT":"f.C6BECC2A37E2FEBB7A9A5B9B4EF69431.d.D63B464C67B671A385286235F244F7D3.e.43"}]}
RESULT: {"using":"css selector","value":"[data-testid=\"reset-button\"]"}
COMMAND: DELETE /session/c83c35c97dc5fd9377e423ae15f32bd5 - {"deleteSessionOpts":{"shutdownDriver":false}}
COMMAND: POST /session/c83c35c97dc5fd9377e423ae15f32bd5/execute/sync - {"script":"<script> [21 bytes]","args":[{"element-6066-11e4-a52e-4f735466cecf":"f.72BA2039F3CEDD5EC71F07333196EDD1.d.D93BF9B1C99581129D05A1E1491DEE72.e.42","ELEMENT":"f.72BA2039F3CEDD5EC71F07333196EDD1.d.D93BF9B1C99581129D05A1E1491DEE72.e.42"}]}
RESULT: {"deleteSessionOpts":{"shutdownDriver":false}}
COMMAND: POST /session/c83c35c97dc5fd9377e423ae15f32bd5/execute/sync - {"script":"<script> [21 bytes]","args":[{"element-6066-11e4-a52e-4f735466cecf":"f.0E1455F325F713740DE2C7165C3CA426.d.2F7E5605915909C773862A103ABE2C1B.e.71","ELEMENT":"f.0E1455F325F713740DE2C7165C3CA426.d.2F7E5605915909C773862A103ABE2C1B.e.71"}]}
COMMAND: POST /session/c83c35c97dc5fd9377e423ae15f32bd5/execute/sync - {"script":"<script> [21 bytes]","args":[{"element-6066-11e4-a52e-4f735466cecf":"f.DF8DD89D7CE42BBB8BDDB933076899F0.d.7404E70CADFEECDBECF6DCB360F301AC.e.42","ELEMENT":"f.DF8DD89D7CE42BBB8BDDB933076899F0.d.7404E70CADFEECDBECF6DCB360F301AC.e.42"}]}
COMMAND: POST /session/c83c35c97dc5fd9377e423ae15f32bd5/execute/sync - {"script":"<script> [21 bytes]","args":[{"element-6066-11e4-a52e-4f735466cecf":"f.D0BD26F3EBBF0F14FC1A15388CEF3D6F.d.689272193BD732840A16CDEF78E1E21B.e.26","ELEMENT":"f.D0BD26F3EBBF0F14FC1A15388CEF3D6F.d.689272193BD732840A16CDEF78E1E21B.e.26"}]}
COMMAND: POST /session/c83c35c97dc5fd9377e423ae15f32bd5/execute/sync - {"script":"<script> [21 bytes]","args":[{"element-6066-11e4-a52e-4f735466cecf":"f.244A86F92A1FEE1C0AF9EBB1B7BA7909.d.34DDA54420E247BFD700A2578C90F6ED.e.48","ELEMENT":"f.244A86F92A1FEE1C0AF9EBB1B7BA7909.d.34DDA54420E247BFD700A2578C90F6ED.e.48"}]}
COMMAND: POST /session/c83c35c97dc5fd9377e423ae15f32bd5/execute/sync - {"script":"<script> [21 bytes]","args":[{"element-6066-11e4-a52e-4f735466cecf":"f.C6BECC2A37E2FEBB7A9A5B9B4EF69431.d.D63B464C67B671A385286235F244F7D3.e.43","ELEMENT":"f.C6BECC2A37E2FEBB7A9A5B9B4EF69431.d.D63B464C67B671A385286235F244F7D3.e.43"}]}
COMMAND: POST /session/c83c35c97dc5fd9377e423ae15f32bd5/execute/sync - {"script":"<script> [21 bytes]","args":[{"element-6066-11e4-a52e-4f735466cecf":"f.72BA2039F3CEDD5EC71F07333196EDD1.d.D93BF9B1C99581129D05A1E1491DEE72.e.42","ELEMENT":"f.72BA2039F3CEDD5EC71F07333196EDD1.d.D93BF9B1C99581129D05A1E1491DEE72.e.42"}]}
COMMAND: POST /session/c83c35c97dc5fd9377e423ae15f32bd5/execute/sync - {"script":"<script> [21 bytes]","args":[{"element-6066-11e4-a52e-4f735466cecf":"f.0E1455F325F713740DE2C7165C3CA426.d.2F7E5605915909C773862A103ABE2C1B.e.71","ELEMENT":"f.0E1455F325F713740DE2C7165C3CA426.d.2F7E5605915909C773862A103ABE2C1B.e.71"}]}
COMMAND: POST /session/c83c35c97dc5fd9377e423ae15f32bd5/execute/sync - {"script":"<script> [21 bytes]","args":[{"element-6066-11e4-a52e-4f735466cecf":"f.DF8DD89D7CE42BBB8BDDB933076899F0.d.7404E70CADFEECDBECF6DCB360F301AC.e.42","ELEMENT":"f.DF8DD89D7CE42BBB8BDDB933076899F0.d.7404E70CADFEECDBECF6DCB360F301AC.e.42"}]}
COMMAND: POST /session/c83c35c97dc5fd9377e423ae15f32bd5/execute/sync - {"script":"<script> [21 bytes]","args":[{"element-6066-11e4-a52e-4f735466cecf":"f.D0BD26F3EBBF0F14FC1A15388CEF3D6F.d.689272193BD732840A16CDEF78E1E21B.e.26","ELEMENT":"f.D0BD26F3EBBF0F14FC1A15388CEF3D6F.d.689272193BD732840A16CDEF78E1E21B.e.26"}]}
COMMAND: POST /session/c83c35c97dc5fd9377e423ae15f32bd5/execute/sync - {"script":"<script> [21 bytes]","args":[{"element-6066-11e4-a52e-4f735466cecf":"f.244A86F92A1FEE1C0AF9EBB1B7BA7909.d.34DDA54420E247BFD700A2578C90F6ED.e.48","ELEMENT":"f.244A86F92A1FEE1C0AF9EBB1B7BA7909.d.34DDA54420E247BFD700A2578C90F6ED.e.48"}]}
COMMAND: POST /session/c83c35c97dc5fd9377e423ae15f32bd5/execute/sync - {"script":"<script> [21 bytes]","args":[{"element-6066-11e4-a52e-4f735466cecf":"f.C6BECC2A37E2FEBB7A9A5B9B4EF69431.d.D63B464C67B671A385286235F244F7D3.e.43","ELEMENT":"f.C6BECC2A37E2FEBB7A9A5B9B4EF69431.d.D63B464C67B671A385286235F244F7D3.e.43"}]}
COMMAND: DELETE /session/51279ed2c7981a9d7270715bcd61ebc9 - {}
RESULT: {}
]]></system-out>
    </testcase>
  </testsuite>
</testsuites>