<?xml version="1.0" encoding="UTF-8"?>
<testsuites tests="3" failures="0" errors="0" skipped="0">
  <testsuite name="NewUser Form Positive Tests" timestamp="2024-10-20T21:02:52" time="8.035" tests="1" failures="0" errors="0" skipped="0">
    <properties>
      <property name="specId" value="0"/>
      <property name="suiteName" value="NewUser Form Positive Tests"/>
      <property name="capabilities" value="chrome.130_0_6723_59.windows"/>
      <property name="file" value="file:///C:/Users/User/Documents/Informatyka/qa_auto_test/webdriverio_test_project/test/specs/positiveNewUserTest.js"/>
    </properties>
    <testcase classname="chrome.130_0_6723_59.windows.NewUser_Form_Positive_Tests" name="should fill the form with positive values and submit successfully" time="8.035">
      <system-out><![CDATA[
COMMAND: POST /session/d0be1974b571f02cd8a78339322ccc2b/url - {"url":"http://localhost:3000/home"}
RESULT: {"url":"http://localhost:3000/home"}
COMMAND: POST /session/d0be1974b571f02cd8a78339322ccc2b/execute/sync - {"script":"<script> [19 bytes]","args":[]}
RESULT: {"script":"<script> [19 bytes]","args":[]}
COMMAND: POST /session/d0be1974b571f02cd8a78339322ccc2b/url - {"url":"http://localhost:3000/"}
RESULT: {"url":"http://localhost:3000/"}
COMMAND: POST /session/d0be1974b571f02cd8a78339322ccc2b/element - {"using":"css selector","value":"[data-testid=\"nav-users\"]"}
RESULT: {"using":"css selector","value":"[data-testid=\"nav-users\"]"}
COMMAND: POST /session/d0be1974b571f02cd8a78339322ccc2b/execute/sync - {"script":"<script> [21 bytes]","args":[{"element-6066-11e4-a52e-4f735466cecf":"f.DE17D8135A58A006F007FC4BDD9D0BCA.d.84D39370AD79F60E3F164BD63A88E053.e.29","ELEMENT":"f.DE17D8135A58A006F007FC4BDD9D0BCA.d.84D39370AD79F60E3F164BD63A88E053.e.29"}]}
RESULT: {"script":"<script> [21 bytes]","args":[{"element-6066-11e4-a52e-4f735466cecf":"f.DE17D8135A58A006F007FC4BDD9D0BCA.d.84D39370AD79F60E3F164BD63A88E053.e.29","ELEMENT":"f.DE17D8135A58A006F007FC4BDD9D0BCA.d.84D39370AD79F60E3F164BD63A88E053.e.29"}]}
COMMAND: POST /session/d0be1974b571f02cd8a78339322ccc2b/execute/sync - {"script":"<script> [21 bytes]","args":[{"element-6066-11e4-a52e-4f735466cecf":"f.DE17D8135A58A006F007FC4BDD9D0BCA.d.84D39370AD79F60E3F164BD63A88E053.e.29","ELEMENT":"f.DE17D8135A58A006F007FC4BDD9D0BCA.d.84D39370AD79F60E3F164BD63A88E053.e.29"}]}
RESULT: {"script":"<script> [21 bytes]","args":[{"element-6066-11e4-a52e-4f735466cecf":"f.DE17D8135A58A006F007FC4BDD9D0BCA.d.84D39370AD79F60E3F164BD63A88E053.e.29","ELEMENT":"f.DE17D8135A58A006F007FC4BDD9D0BCA.d.84D39370AD79F60E3F164BD63A88E053.e.29"}]}
COMMAND: POST /session/d0be1974b571f02cd8a78339322ccc2b/element/f.DE17D8135A58A006F007FC4BDD9D0BCA.d.84D39370AD79F60E3F164BD63A88E053.e.29/click - {}
RESULT: {}
COMMAND: POST /session/d0be1974b571f02cd8a78339322ccc2b/element - {"using":"css selector","value":"[data-testid=\"username-input\"]"}
RESULT: {"using":"css selector","value":"[data-testid=\"username-input\"]"}
COMMAND: POST /session/d0be1974b571f02cd8a78339322ccc2b/element/f.DE17D8135A58A006F007FC4BDD9D0BCA.d.84D39370AD79F60E3F164BD63A88E053.e.38/clear - {}
RESULT: {}
COMMAND: POST /session/d0be1974b571f02cd8a78339322ccc2b/element/f.DE17D8135A58A006F007FC4BDD9D0BCA.d.84D39370AD79F60E3F164BD63A88E053.e.38/value - {"text":"zjQIguGBcO"}
RESULT: {"text":"zjQIguGBcO"}
COMMAND: POST /session/d0be1974b571f02cd8a78339322ccc2b/element - {"using":"css selector","value":"[data-testid=\"password-input\"]"}
RESULT: {"using":"css selector","value":"[data-testid=\"password-input\"]"}
COMMAND: POST /session/d0be1974b571f02cd8a78339322ccc2b/element/f.DE17D8135A58A006F007FC4BDD9D0BCA.d.84D39370AD79F60E3F164BD63A88E053.e.40/clear - {}
RESULT: {}
COMMAND: POST /session/d0be1974b571f02cd8a78339322ccc2b/element/f.DE17D8135A58A006F007FC4BDD9D0BCA.d.84D39370AD79F60E3F164BD63A88E053.e.40/value - {"text":"ueFZ0CEY5D"}
RESULT: {"text":"ueFZ0CEY5D"}
COMMAND: POST /session/d0be1974b571f02cd8a78339322ccc2b/element - {"using":"css selector","value":"[data-testid=\"login-button\"]"}
RESULT: {"using":"css selector","value":"[data-testid=\"login-button\"]"}
COMMAND: POST /session/d0be1974b571f02cd8a78339322ccc2b/element/f.DE17D8135A58A006F007FC4BDD9D0BCA.d.84D39370AD79F60E3F164BD63A88E053.e.43/click - {}
RESULT: {}
COMMAND: POST /session/d0be1974b571f02cd8a78339322ccc2b/element - {"using":"css selector","value":"[data-testid=\"navNew\"]"}
RESULT: {"using":"css selector","value":"[data-testid=\"navNew\"]"}
COMMAND: POST /session/d0be1974b571f02cd8a78339322ccc2b/element/f.DE17D8135A58A006F007FC4BDD9D0BCA.d.84D39370AD79F60E3F164BD63A88E053.e.44/click - {}
RESULT: {}
COMMAND: POST /session/d0be1974b571f02cd8a78339322ccc2b/element - {"using":"css selector","value":"[data-testid=\"inputUserName\"]"}
RESULT: {"using":"css selector","value":"[data-testid=\"inputUserName\"]"}
COMMAND: POST /session/d0be1974b571f02cd8a78339322ccc2b/element/f.DE17D8135A58A006F007FC4BDD9D0BCA.d.84D39370AD79F60E3F164BD63A88E053.e.45/clear - {}
RESULT: {}
COMMAND: POST /session/d0be1974b571f02cd8a78339322ccc2b/element/f.DE17D8135A58A006F007FC4BDD9D0BCA.d.84D39370AD79F60E3F164BD63A88E053.e.45/value - {"text":"JaneDoe AutoMate"}
RESULT: {"text":"JaneDoe AutoMate"}
COMMAND: POST /session/d0be1974b571f02cd8a78339322ccc2b/element - {"using":"css selector","value":"[data-testid=\"inputFullName\"]"}
RESULT: {"using":"css selector","value":"[data-testid=\"inputFullName\"]"}
COMMAND: POST /session/d0be1974b571f02cd8a78339322ccc2b/element/f.DE17D8135A58A006F007FC4BDD9D0BCA.d.84D39370AD79F60E3F164BD63A88E053.e.47/clear - {}
RESULT: {}
COMMAND: POST /session/d0be1974b571f02cd8a78339322ccc2b/element/f.DE17D8135A58A006F007FC4BDD9D0BCA.d.84D39370AD79F60E3F164BD63A88E053.e.47/value - {"text":"John Doe"}
RESULT: {"text":"John Doe"}
COMMAND: POST /session/d0be1974b571f02cd8a78339322ccc2b/element - {"using":"css selector","value":"[data-testid=\"inputEmail\"]"}
RESULT: {"using":"css selector","value":"[data-testid=\"inputEmail\"]"}
COMMAND: POST /session/d0be1974b571f02cd8a78339322ccc2b/element/f.DE17D8135A58A006F007FC4BDD9D0BCA.d.84D39370AD79F60E3F164BD63A88E053.e.48/clear - {}
RESULT: {}
COMMAND: POST /session/d0be1974b571f02cd8a78339322ccc2b/element/f.DE17D8135A58A006F007FC4BDD9D0BCA.d.84D39370AD79F60E3F164BD63A88E053.e.48/value - {"text":"test@example.com"}
RESULT: {"text":"test@example.com"}
COMMAND: POST /session/d0be1974b571f02cd8a78339322ccc2b/element - {"using":"css selector","value":"[data-testid=\"inputPhone\"]"}
RESULT: {"using":"css selector","value":"[data-testid=\"inputPhone\"]"}
COMMAND: POST /session/d0be1974b571f02cd8a78339322ccc2b/element/f.DE17D8135A58A006F007FC4BDD9D0BCA.d.84D39370AD79F60E3F164BD63A88E053.e.49/clear - {}
RESULT: {}
COMMAND: POST /session/d0be1974b571f02cd8a78339322ccc2b/element/f.DE17D8135A58A006F007FC4BDD9D0BCA.d.84D39370AD79F60E3F164BD63A88E053.e.49/value - {"text":"+48123123123"}
RESULT: {"text":"+48123123123"}
COMMAND: POST /session/d0be1974b571f02cd8a78339322ccc2b/element - {"using":"css selector","value":"[data-testid=\"inputAddress\"]"}
RESULT: {"using":"css selector","value":"[data-testid=\"inputAddress\"]"}
COMMAND: POST /session/d0be1974b571f02cd8a78339322ccc2b/element/f.DE17D8135A58A006F007FC4BDD9D0BCA.d.84D39370AD79F60E3F164BD63A88E053.e.50/clear - {}
RESULT: {}
COMMAND: POST /session/d0be1974b571f02cd8a78339322ccc2b/element/f.DE17D8135A58A006F007FC4BDD9D0BCA.d.84D39370AD79F60E3F164BD63A88E053.e.50/value - {"text":"123 Main St"}
RESULT: {"text":"123 Main St"}
COMMAND: POST /session/d0be1974b571f02cd8a78339322ccc2b/element - {"using":"css selector","value":"input[placeholder=\"MM/DD/YYYY\"][type=\"text\"]"}
RESULT: {"using":"css selector","value":"input[placeholder=\"MM/DD/YYYY\"][type=\"text\"]"}
COMMAND: POST /session/d0be1974b571f02cd8a78339322ccc2b/execute/sync - {"script":"<script> [21 bytes]","args":[{"element-6066-11e4-a52e-4f735466cecf":"f.DE17D8135A58A006F007FC4BDD9D0BCA.d.84D39370AD79F60E3F164BD63A88E053.e.51","ELEMENT":"f.DE17D8135A58A006F007FC4BDD9D0BCA.d.84D39370AD79F60E3F164BD63A88E053.e.51"}]}
RESULT: {"script":"<script> [21 bytes]","args":[{"element-6066-11e4-a52e-4f735466cecf":"f.DE17D8135A58A006F007FC4BDD9D0BCA.d.84D39370AD79F60E3F164BD63A88E053.e.51","ELEMENT":"f.DE17D8135A58A006F007FC4BDD9D0BCA.d.84D39370AD79F60E3F164BD63A88E053.e.51"}]}
COMMAND: POST /session/d0be1974b571f02cd8a78339322ccc2b/execute/sync - {"script":"<script> [21 bytes]","args":[{"element-6066-11e4-a52e-4f735466cecf":"f.DE17D8135A58A006F007FC4BDD9D0BCA.d.84D39370AD79F60E3F164BD63A88E053.e.51","ELEMENT":"f.DE17D8135A58A006F007FC4BDD9D0BCA.d.84D39370AD79F60E3F164BD63A88E053.e.51"}]}
RESULT: {"script":"<script> [21 bytes]","args":[{"element-6066-11e4-a52e-4f735466cecf":"f.DE17D8135A58A006F007FC4BDD9D0BCA.d.84D39370AD79F60E3F164BD63A88E053.e.51","ELEMENT":"f.DE17D8135A58A006F007FC4BDD9D0BCA.d.84D39370AD79F60E3F164BD63A88E053.e.51"}]}
COMMAND: POST /session/d0be1974b571f02cd8a78339322ccc2b/element/f.DE17D8135A58A006F007FC4BDD9D0BCA.d.84D39370AD79F60E3F164BD63A88E053.e.51/click - {}
RESULT: {}
COMMAND: POST /session/d0be1974b571f02cd8a78339322ccc2b/element - {"using":"css selector","value":"input[placeholder=\"MM/DD/YYYY\"][type=\"text\"]"}
RESULT: {"using":"css selector","value":"input[placeholder=\"MM/DD/YYYY\"][type=\"text\"]"}
COMMAND: POST /session/d0be1974b571f02cd8a78339322ccc2b/element/f.DE17D8135A58A006F007FC4BDD9D0BCA.d.84D39370AD79F60E3F164BD63A88E053.e.51/value - {"text":"1"}
RESULT: {"text":"1"}
COMMAND: POST /session/d0be1974b571f02cd8a78339322ccc2b/element - {"using":"css selector","value":"input[placeholder=\"MM/DD/YYYY\"][type=\"text\"]"}
RESULT: {"using":"css selector","value":"input[placeholder=\"MM/DD/YYYY\"][type=\"text\"]"}
COMMAND: POST /session/d0be1974b571f02cd8a78339322ccc2b/element/f.DE17D8135A58A006F007FC4BDD9D0BCA.d.84D39370AD79F60E3F164BD63A88E053.e.51/value - {"text":"0"}
RESULT: {"text":"0"}
COMMAND: POST /session/d0be1974b571f02cd8a78339322ccc2b/element - {"using":"css selector","value":"input[placeholder=\"MM/DD/YYYY\"][type=\"text\"]"}
RESULT: {"using":"css selector","value":"input[placeholder=\"MM/DD/YYYY\"][type=\"text\"]"}
COMMAND: POST /session/d0be1974b571f02cd8a78339322ccc2b/element/f.DE17D8135A58A006F007FC4BDD9D0BCA.d.84D39370AD79F60E3F164BD63A88E053.e.51/value - {"text":"1"}
RESULT: {"text":"1"}
COMMAND: POST /session/d0be1974b571f02cd8a78339322ccc2b/element - {"using":"css selector","value":"input[placeholder=\"MM/DD/YYYY\"][type=\"text\"]"}
RESULT: {"using":"css selector","value":"input[placeholder=\"MM/DD/YYYY\"][type=\"text\"]"}
COMMAND: POST /session/d0be1974b571f02cd8a78339322ccc2b/element/f.DE17D8135A58A006F007FC4BDD9D0BCA.d.84D39370AD79F60E3F164BD63A88E053.e.51/value - {"text":"9"}
RESULT: {"text":"9"}
COMMAND: POST /session/d0be1974b571f02cd8a78339322ccc2b/element - {"using":"css selector","value":"input[placeholder=\"MM/DD/YYYY\"][type=\"text\"]"}
RESULT: {"using":"css selector","value":"input[placeholder=\"MM/DD/YYYY\"][type=\"text\"]"}
COMMAND: POST /session/d0be1974b571f02cd8a78339322ccc2b/element/f.DE17D8135A58A006F007FC4BDD9D0BCA.d.84D39370AD79F60E3F164BD63A88E053.e.51/value - {"text":"2"}
RESULT: {"text":"2"}
COMMAND: POST /session/d0be1974b571f02cd8a78339322ccc2b/element - {"using":"css selector","value":"input[placeholder=\"MM/DD/YYYY\"][type=\"text\"]"}
RESULT: {"using":"css selector","value":"input[placeholder=\"MM/DD/YYYY\"][type=\"text\"]"}
COMMAND: POST /session/d0be1974b571f02cd8a78339322ccc2b/element/f.DE17D8135A58A006F007FC4BDD9D0BCA.d.84D39370AD79F60E3F164BD63A88E053.e.51/value - {"text":"0"}
RESULT: {"text":"0"}
COMMAND: POST /session/d0be1974b571f02cd8a78339322ccc2b/element - {"using":"css selector","value":"input[placeholder=\"MM/DD/YYYY\"][type=\"text\"]"}
RESULT: {"using":"css selector","value":"input[placeholder=\"MM/DD/YYYY\"][type=\"text\"]"}
COMMAND: POST /session/d0be1974b571f02cd8a78339322ccc2b/element/f.DE17D8135A58A006F007FC4BDD9D0BCA.d.84D39370AD79F60E3F164BD63A88E053.e.51/value - {"text":"2"}
RESULT: {"text":"2"}
COMMAND: POST /session/d0be1974b571f02cd8a78339322ccc2b/element - {"using":"css selector","value":"input[placeholder=\"MM/DD/YYYY\"][type=\"text\"]"}
RESULT: {"using":"css selector","value":"input[placeholder=\"MM/DD/YYYY\"][type=\"text\"]"}
COMMAND: POST /session/d0be1974b571f02cd8a78339322ccc2b/element/f.DE17D8135A58A006F007FC4BDD9D0BCA.d.84D39370AD79F60E3F164BD63A88E053.e.51/value - {"text":"4"}
RESULT: {"text":"4"}
COMMAND: POST /session/d0be1974b571f02cd8a78339322ccc2b/element - {"using":"css selector","value":"[data-testid=\"selectGender\"]"}
RESULT: {"using":"css selector","value":"[data-testid=\"selectGender\"]"}
COMMAND: POST /session/d0be1974b571f02cd8a78339322ccc2b/element/f.DE17D8135A58A006F007FC4BDD9D0BCA.d.84D39370AD79F60E3F164BD63A88E053.e.81/click - {}
RESULT: {}
COMMAND: POST /session/d0be1974b571f02cd8a78339322ccc2b/actions - {"actions":[{"id":"action1","type":"key","parameters":{},"actions":[{"type":"keyDown","value":""},{"type":"keyDown","value":""},{"type":"pause","duration":10},{"type":"keyUp","value":""},{"type":"keyUp","value":""}]}]}
RESULT: {"actions":[{"id":"action1","type":"key","parameters":{},"actions":[{"type":"keyDown","value":""},{"type":"keyDown","value":""},{"type":"pause","duration":10},{"type":"keyUp","value":""},{"type":"keyUp","value":""}]}]}
COMMAND: POST /session/d0be1974b571f02cd8a78339322ccc2b/element - {"using":"css selector","value":"[data-testid=\"radioTitle-Frontend Developer\"]"}
RESULT: {"using":"css selector","value":"[data-testid=\"radioTitle-Frontend Developer\"]"}
COMMAND: POST /session/d0be1974b571f02cd8a78339322ccc2b/element/f.DE17D8135A58A006F007FC4BDD9D0BCA.d.84D39370AD79F60E3F164BD63A88E053.e.54/click - {}
RESULT: {}
COMMAND: POST /session/d0be1974b571f02cd8a78339322ccc2b/element - {"using":"css selector","value":"[data-testid=\"toggleActive\"]"}
RESULT: {"using":"css selector","value":"[data-testid=\"toggleActive\"]"}
COMMAND: POST /session/d0be1974b571f02cd8a78339322ccc2b/element/f.DE17D8135A58A006F007FC4BDD9D0BCA.d.84D39370AD79F60E3F164BD63A88E053.e.86/click - {}
RESULT: {}
COMMAND: POST /session/d0be1974b571f02cd8a78339322ccc2b/element - {"using":"css selector","value":"[data-testid=\"submitButton\"]"}
RESULT: {"using":"css selector","value":"[data-testid=\"submitButton\"]"}
COMMAND: POST /session/d0be1974b571f02cd8a78339322ccc2b/element/f.DE17D8135A58A006F007FC4BDD9D0BCA.d.84D39370AD79F60E3F164BD63A88E053.e.96/click - {}
RESULT: {}
COMMAND: POST /session/d0be1974b571f02cd8a78339322ccc2b/element - {"using":"css selector","value":".MuiAlert-message"}
RESULT: {"using":"css selector","value":".MuiAlert-message"}
COMMAND: POST /session/d0be1974b571f02cd8a78339322ccc2b/execute/sync - {"script":"<script> [21 bytes]","args":[{"element-6066-11e4-a52e-4f735466cecf":"f.DE17D8135A58A006F007FC4BDD9D0BCA.d.84D39370AD79F60E3F164BD63A88E053.e.97","ELEMENT":"f.DE17D8135A58A006F007FC4BDD9D0BCA.d.84D39370AD79F60E3F164BD63A88E053.e.97"}]}
RESULT: {"script":"<script> [21 bytes]","args":[{"element-6066-11e4-a52e-4f735466cecf":"f.DE17D8135A58A006F007FC4BDD9D0BCA.d.84D39370AD79F60E3F164BD63A88E053.e.97","ELEMENT":"f.DE17D8135A58A006F007FC4BDD9D0BCA.d.84D39370AD79F60E3F164BD63A88E053.e.97"}]}
COMMAND: POST /session/d0be1974b571f02cd8a78339322ccc2b/element - {"using":"css selector","value":".MuiAlert-message"}
RESULT: {"using":"css selector","value":".MuiAlert-message"}
COMMAND: GET /session/d0be1974b571f02cd8a78339322ccc2b/element/f.DE17D8135A58A006F007FC4BDD9D0BCA.d.84D39370AD79F60E3F164BD63A88E053.e.97/text - {}
RESULT: {}
COMMAND: POST /session/d0be1974b571f02cd8a78339322ccc2b/element - {"using":"css selector","value":".MuiAlert-message"}
RESULT: {"using":"css selector","value":".MuiAlert-message"}
COMMAND: GET /session/d0be1974b571f02cd8a78339322ccc2b/element/f.DE17D8135A58A006F007FC4BDD9D0BCA.d.84D39370AD79F60E3F164BD63A88E053.e.97/text - {}
RESULT: {}
COMMAND: GET /session/d0be1974b571f02cd8a78339322ccc2b/url - {}
RESULT: {}
COMMAND: GET /session/d0be1974b571f02cd8a78339322ccc2b/url - {}
RESULT: {}
COMMAND: GET /session/d0be1974b571f02cd8a78339322ccc2b/url - {}
RESULT: {}
COMMAND: GET /session/d0be1974b571f02cd8a78339322ccc2b/url - {}
RESULT: {}
COMMAND: GET /session/d0be1974b571f02cd8a78339322ccc2b/url - {}
RESULT: {}
COMMAND: GET /session/d0be1974b571f02cd8a78339322ccc2b/url - {}
RESULT: {}
COMMAND: POST /session/d0be1974b571f02cd8a78339322ccc2b/element - {"using":"css selector","value":"[data-testid=\"searchInput\"]"}
RESULT: {"using":"css selector","value":"[data-testid=\"searchInput\"]"}
COMMAND: POST /session/d0be1974b571f02cd8a78339322ccc2b/element/f.DE17D8135A58A006F007FC4BDD9D0BCA.d.84D39370AD79F60E3F164BD63A88E053.e.98/click - {}
RESULT: {}
COMMAND: POST /session/d0be1974b571f02cd8a78339322ccc2b/element/f.DE17D8135A58A006F007FC4BDD9D0BCA.d.84D39370AD79F60E3F164BD63A88E053.e.98/clear - {}
RESULT: {}
COMMAND: POST /session/d0be1974b571f02cd8a78339322ccc2b/element/f.DE17D8135A58A006F007FC4BDD9D0BCA.d.84D39370AD79F60E3F164BD63A88E053.e.98/value - {"text":"JaneDoe AutoMate"}
RESULT: {"text":"JaneDoe AutoMate"}
COMMAND: POST /session/d0be1974b571f02cd8a78339322ccc2b/element - {"using":"css selector","value":"img[alt=\"JaneDoe AutoMate\"]"}
RESULT: {"using":"css selector","value":"img[alt=\"JaneDoe AutoMate\"]"}
COMMAND: POST /session/d0be1974b571f02cd8a78339322ccc2b/execute/sync - {"script":"<script> [21 bytes]","args":[{"element-6066-11e4-a52e-4f735466cecf":"f.DE17D8135A58A006F007FC4BDD9D0BCA.d.84D39370AD79F60E3F164BD63A88E053.e.181","ELEMENT":"f.DE17D8135A58A006F007FC4BDD9D0BCA.d.84D39370AD79F60E3F164BD63A88E053.e.181"}]}
RESULT: {"script":"<script> [21 bytes]","args":[{"element-6066-11e4-a52e-4f735466cecf":"f.DE17D8135A58A006F007FC4BDD9D0BCA.d.84D39370AD79F60E3F164BD63A88E053.e.181","ELEMENT":"f.DE17D8135A58A006F007FC4BDD9D0BCA.d.84D39370AD79F60E3F164BD63A88E053.e.181"}]}
COMMAND: POST /session/d0be1974b571f02cd8a78339322ccc2b/execute/sync - {"script":"<script> [21 bytes]","args":[{"element-6066-11e4-a52e-4f735466cecf":"f.DE17D8135A58A006F007FC4BDD9D0BCA.d.84D39370AD79F60E3F164BD63A88E053.e.181","ELEMENT":"f.DE17D8135A58A006F007FC4BDD9D0BCA.d.84D39370AD79F60E3F164BD63A88E053.e.181"}]}
RESULT: {"script":"<script> [21 bytes]","args":[{"element-6066-11e4-a52e-4f735466cecf":"f.DE17D8135A58A006F007FC4BDD9D0BCA.d.84D39370AD79F60E3F164BD63A88E053.e.181","ELEMENT":"f.DE17D8135A58A006F007FC4BDD9D0BCA.d.84D39370AD79F60E3F164BD63A88E053.e.181"}]}
COMMAND: POST /session/d0be1974b571f02cd8a78339322ccc2b/execute/sync - {"script":"<script> [21 bytes]","args":[{"element-6066-11e4-a52e-4f735466cecf":"f.DE17D8135A58A006F007FC4BDD9D0BCA.d.84D39370AD79F60E3F164BD63A88E053.e.181","ELEMENT":"f.DE17D8135A58A006F007FC4BDD9D0BCA.d.84D39370AD79F60E3F164BD63A88E053.e.181"}]}
RESULT: {"script":"<script> [21 bytes]","args":[{"element-6066-11e4-a52e-4f735466cecf":"f.DE17D8135A58A006F007FC4BDD9D0BCA.d.84D39370AD79F60E3F164BD63A88E053.e.181","ELEMENT":"f.DE17D8135A58A006F007FC4BDD9D0BCA.d.84D39370AD79F60E3F164BD63A88E053.e.181"}]}
COMMAND: GET /session/d0be1974b571f02cd8a78339322ccc2b/screenshot - {}
RESULT: {}
]]></system-out>
    </testcase>
  </testsuite>
  <testsuite name="NewUser Form Positive Tests Minimum Values" timestamp="2024-10-20T21:03:00" time="6.531" tests="1" failures="0" errors="0" skipped="0">
    <properties>
      <property name="specId" value="0"/>
      <property name="suiteName" value="NewUser Form Positive Tests - Minimum Values"/>
      <property name="capabilities" value="chrome.130_0_6723_59.windows"/>
      <property name="file" value="file:///C:/Users/User/Documents/Informatyka/qa_auto_test/webdriverio_test_project/test/specs/positiveNewUserTest.js"/>
    </properties>
    <testcase classname="chrome.130_0_6723_59.windows.NewUser_Form_Positive_Tests_-_Minimum_Values" name="should fill the form with minimum positive values and submit successfully" time="6.531">
      <system-out><![CDATA[
COMMAND: POST /session/d0be1974b571f02cd8a78339322ccc2b/url - {"url":"http://localhost:3000/home"}
RESULT: {"url":"http://localhost:3000/home"}
COMMAND: POST /session/d0be1974b571f02cd8a78339322ccc2b/execute/sync - {"script":"<script> [19 bytes]","args":[]}
RESULT: {"script":"<script> [19 bytes]","args":[]}
COMMAND: POST /session/d0be1974b571f02cd8a78339322ccc2b/url - {"url":"http://localhost:3000/"}
RESULT: {"url":"http://localhost:3000/"}
COMMAND: POST /session/d0be1974b571f02cd8a78339322ccc2b/element - {"using":"css selector","value":"[data-testid=\"nav-users\"]"}
RESULT: {"using":"css selector","value":"[data-testid=\"nav-users\"]"}
COMMAND: POST /session/d0be1974b571f02cd8a78339322ccc2b/execute/sync - {"script":"<script> [21 bytes]","args":[{"element-6066-11e4-a52e-4f735466cecf":"f.DE17D8135A58A006F007FC4BDD9D0BCA.d.E261E8793599364161916A0D750F586D.e.200","ELEMENT":"f.DE17D8135A58A006F007FC4BDD9D0BCA.d.E261E8793599364161916A0D750F586D.e.200"}]}
RESULT: {"script":"<script> [21 bytes]","args":[{"element-6066-11e4-a52e-4f735466cecf":"f.DE17D8135A58A006F007FC4BDD9D0BCA.d.E261E8793599364161916A0D750F586D.e.200","ELEMENT":"f.DE17D8135A58A006F007FC4BDD9D0BCA.d.E261E8793599364161916A0D750F586D.e.200"}]}
COMMAND: POST /session/d0be1974b571f02cd8a78339322ccc2b/execute/sync - {"script":"<script> [21 bytes]","args":[{"element-6066-11e4-a52e-4f735466cecf":"f.DE17D8135A58A006F007FC4BDD9D0BCA.d.E261E8793599364161916A0D750F586D.e.200","ELEMENT":"f.DE17D8135A58A006F007FC4BDD9D0BCA.d.E261E8793599364161916A0D750F586D.e.200"}]}
RESULT: {"script":"<script> [21 bytes]","args":[{"element-6066-11e4-a52e-4f735466cecf":"f.DE17D8135A58A006F007FC4BDD9D0BCA.d.E261E8793599364161916A0D750F586D.e.200","ELEMENT":"f.DE17D8135A58A006F007FC4BDD9D0BCA.d.E261E8793599364161916A0D750F586D.e.200"}]}
COMMAND: POST /session/d0be1974b571f02cd8a78339322ccc2b/element/f.DE17D8135A58A006F007FC4BDD9D0BCA.d.E261E8793599364161916A0D750F586D.e.200/click - {}
RESULT: {}
COMMAND: POST /session/d0be1974b571f02cd8a78339322ccc2b/element - {"using":"css selector","value":"[data-testid=\"username-input\"]"}
RESULT: {"using":"css selector","value":"[data-testid=\"username-input\"]"}
COMMAND: POST /session/d0be1974b571f02cd8a78339322ccc2b/element/f.DE17D8135A58A006F007FC4BDD9D0BCA.d.E261E8793599364161916A0D750F586D.e.204/clear - {}
RESULT: {}
COMMAND: POST /session/d0be1974b571f02cd8a78339322ccc2b/element/f.DE17D8135A58A006F007FC4BDD9D0BCA.d.E261E8793599364161916A0D750F586D.e.204/value - {"text":"zjQIguGBcO"}
RESULT: {"text":"zjQIguGBcO"}
COMMAND: POST /session/d0be1974b571f02cd8a78339322ccc2b/element - {"using":"css selector","value":"[data-testid=\"password-input\"]"}
RESULT: {"using":"css selector","value":"[data-testid=\"password-input\"]"}
COMMAND: POST /session/d0be1974b571f02cd8a78339322ccc2b/element/f.DE17D8135A58A006F007FC4BDD9D0BCA.d.E261E8793599364161916A0D750F586D.e.207/clear - {}
RESULT: {}
COMMAND: POST /session/d0be1974b571f02cd8a78339322ccc2b/element/f.DE17D8135A58A006F007FC4BDD9D0BCA.d.E261E8793599364161916A0D750F586D.e.207/value - {"text":"ueFZ0CEY5D"}
RESULT: {"text":"ueFZ0CEY5D"}
COMMAND: POST /session/d0be1974b571f02cd8a78339322ccc2b/element - {"using":"css selector","value":"[data-testid=\"login-button\"]"}
RESULT: {"using":"css selector","value":"[data-testid=\"login-button\"]"}
COMMAND: POST /session/d0be1974b571f02cd8a78339322ccc2b/element/f.DE17D8135A58A006F007FC4BDD9D0BCA.d.E261E8793599364161916A0D750F586D.e.209/click - {}
RESULT: {}
COMMAND: POST /session/d0be1974b571f02cd8a78339322ccc2b/element - {"using":"css selector","value":"[data-testid=\"navNew\"]"}
RESULT: {"using":"css selector","value":"[data-testid=\"navNew\"]"}
COMMAND: POST /session/d0be1974b571f02cd8a78339322ccc2b/element/f.DE17D8135A58A006F007FC4BDD9D0BCA.d.E261E8793599364161916A0D750F586D.e.210/click - {}
RESULT: {}
COMMAND: POST /session/d0be1974b571f02cd8a78339322ccc2b/element - {"using":"css selector","value":"[data-testid=\"inputUserName\"]"}
RESULT: {"using":"css selector","value":"[data-testid=\"inputUserName\"]"}
COMMAND: POST /session/d0be1974b571f02cd8a78339322ccc2b/element/f.DE17D8135A58A006F007FC4BDD9D0BCA.d.E261E8793599364161916A0D750F586D.e.211/clear - {}
RESULT: {}
COMMAND: POST /session/d0be1974b571f02cd8a78339322ccc2b/element/f.DE17D8135A58A006F007FC4BDD9D0BCA.d.E261E8793599364161916A0D750F586D.e.211/value - {"text":"aaa"}
RESULT: {"text":"aaa"}
COMMAND: POST /session/d0be1974b571f02cd8a78339322ccc2b/element - {"using":"css selector","value":"[data-testid=\"inputFullName\"]"}
RESULT: {"using":"css selector","value":"[data-testid=\"inputFullName\"]"}
COMMAND: POST /session/d0be1974b571f02cd8a78339322ccc2b/element/f.DE17D8135A58A006F007FC4BDD9D0BCA.d.E261E8793599364161916A0D750F586D.e.213/clear - {}
RESULT: {}
COMMAND: POST /session/d0be1974b571f02cd8a78339322ccc2b/element/f.DE17D8135A58A006F007FC4BDD9D0BCA.d.E261E8793599364161916A0D750F586D.e.213/value - {"text":"Jane Smith"}
RESULT: {"text":"Jane Smith"}
COMMAND: POST /session/d0be1974b571f02cd8a78339322ccc2b/element - {"using":"css selector","value":"[data-testid=\"inputEmail\"]"}
RESULT: {"using":"css selector","value":"[data-testid=\"inputEmail\"]"}
COMMAND: POST /session/d0be1974b571f02cd8a78339322ccc2b/element/f.DE17D8135A58A006F007FC4BDD9D0BCA.d.E261E8793599364161916A0D750F586D.e.214/clear - {}
RESULT: {}
COMMAND: POST /session/d0be1974b571f02cd8a78339322ccc2b/element/f.DE17D8135A58A006F007FC4BDD9D0BCA.d.E261E8793599364161916A0D750F586D.e.214/value - {"text":"user.name111111111111111@domain.com"}
RESULT: {"text":"user.name111111111111111@domain.com"}
COMMAND: POST /session/d0be1974b571f02cd8a78339322ccc2b/element - {"using":"css selector","value":"[data-testid=\"inputPhone\"]"}
RESULT: {"using":"css selector","value":"[data-testid=\"inputPhone\"]"}
COMMAND: POST /session/d0be1974b571f02cd8a78339322ccc2b/element/f.DE17D8135A58A006F007FC4BDD9D0BCA.d.E261E8793599364161916A0D750F586D.e.215/clear - {}
RESULT: {}
COMMAND: POST /session/d0be1974b571f02cd8a78339322ccc2b/element/f.DE17D8135A58A006F007FC4BDD9D0BCA.d.E261E8793599364161916A0D750F586D.e.215/value - {"text":"1"}
RESULT: {"text":"1"}
COMMAND: POST /session/d0be1974b571f02cd8a78339322ccc2b/element - {"using":"css selector","value":"[data-testid=\"inputAddress\"]"}
RESULT: {"using":"css selector","value":"[data-testid=\"inputAddress\"]"}
COMMAND: POST /session/d0be1974b571f02cd8a78339322ccc2b/element/f.DE17D8135A58A006F007FC4BDD9D0BCA.d.E261E8793599364161916A0D750F586D.e.216/clear - {}
RESULT: {}
COMMAND: POST /session/d0be1974b571f02cd8a78339322ccc2b/element/f.DE17D8135A58A006F007FC4BDD9D0BCA.d.E261E8793599364161916A0D750F586D.e.216/value - {"text":"Apartment 45B"}
RESULT: {"text":"Apartment 45B"}
COMMAND: POST /session/d0be1974b571f02cd8a78339322ccc2b/element - {"using":"css selector","value":"input[placeholder=\"MM/DD/YYYY\"][type=\"text\"]"}
RESULT: {"using":"css selector","value":"input[placeholder=\"MM/DD/YYYY\"][type=\"text\"]"}
COMMAND: POST /session/d0be1974b571f02cd8a78339322ccc2b/execute/sync - {"script":"<script> [21 bytes]","args":[{"element-6066-11e4-a52e-4f735466cecf":"f.DE17D8135A58A006F007FC4BDD9D0BCA.d.E261E8793599364161916A0D750F586D.e.217","ELEMENT":"f.DE17D8135A58A006F007FC4BDD9D0BCA.d.E261E8793599364161916A0D750F586D.e.217"}]}
RESULT: {"script":"<script> [21 bytes]","args":[{"element-6066-11e4-a52e-4f735466cecf":"f.DE17D8135A58A006F007FC4BDD9D0BCA.d.E261E8793599364161916A0D750F586D.e.217","ELEMENT":"f.DE17D8135A58A006F007FC4BDD9D0BCA.d.E261E8793599364161916A0D750F586D.e.217"}]}
COMMAND: POST /session/d0be1974b571f02cd8a78339322ccc2b/execute/sync - {"script":"<script> [21 bytes]","args":[{"element-6066-11e4-a52e-4f735466cecf":"f.DE17D8135A58A006F007FC4BDD9D0BCA.d.E261E8793599364161916A0D750F586D.e.217","ELEMENT":"f.DE17D8135A58A006F007FC4BDD9D0BCA.d.E261E8793599364161916A0D750F586D.e.217"}]}
RESULT: {"script":"<script> [21 bytes]","args":[{"element-6066-11e4-a52e-4f735466cecf":"f.DE17D8135A58A006F007FC4BDD9D0BCA.d.E261E8793599364161916A0D750F586D.e.217","ELEMENT":"f.DE17D8135A58A006F007FC4BDD9D0BCA.d.E261E8793599364161916A0D750F586D.e.217"}]}
COMMAND: POST /session/d0be1974b571f02cd8a78339322ccc2b/element/f.DE17D8135A58A006F007FC4BDD9D0BCA.d.E261E8793599364161916A0D750F586D.e.217/click - {}
RESULT: {}
COMMAND: POST /session/d0be1974b571f02cd8a78339322ccc2b/element - {"using":"css selector","value":"input[placeholder=\"MM/DD/YYYY\"][type=\"text\"]"}
RESULT: {"using":"css selector","value":"input[placeholder=\"MM/DD/YYYY\"][type=\"text\"]"}
COMMAND: POST /session/d0be1974b571f02cd8a78339322ccc2b/element/f.DE17D8135A58A006F007FC4BDD9D0BCA.d.E261E8793599364161916A0D750F586D.e.217/value - {"text":"1"}
RESULT: {"text":"1"}
COMMAND: POST /session/d0be1974b571f02cd8a78339322ccc2b/element - {"using":"css selector","value":"input[placeholder=\"MM/DD/YYYY\"][type=\"text\"]"}
RESULT: {"using":"css selector","value":"input[placeholder=\"MM/DD/YYYY\"][type=\"text\"]"}
COMMAND: POST /session/d0be1974b571f02cd8a78339322ccc2b/element/f.DE17D8135A58A006F007FC4BDD9D0BCA.d.E261E8793599364161916A0D750F586D.e.217/value - {"text":"0"}
RESULT: {"text":"0"}
COMMAND: POST /session/d0be1974b571f02cd8a78339322ccc2b/element - {"using":"css selector","value":"input[placeholder=\"MM/DD/YYYY\"][type=\"text\"]"}
RESULT: {"using":"css selector","value":"input[placeholder=\"MM/DD/YYYY\"][type=\"text\"]"}
COMMAND: POST /session/d0be1974b571f02cd8a78339322ccc2b/element/f.DE17D8135A58A006F007FC4BDD9D0BCA.d.E261E8793599364161916A0D750F586D.e.217/value - {"text":"1"}
RESULT: {"text":"1"}
COMMAND: POST /session/d0be1974b571f02cd8a78339322ccc2b/element - {"using":"css selector","value":"input[placeholder=\"MM/DD/YYYY\"][type=\"text\"]"}
RESULT: {"using":"css selector","value":"input[placeholder=\"MM/DD/YYYY\"][type=\"text\"]"}
COMMAND: POST /session/d0be1974b571f02cd8a78339322ccc2b/element/f.DE17D8135A58A006F007FC4BDD9D0BCA.d.E261E8793599364161916A0D750F586D.e.217/value - {"text":"9"}
RESULT: {"text":"9"}
COMMAND: POST /session/d0be1974b571f02cd8a78339322ccc2b/element - {"using":"css selector","value":"input[placeholder=\"MM/DD/YYYY\"][type=\"text\"]"}
RESULT: {"using":"css selector","value":"input[placeholder=\"MM/DD/YYYY\"][type=\"text\"]"}
COMMAND: POST /session/d0be1974b571f02cd8a78339322ccc2b/element/f.DE17D8135A58A006F007FC4BDD9D0BCA.d.E261E8793599364161916A0D750F586D.e.217/value - {"text":"2"}
RESULT: {"text":"2"}
COMMAND: POST /session/d0be1974b571f02cd8a78339322ccc2b/element - {"using":"css selector","value":"input[placeholder=\"MM/DD/YYYY\"][type=\"text\"]"}
RESULT: {"using":"css selector","value":"input[placeholder=\"MM/DD/YYYY\"][type=\"text\"]"}
COMMAND: POST /session/d0be1974b571f02cd8a78339322ccc2b/element/f.DE17D8135A58A006F007FC4BDD9D0BCA.d.E261E8793599364161916A0D750F586D.e.217/value - {"text":"0"}
RESULT: {"text":"0"}
COMMAND: POST /session/d0be1974b571f02cd8a78339322ccc2b/element - {"using":"css selector","value":"input[placeholder=\"MM/DD/YYYY\"][type=\"text\"]"}
RESULT: {"using":"css selector","value":"input[placeholder=\"MM/DD/YYYY\"][type=\"text\"]"}
COMMAND: POST /session/d0be1974b571f02cd8a78339322ccc2b/element/f.DE17D8135A58A006F007FC4BDD9D0BCA.d.E261E8793599364161916A0D750F586D.e.217/value - {"text":"2"}
RESULT: {"text":"2"}
COMMAND: POST /session/d0be1974b571f02cd8a78339322ccc2b/element - {"using":"css selector","value":"input[placeholder=\"MM/DD/YYYY\"][type=\"text\"]"}
RESULT: {"using":"css selector","value":"input[placeholder=\"MM/DD/YYYY\"][type=\"text\"]"}
COMMAND: POST /session/d0be1974b571f02cd8a78339322ccc2b/element/f.DE17D8135A58A006F007FC4BDD9D0BCA.d.E261E8793599364161916A0D750F586D.e.217/value - {"text":"4"}
RESULT: {"text":"4"}
COMMAND: POST /session/d0be1974b571f02cd8a78339322ccc2b/element - {"using":"css selector","value":"[data-testid=\"selectGender\"]"}
RESULT: {"using":"css selector","value":"[data-testid=\"selectGender\"]"}
COMMAND: POST /session/d0be1974b571f02cd8a78339322ccc2b/element/f.DE17D8135A58A006F007FC4BDD9D0BCA.d.E261E8793599364161916A0D750F586D.e.246/click - {}
RESULT: {}
COMMAND: POST /session/d0be1974b571f02cd8a78339322ccc2b/actions - {"actions":[{"id":"action2","type":"key","parameters":{},"actions":[{"type":"keyDown","value":""},{"type":"keyDown","value":""},{"type":"pause","duration":10},{"type":"keyUp","value":""},{"type":"keyUp","value":""}]}]}
RESULT: {"actions":[{"id":"action2","type":"key","parameters":{},"actions":[{"type":"keyDown","value":""},{"type":"keyDown","value":""},{"type":"pause","duration":10},{"type":"keyUp","value":""},{"type":"keyUp","value":""}]}]}
COMMAND: POST /session/d0be1974b571f02cd8a78339322ccc2b/element - {"using":"css selector","value":"[data-testid=\"radioTitle-Backend Developer\"]"}
RESULT: {"using":"css selector","value":"[data-testid=\"radioTitle-Backend Developer\"]"}
COMMAND: POST /session/d0be1974b571f02cd8a78339322ccc2b/element/f.DE17D8135A58A006F007FC4BDD9D0BCA.d.E261E8793599364161916A0D750F586D.e.221/click - {}
RESULT: {}
COMMAND: POST /session/d0be1974b571f02cd8a78339322ccc2b/element - {"using":"css selector","value":"[data-testid=\"toggleActive\"]"}
RESULT: {"using":"css selector","value":"[data-testid=\"toggleActive\"]"}
COMMAND: POST /session/d0be1974b571f02cd8a78339322ccc2b/element/f.DE17D8135A58A006F007FC4BDD9D0BCA.d.E261E8793599364161916A0D750F586D.e.251/click - {}
RESULT: {}
COMMAND: POST /session/d0be1974b571f02cd8a78339322ccc2b/element - {"using":"css selector","value":"[data-testid=\"submitButton\"]"}
RESULT: {"using":"css selector","value":"[data-testid=\"submitButton\"]"}
COMMAND: POST /session/d0be1974b571f02cd8a78339322ccc2b/element/f.DE17D8135A58A006F007FC4BDD9D0BCA.d.E261E8793599364161916A0D750F586D.e.263/click - {}
RESULT: {}
COMMAND: POST /session/d0be1974b571f02cd8a78339322ccc2b/element - {"using":"css selector","value":".MuiAlert-message"}
RESULT: {"using":"css selector","value":".MuiAlert-message"}
COMMAND: POST /session/d0be1974b571f02cd8a78339322ccc2b/execute/sync - {"script":"<script> [21 bytes]","args":[{"element-6066-11e4-a52e-4f735466cecf":"f.DE17D8135A58A006F007FC4BDD9D0BCA.d.E261E8793599364161916A0D750F586D.e.264","ELEMENT":"f.DE17D8135A58A006F007FC4BDD9D0BCA.d.E261E8793599364161916A0D750F586D.e.264"}]}
RESULT: {"script":"<script> [21 bytes]","args":[{"element-6066-11e4-a52e-4f735466cecf":"f.DE17D8135A58A006F007FC4BDD9D0BCA.d.E261E8793599364161916A0D750F586D.e.264","ELEMENT":"f.DE17D8135A58A006F007FC4BDD9D0BCA.d.E261E8793599364161916A0D750F586D.e.264"}]}
COMMAND: POST /session/d0be1974b571f02cd8a78339322ccc2b/element - {"using":"css selector","value":".MuiAlert-message"}
RESULT: {"using":"css selector","value":".MuiAlert-message"}
COMMAND: GET /session/d0be1974b571f02cd8a78339322ccc2b/element/f.DE17D8135A58A006F007FC4BDD9D0BCA.d.E261E8793599364161916A0D750F586D.e.264/text - {}
RESULT: {}
COMMAND: POST /session/d0be1974b571f02cd8a78339322ccc2b/element - {"using":"css selector","value":".MuiAlert-message"}
RESULT: {"using":"css selector","value":".MuiAlert-message"}
COMMAND: GET /session/d0be1974b571f02cd8a78339322ccc2b/element/f.DE17D8135A58A006F007FC4BDD9D0BCA.d.E261E8793599364161916A0D750F586D.e.264/text - {}
RESULT: {}
COMMAND: GET /session/d0be1974b571f02cd8a78339322ccc2b/url - {}
RESULT: {}
COMMAND: GET /session/d0be1974b571f02cd8a78339322ccc2b/url - {}
RESULT: {}
COMMAND: GET /session/d0be1974b571f02cd8a78339322ccc2b/url - {}
RESULT: {}
COMMAND: GET /session/d0be1974b571f02cd8a78339322ccc2b/url - {}
RESULT: {}
COMMAND: GET /session/d0be1974b571f02cd8a78339322ccc2b/url - {}
RESULT: {}
COMMAND: GET /session/d0be1974b571f02cd8a78339322ccc2b/url - {}
RESULT: {}
COMMAND: POST /session/d0be1974b571f02cd8a78339322ccc2b/element - {"using":"css selector","value":"[data-testid=\"searchInput\"]"}
RESULT: {"using":"css selector","value":"[data-testid=\"searchInput\"]"}
COMMAND: POST /session/d0be1974b571f02cd8a78339322ccc2b/element/f.DE17D8135A58A006F007FC4BDD9D0BCA.d.E261E8793599364161916A0D750F586D.e.265/click - {}
RESULT: {}
COMMAND: POST /session/d0be1974b571f02cd8a78339322ccc2b/element/f.DE17D8135A58A006F007FC4BDD9D0BCA.d.E261E8793599364161916A0D750F586D.e.265/clear - {}
RESULT: {}
COMMAND: POST /session/d0be1974b571f02cd8a78339322ccc2b/element/f.DE17D8135A58A006F007FC4BDD9D0BCA.d.E261E8793599364161916A0D750F586D.e.265/value - {"text":"aaa"}
RESULT: {"text":"aaa"}
COMMAND: POST /session/d0be1974b571f02cd8a78339322ccc2b/element - {"using":"css selector","value":"img[alt=\"aaa\"]"}
RESULT: {"using":"css selector","value":"img[alt=\"aaa\"]"}
COMMAND: POST /session/d0be1974b571f02cd8a78339322ccc2b/execute/sync - {"script":"<script> [21 bytes]","args":[{"element-6066-11e4-a52e-4f735466cecf":"f.DE17D8135A58A006F007FC4BDD9D0BCA.d.E261E8793599364161916A0D750F586D.e.348","ELEMENT":"f.DE17D8135A58A006F007FC4BDD9D0BCA.d.E261E8793599364161916A0D750F586D.e.348"}]}
RESULT: {"script":"<script> [21 bytes]","args":[{"element-6066-11e4-a52e-4f735466cecf":"f.DE17D8135A58A006F007FC4BDD9D0BCA.d.E261E8793599364161916A0D750F586D.e.348","ELEMENT":"f.DE17D8135A58A006F007FC4BDD9D0BCA.d.E261E8793599364161916A0D750F586D.e.348"}]}
COMMAND: POST /session/d0be1974b571f02cd8a78339322ccc2b/execute/sync - {"script":"<script> [21 bytes]","args":[{"element-6066-11e4-a52e-4f735466cecf":"f.DE17D8135A58A006F007FC4BDD9D0BCA.d.E261E8793599364161916A0D750F586D.e.348","ELEMENT":"f.DE17D8135A58A006F007FC4BDD9D0BCA.d.E261E8793599364161916A0D750F586D.e.348"}]}
RESULT: {"script":"<script> [21 bytes]","args":[{"element-6066-11e4-a52e-4f735466cecf":"f.DE17D8135A58A006F007FC4BDD9D0BCA.d.E261E8793599364161916A0D750F586D.e.348","ELEMENT":"f.DE17D8135A58A006F007FC4BDD9D0BCA.d.E261E8793599364161916A0D750F586D.e.348"}]}
COMMAND: POST /session/d0be1974b571f02cd8a78339322ccc2b/execute/sync - {"script":"<script> [21 bytes]","args":[{"element-6066-11e4-a52e-4f735466cecf":"f.DE17D8135A58A006F007FC4BDD9D0BCA.d.E261E8793599364161916A0D750F586D.e.348","ELEMENT":"f.DE17D8135A58A006F007FC4BDD9D0BCA.d.E261E8793599364161916A0D750F586D.e.348"}]}
RESULT: {"script":"<script> [21 bytes]","args":[{"element-6066-11e4-a52e-4f735466cecf":"f.DE17D8135A58A006F007FC4BDD9D0BCA.d.E261E8793599364161916A0D750F586D.e.348","ELEMENT":"f.DE17D8135A58A006F007FC4BDD9D0BCA.d.E261E8793599364161916A0D750F586D.e.348"}]}
COMMAND: GET /session/d0be1974b571f02cd8a78339322ccc2b/screenshot - {}
RESULT: {}
]]></system-out>
    </testcase>
  </testsuite>
  <testsuite name="NewUser Form Positive Tests Maximum Values" timestamp="2024-10-20T21:03:06" time="9.479" tests="1" failures="0" errors="0" skipped="0">
    <properties>
      <property name="specId" value="0"/>
      <property name="suiteName" value="NewUser Form Positive Tests - Maximum Values"/>
      <property name="capabilities" value="chrome.130_0_6723_59.windows"/>
      <property name="file" value="file:///C:/Users/User/Documents/Informatyka/qa_auto_test/webdriverio_test_project/test/specs/positiveNewUserTest.js"/>
    </properties>
    <testcase classname="chrome.130_0_6723_59.windows.NewUser_Form_Positive_Tests_-_Maximum_Values" name="should fill the form with maximum positive values and submit successfully" time="9.478">
      <system-out><![CDATA[
COMMAND: POST /session/d0be1974b571f02cd8a78339322ccc2b/url - {"url":"http://localhost:3000/home"}
RESULT: {"url":"http://localhost:3000/home"}
COMMAND: POST /session/d0be1974b571f02cd8a78339322ccc2b/execute/sync - {"script":"<script> [19 bytes]","args":[]}
RESULT: {"script":"<script> [19 bytes]","args":[]}
COMMAND: POST /session/d0be1974b571f02cd8a78339322ccc2b/url - {"url":"http://localhost:3000/"}
RESULT: {"url":"http://localhost:3000/"}
COMMAND: POST /session/d0be1974b571f02cd8a78339322ccc2b/element - {"using":"css selector","value":"[data-testid=\"nav-users\"]"}
RESULT: {"using":"css selector","value":"[data-testid=\"nav-users\"]"}
COMMAND: POST /session/d0be1974b571f02cd8a78339322ccc2b/execute/sync - {"script":"<script> [21 bytes]","args":[{"element-6066-11e4-a52e-4f735466cecf":"f.DE17D8135A58A006F007FC4BDD9D0BCA.d.D4D906CEA90A1C5DF9826262B547C05F.e.365","ELEMENT":"f.DE17D8135A58A006F007FC4BDD9D0BCA.d.D4D906CEA90A1C5DF9826262B547C05F.e.365"}]}
RESULT: {"script":"<script> [21 bytes]","args":[{"element-6066-11e4-a52e-4f735466cecf":"f.DE17D8135A58A006F007FC4BDD9D0BCA.d.D4D906CEA90A1C5DF9826262B547C05F.e.365","ELEMENT":"f.DE17D8135A58A006F007FC4BDD9D0BCA.d.D4D906CEA90A1C5DF9826262B547C05F.e.365"}]}
COMMAND: POST /session/d0be1974b571f02cd8a78339322ccc2b/execute/sync - {"script":"<script> [21 bytes]","args":[{"element-6066-11e4-a52e-4f735466cecf":"f.DE17D8135A58A006F007FC4BDD9D0BCA.d.D4D906CEA90A1C5DF9826262B547C05F.e.365","ELEMENT":"f.DE17D8135A58A006F007FC4BDD9D0BCA.d.D4D906CEA90A1C5DF9826262B547C05F.e.365"}]}
RESULT: {"script":"<script> [21 bytes]","args":[{"element-6066-11e4-a52e-4f735466cecf":"f.DE17D8135A58A006F007FC4BDD9D0BCA.d.D4D906CEA90A1C5DF9826262B547C05F.e.365","ELEMENT":"f.DE17D8135A58A006F007FC4BDD9D0BCA.d.D4D906CEA90A1C5DF9826262B547C05F.e.365"}]}
COMMAND: POST /session/d0be1974b571f02cd8a78339322ccc2b/element/f.DE17D8135A58A006F007FC4BDD9D0BCA.d.D4D906CEA90A1C5DF9826262B547C05F.e.365/click - {}
RESULT: {}
COMMAND: POST /session/d0be1974b571f02cd8a78339322ccc2b/element - {"using":"css selector","value":"[data-testid=\"username-input\"]"}
RESULT: {"using":"css selector","value":"[data-testid=\"username-input\"]"}
COMMAND: POST /session/d0be1974b571f02cd8a78339322ccc2b/element/f.DE17D8135A58A006F007FC4BDD9D0BCA.d.D4D906CEA90A1C5DF9826262B547C05F.e.370/clear - {}
RESULT: {}
COMMAND: POST /session/d0be1974b571f02cd8a78339322ccc2b/element/f.DE17D8135A58A006F007FC4BDD9D0BCA.d.D4D906CEA90A1C5DF9826262B547C05F.e.370/value - {"text":"zjQIguGBcO"}
RESULT: {"text":"zjQIguGBcO"}
COMMAND: POST /session/d0be1974b571f02cd8a78339322ccc2b/element - {"using":"css selector","value":"[data-testid=\"password-input\"]"}
RESULT: {"using":"css selector","value":"[data-testid=\"password-input\"]"}
COMMAND: POST /session/d0be1974b571f02cd8a78339322ccc2b/element/f.DE17D8135A58A006F007FC4BDD9D0BCA.d.D4D906CEA90A1C5DF9826262B547C05F.e.373/clear - {}
RESULT: {}
COMMAND: POST /session/d0be1974b571f02cd8a78339322ccc2b/element/f.DE17D8135A58A006F007FC4BDD9D0BCA.d.D4D906CEA90A1C5DF9826262B547C05F.e.373/value - {"text":"ueFZ0CEY5D"}
RESULT: {"text":"ueFZ0CEY5D"}
COMMAND: POST /session/d0be1974b571f02cd8a78339322ccc2b/element - {"using":"css selector","value":"[data-testid=\"login-button\"]"}
RESULT: {"using":"css selector","value":"[data-testid=\"login-button\"]"}
COMMAND: POST /session/d0be1974b571f02cd8a78339322ccc2b/element/f.DE17D8135A58A006F007FC4BDD9D0BCA.d.D4D906CEA90A1C5DF9826262B547C05F.e.375/click - {}
RESULT: {}
COMMAND: POST /session/d0be1974b571f02cd8a78339322ccc2b/element - {"using":"css selector","value":"[data-testid=\"navNew\"]"}
RESULT: {"using":"css selector","value":"[data-testid=\"navNew\"]"}
COMMAND: POST /session/d0be1974b571f02cd8a78339322ccc2b/element/f.DE17D8135A58A006F007FC4BDD9D0BCA.d.D4D906CEA90A1C5DF9826262B547C05F.e.376/click - {}
RESULT: {}
COMMAND: POST /session/d0be1974b571f02cd8a78339322ccc2b/element - {"using":"css selector","value":"[data-testid=\"inputUserName\"]"}
RESULT: {"using":"css selector","value":"[data-testid=\"inputUserName\"]"}
COMMAND: POST /session/d0be1974b571f02cd8a78339322ccc2b/element/f.DE17D8135A58A006F007FC4BDD9D0BCA.d.D4D906CEA90A1C5DF9826262B547C05F.e.377/clear - {}
RESULT: {}
COMMAND: POST /session/d0be1974b571f02cd8a78339322ccc2b/element/f.DE17D8135A58A006F007FC4BDD9D0BCA.d.D4D906CEA90A1C5DF9826262B547C05F.e.377/value - {"text":"aaaaaaaaaaaaaaaaaaaaaaaaaaaaaaaaaaaaaaaa"}
RESULT: {"text":"aaaaaaaaaaaaaaaaaaaaaaaaaaaaaaaaaaaaaaaa"}
COMMAND: POST /session/d0be1974b571f02cd8a78339322ccc2b/element - {"using":"css selector","value":"[data-testid=\"inputFullName\"]"}
RESULT: {"using":"css selector","value":"[data-testid=\"inputFullName\"]"}
COMMAND: POST /session/d0be1974b571f02cd8a78339322ccc2b/element/f.DE17D8135A58A006F007FC4BDD9D0BCA.d.D4D906CEA90A1C5DF9826262B547C05F.e.379/clear - {}
RESULT: {}
COMMAND: POST /session/d0be1974b571f02cd8a78339322ccc2b/element/f.DE17D8135A58A006F007FC4BDD9D0BCA.d.D4D906CEA90A1C5DF9826262B547C05F.e.379/value - {"text":"aaa"}
RESULT: {"text":"aaa"}
COMMAND: POST /session/d0be1974b571f02cd8a78339322ccc2b/element - {"using":"css selector","value":"[data-testid=\"inputEmail\"]"}
RESULT: {"using":"css selector","value":"[data-testid=\"inputEmail\"]"}
COMMAND: POST /session/d0be1974b571f02cd8a78339322ccc2b/element/f.DE17D8135A58A006F007FC4BDD9D0BCA.d.D4D906CEA90A1C5DF9826262B547C05F.e.380/clear - {}
RESULT: {}
COMMAND: POST /session/d0be1974b571f02cd8a78339322ccc2b/element/f.DE17D8135A58A006F007FC4BDD9D0BCA.d.D4D906CEA90A1C5DF9826262B547C05F.e.380/value - {"text":"test@example.com"}
RESULT: {"text":"test@example.com"}
COMMAND: POST /session/d0be1974b571f02cd8a78339322ccc2b/element - {"using":"css selector","value":"[data-testid=\"inputPhone\"]"}
RESULT: {"using":"css selector","value":"[data-testid=\"inputPhone\"]"}
COMMAND: POST /session/d0be1974b571f02cd8a78339322ccc2b/element/f.DE17D8135A58A006F007FC4BDD9D0BCA.d.D4D906CEA90A1C5DF9826262B547C05F.e.381/clear - {}
RESULT: {}
COMMAND: POST /session/d0be1974b571f02cd8a78339322ccc2b/element/f.DE17D8135A58A006F007FC4BDD9D0BCA.d.D4D906CEA90A1C5DF9826262B547C05F.e.381/value - {"text":"123456789123"}
RESULT: {"text":"123456789123"}
COMMAND: POST /session/d0be1974b571f02cd8a78339322ccc2b/element - {"using":"css selector","value":"[data-testid=\"inputAddress\"]"}
RESULT: {"using":"css selector","value":"[data-testid=\"inputAddress\"]"}
COMMAND: POST /session/d0be1974b571f02cd8a78339322ccc2b/element/f.DE17D8135A58A006F007FC4BDD9D0BCA.d.D4D906CEA90A1C5DF9826262B547C05F.e.382/clear - {}
RESULT: {}
COMMAND: POST /session/d0be1974b571f02cd8a78339322ccc2b/element/f.DE17D8135A58A006F007FC4BDD9D0BCA.d.D4D906CEA90A1C5DF9826262B547C05F.e.382/value - {"text":"aaaaaaaaaaaaaaaaaaaaaaaaaaaaaaaaaaaaaaaa"}
RESULT: {"text":"aaaaaaaaaaaaaaaaaaaaaaaaaaaaaaaaaaaaaaaa"}
COMMAND: POST /session/d0be1974b571f02cd8a78339322ccc2b/element - {"using":"css selector","value":"input[placeholder=\"MM/DD/YYYY\"][type=\"text\"]"}
RESULT: {"using":"css selector","value":"input[placeholder=\"MM/DD/YYYY\"][type=\"text\"]"}
COMMAND: POST /session/d0be1974b571f02cd8a78339322ccc2b/execute/sync - {"script":"<script> [21 bytes]","args":[{"element-6066-11e4-a52e-4f735466cecf":"f.DE17D8135A58A006F007FC4BDD9D0BCA.d.D4D906CEA90A1C5DF9826262B547C05F.e.383","ELEMENT":"f.DE17D8135A58A006F007FC4BDD9D0BCA.d.D4D906CEA90A1C5DF9826262B547C05F.e.383"}]}
RESULT: {"script":"<script> [21 bytes]","args":[{"element-6066-11e4-a52e-4f735466cecf":"f.DE17D8135A58A006F007FC4BDD9D0BCA.d.D4D906CEA90A1C5DF9826262B547C05F.e.383","ELEMENT":"f.DE17D8135A58A006F007FC4BDD9D0BCA.d.D4D906CEA90A1C5DF9826262B547C05F.e.383"}]}
COMMAND: POST /session/d0be1974b571f02cd8a78339322ccc2b/execute/sync - {"script":"<script> [21 bytes]","args":[{"element-6066-11e4-a52e-4f735466cecf":"f.DE17D8135A58A006F007FC4BDD9D0BCA.d.D4D906CEA90A1C5DF9826262B547C05F.e.383","ELEMENT":"f.DE17D8135A58A006F007FC4BDD9D0BCA.d.D4D906CEA90A1C5DF9826262B547C05F.e.383"}]}
RESULT: {"script":"<script> [21 bytes]","args":[{"element-6066-11e4-a52e-4f735466cecf":"f.DE17D8135A58A006F007FC4BDD9D0BCA.d.D4D906CEA90A1C5DF9826262B547C05F.e.383","ELEMENT":"f.DE17D8135A58A006F007FC4BDD9D0BCA.d.D4D906CEA90A1C5DF9826262B547C05F.e.383"}]}
COMMAND: POST /session/d0be1974b571f02cd8a78339322ccc2b/element/f.DE17D8135A58A006F007FC4BDD9D0BCA.d.D4D906CEA90A1C5DF9826262B547C05F.e.383/click - {}
RESULT: {}
COMMAND: POST /session/d0be1974b571f02cd8a78339322ccc2b/element - {"using":"css selector","value":"input[placeholder=\"MM/DD/YYYY\"][type=\"text\"]"}
RESULT: {"using":"css selector","value":"input[placeholder=\"MM/DD/YYYY\"][type=\"text\"]"}
COMMAND: POST /session/d0be1974b571f02cd8a78339322ccc2b/element/f.DE17D8135A58A006F007FC4BDD9D0BCA.d.D4D906CEA90A1C5DF9826262B547C05F.e.383/value - {"text":"1"}
RESULT: {"text":"1"}
COMMAND: POST /session/d0be1974b571f02cd8a78339322ccc2b/element - {"using":"css selector","value":"input[placeholder=\"MM/DD/YYYY\"][type=\"text\"]"}
RESULT: {"using":"css selector","value":"input[placeholder=\"MM/DD/YYYY\"][type=\"text\"]"}
COMMAND: POST /session/d0be1974b571f02cd8a78339322ccc2b/element/f.DE17D8135A58A006F007FC4BDD9D0BCA.d.D4D906CEA90A1C5DF9826262B547C05F.e.383/value - {"text":"0"}
RESULT: {"text":"0"}
COMMAND: POST /session/d0be1974b571f02cd8a78339322ccc2b/element - {"using":"css selector","value":"input[placeholder=\"MM/DD/YYYY\"][type=\"text\"]"}
RESULT: {"using":"css selector","value":"input[placeholder=\"MM/DD/YYYY\"][type=\"text\"]"}
COMMAND: POST /session/d0be1974b571f02cd8a78339322ccc2b/element/f.DE17D8135A58A006F007FC4BDD9D0BCA.d.D4D906CEA90A1C5DF9826262B547C05F.e.383/value - {"text":"1"}
RESULT: {"text":"1"}
COMMAND: POST /session/d0be1974b571f02cd8a78339322ccc2b/element - {"using":"css selector","value":"input[placeholder=\"MM/DD/YYYY\"][type=\"text\"]"}
RESULT: {"using":"css selector","value":"input[placeholder=\"MM/DD/YYYY\"][type=\"text\"]"}
COMMAND: POST /session/d0be1974b571f02cd8a78339322ccc2b/element/f.DE17D8135A58A006F007FC4BDD9D0BCA.d.D4D906CEA90A1C5DF9826262B547C05F.e.383/value - {"text":"9"}
RESULT: {"text":"9"}
COMMAND: POST /session/d0be1974b571f02cd8a78339322ccc2b/element - {"using":"css selector","value":"input[placeholder=\"MM/DD/YYYY\"][type=\"text\"]"}
RESULT: {"using":"css selector","value":"input[placeholder=\"MM/DD/YYYY\"][type=\"text\"]"}
COMMAND: POST /session/d0be1974b571f02cd8a78339322ccc2b/element/f.DE17D8135A58A006F007FC4BDD9D0BCA.d.D4D906CEA90A1C5DF9826262B547C05F.e.383/value - {"text":"2"}
RESULT: {"text":"2"}
COMMAND: POST /session/d0be1974b571f02cd8a78339322ccc2b/element - {"using":"css selector","value":"input[placeholder=\"MM/DD/YYYY\"][type=\"text\"]"}
RESULT: {"using":"css selector","value":"input[placeholder=\"MM/DD/YYYY\"][type=\"text\"]"}
COMMAND: POST /session/d0be1974b571f02cd8a78339322ccc2b/element/f.DE17D8135A58A006F007FC4BDD9D0BCA.d.D4D906CEA90A1C5DF9826262B547C05F.e.383/value - {"text":"0"}
RESULT: {"text":"0"}
COMMAND: POST /session/d0be1974b571f02cd8a78339322ccc2b/element - {"using":"css selector","value":"input[placeholder=\"MM/DD/YYYY\"][type=\"text\"]"}
RESULT: {"using":"css selector","value":"input[placeholder=\"MM/DD/YYYY\"][type=\"text\"]"}
COMMAND: POST /session/d0be1974b571f02cd8a78339322ccc2b/element/f.DE17D8135A58A006F007FC4BDD9D0BCA.d.D4D906CEA90A1C5DF9826262B547C05F.e.383/value - {"text":"2"}
RESULT: {"text":"2"}
COMMAND: POST /session/d0be1974b571f02cd8a78339322ccc2b/element - {"using":"css selector","value":"input[placeholder=\"MM/DD/YYYY\"][type=\"text\"]"}
RESULT: {"using":"css selector","value":"input[placeholder=\"MM/DD/YYYY\"][type=\"text\"]"}
COMMAND: POST /session/d0be1974b571f02cd8a78339322ccc2b/element/f.DE17D8135A58A006F007FC4BDD9D0BCA.d.D4D906CEA90A1C5DF9826262B547C05F.e.383/value - {"text":"4"}
RESULT: {"text":"4"}
COMMAND: POST /session/d0be1974b571f02cd8a78339322ccc2b/element - {"using":"css selector","value":"[data-testid=\"selectGender\"]"}
RESULT: {"using":"css selector","value":"[data-testid=\"selectGender\"]"}
COMMAND: POST /session/d0be1974b571f02cd8a78339322ccc2b/element/f.DE17D8135A58A006F007FC4BDD9D0BCA.d.D4D906CEA90A1C5DF9826262B547C05F.e.414/click - {}
RESULT: {}
COMMAND: POST /session/d0be1974b571f02cd8a78339322ccc2b/actions - {"actions":[{"id":"action3","type":"key","parameters":{},"actions":[{"type":"keyDown","value":""},{"type":"keyDown","value":""},{"type":"pause","duration":10},{"type":"keyUp","value":""},{"type":"keyUp","value":""}]}]}
RESULT: {"actions":[{"id":"action3","type":"key","parameters":{},"actions":[{"type":"keyDown","value":""},{"type":"keyDown","value":""},{"type":"pause","duration":10},{"type":"keyUp","value":""},{"type":"keyUp","value":""}]}]}
COMMAND: POST /session/d0be1974b571f02cd8a78339322ccc2b/element - {"using":"css selector","value":"[data-testid=\"radioTitle-Product Owner\"]"}
RESULT: {"using":"css selector","value":"[data-testid=\"radioTitle-Product Owner\"]"}
COMMAND: POST /session/d0be1974b571f02cd8a78339322ccc2b/element/f.DE17D8135A58A006F007FC4BDD9D0BCA.d.D4D906CEA90A1C5DF9826262B547C05F.e.390/click - {}
RESULT: {}
COMMAND: POST /session/d0be1974b571f02cd8a78339322ccc2b/element - {"using":"css selector","value":"[data-testid=\"toggleActive\"]"}
RESULT: {"using":"css selector","value":"[data-testid=\"toggleActive\"]"}
COMMAND: POST /session/d0be1974b571f02cd8a78339322ccc2b/element/f.DE17D8135A58A006F007FC4BDD9D0BCA.d.D4D906CEA90A1C5DF9826262B547C05F.e.419/click - {}
RESULT: {}
COMMAND: POST /session/d0be1974b571f02cd8a78339322ccc2b/element - {"using":"css selector","value":"[data-testid=\"submitButton\"]"}
RESULT: {"using":"css selector","value":"[data-testid=\"submitButton\"]"}
COMMAND: POST /session/d0be1974b571f02cd8a78339322ccc2b/element/f.DE17D8135A58A006F007FC4BDD9D0BCA.d.D4D906CEA90A1C5DF9826262B547C05F.e.429/click - {}
RESULT: {}
COMMAND: POST /session/d0be1974b571f02cd8a78339322ccc2b/element - {"using":"css selector","value":".MuiAlert-message"}
RESULT: {"using":"css selector","value":".MuiAlert-message"}
COMMAND: POST /session/d0be1974b571f02cd8a78339322ccc2b/execute/sync - {"script":"<script> [21 bytes]","args":[{"element-6066-11e4-a52e-4f735466cecf":"f.DE17D8135A58A006F007FC4BDD9D0BCA.d.D4D906CEA90A1C5DF9826262B547C05F.e.430","ELEMENT":"f.DE17D8135A58A006F007FC4BDD9D0BCA.d.D4D906CEA90A1C5DF9826262B547C05F.e.430"}]}
RESULT: {"script":"<script> [21 bytes]","args":[{"element-6066-11e4-a52e-4f735466cecf":"f.DE17D8135A58A006F007FC4BDD9D0BCA.d.D4D906CEA90A1C5DF9826262B547C05F.e.430","ELEMENT":"f.DE17D8135A58A006F007FC4BDD9D0BCA.d.D4D906CEA90A1C5DF9826262B547C05F.e.430"}]}
COMMAND: POST /session/d0be1974b571f02cd8a78339322ccc2b/element - {"using":"css selector","value":".MuiAlert-message"}
RESULT: {"using":"css selector","value":".MuiAlert-message"}
COMMAND: GET /session/d0be1974b571f02cd8a78339322ccc2b/element/f.DE17D8135A58A006F007FC4BDD9D0BCA.d.D4D906CEA90A1C5DF9826262B547C05F.e.430/text - {}
RESULT: {}
COMMAND: POST /session/d0be1974b571f02cd8a78339322ccc2b/element - {"using":"css selector","value":".MuiAlert-message"}
RESULT: {"using":"css selector","value":".MuiAlert-message"}
COMMAND: GET /session/d0be1974b571f02cd8a78339322ccc2b/element/f.DE17D8135A58A006F007FC4BDD9D0BCA.d.D4D906CEA90A1C5DF9826262B547C05F.e.430/text - {}
RESULT: {}
COMMAND: GET /session/d0be1974b571f02cd8a78339322ccc2b/url - {}
RESULT: {}
COMMAND: GET /session/d0be1974b571f02cd8a78339322ccc2b/url - {}
RESULT: {}
COMMAND: GET /session/d0be1974b571f02cd8a78339322ccc2b/url - {}
RESULT: {}
COMMAND: GET /session/d0be1974b571f02cd8a78339322ccc2b/url - {}
RESULT: {}
COMMAND: GET /session/d0be1974b571f02cd8a78339322ccc2b/url - {}
RESULT: {}
COMMAND: GET /session/d0be1974b571f02cd8a78339322ccc2b/url - {}
RESULT: {}
COMMAND: POST /session/d0be1974b571f02cd8a78339322ccc2b/element - {"using":"css selector","value":"[data-testid=\"searchInput\"]"}
RESULT: {"using":"css selector","value":"[data-testid=\"searchInput\"]"}
COMMAND: POST /session/d0be1974b571f02cd8a78339322ccc2b/element/f.DE17D8135A58A006F007FC4BDD9D0BCA.d.D4D906CEA90A1C5DF9826262B547C05F.e.431/click - {}
RESULT: {}
COMMAND: POST /session/d0be1974b571f02cd8a78339322ccc2b/element/f.DE17D8135A58A006F007FC4BDD9D0BCA.d.D4D906CEA90A1C5DF9826262B547C05F.e.431/clear - {}
RESULT: {}
COMMAND: POST /session/d0be1974b571f02cd8a78339322ccc2b/element/f.DE17D8135A58A006F007FC4BDD9D0BCA.d.D4D906CEA90A1C5DF9826262B547C05F.e.431/value - {"text":"aaaaaaaaaaaaaaaaaaaaaaaaaaaaaaaaaaaaaaaa"}
RESULT: {"text":"aaaaaaaaaaaaaaaaaaaaaaaaaaaaaaaaaaaaaaaa"}
COMMAND: POST /session/d0be1974b571f02cd8a78339322ccc2b/element - {"using":"css selector","value":"img[alt=\"aaaaaaaaaaaaaaaaaaaaaaaaaaaaaaaaaaaaaaaa\"]"}
RESULT: {"using":"css selector","value":"img[alt=\"aaaaaaaaaaaaaaaaaaaaaaaaaaaaaaaaaaaaaaaa\"]"}
COMMAND: POST /session/d0be1974b571f02cd8a78339322ccc2b/execute/sync - {"script":"<script> [21 bytes]","args":[{"element-6066-11e4-a52e-4f735466cecf":"f.DE17D8135A58A006F007FC4BDD9D0BCA.d.D4D906CEA90A1C5DF9826262B547C05F.e.514","ELEMENT":"f.DE17D8135A58A006F007FC4BDD9D0BCA.d.D4D906CEA90A1C5DF9826262B547C05F.e.514"}]}
RESULT: {"script":"<script> [21 bytes]","args":[{"element-6066-11e4-a52e-4f735466cecf":"f.DE17D8135A58A006F007FC4BDD9D0BCA.d.D4D906CEA90A1C5DF9826262B547C05F.e.514","ELEMENT":"f.DE17D8135A58A006F007FC4BDD9D0BCA.d.D4D906CEA90A1C5DF9826262B547C05F.e.514"}]}
COMMAND: POST /session/d0be1974b571f02cd8a78339322ccc2b/execute/sync - {"script":"<script> [21 bytes]","args":[{"element-6066-11e4-a52e-4f735466cecf":"f.DE17D8135A58A006F007FC4BDD9D0BCA.d.D4D906CEA90A1C5DF9826262B547C05F.e.514","ELEMENT":"f.DE17D8135A58A006F007FC4BDD9D0BCA.d.D4D906CEA90A1C5DF9826262B547C05F.e.514"}]}
RESULT: {"script":"<script> [21 bytes]","args":[{"element-6066-11e4-a52e-4f735466cecf":"f.DE17D8135A58A006F007FC4BDD9D0BCA.d.D4D906CEA90A1C5DF9826262B547C05F.e.514","ELEMENT":"f.DE17D8135A58A006F007FC4BDD9D0BCA.d.D4D906CEA90A1C5DF9826262B547C05F.e.514"}]}
COMMAND: POST /session/d0be1974b571f02cd8a78339322ccc2b/execute/sync - {"script":"<script> [21 bytes]","args":[{"element-6066-11e4-a52e-4f735466cecf":"f.DE17D8135A58A006F007FC4BDD9D0BCA.d.D4D906CEA90A1C5DF9826262B547C05F.e.514","ELEMENT":"f.DE17D8135A58A006F007FC4BDD9D0BCA.d.D4D906CEA90A1C5DF9826262B547C05F.e.514"}]}
RESULT: {"script":"<script> [21 bytes]","args":[{"element-6066-11e4-a52e-4f735466cecf":"f.DE17D8135A58A006F007FC4BDD9D0BCA.d.D4D906CEA90A1C5DF9826262B547C05F.e.514","ELEMENT":"f.DE17D8135A58A006F007FC4BDD9D0BCA.d.D4D906CEA90A1C5DF9826262B547C05F.e.514"}]}
COMMAND: GET /session/d0be1974b571f02cd8a78339322ccc2b/screenshot - {}
RESULT: {}
COMMAND: DELETE /session/d0be1974b571f02cd8a78339322ccc2b - {}
RESULT: {}
]]></system-out>
    </testcase>
  </testsuite>
</testsuites>